[2019-06-05 16:11:56,978] multiqc                                            [DEBUG  ]  No MultiQC config found: /usr/local/lib/python3.5/site-packages/multiqc_config.yaml
[2019-06-05 16:11:56,978] multiqc                                            [DEBUG  ]  No MultiQC config found: /data/home/sturner/metagenomics/workflows/.multiqc_config.yaml
[2019-06-05 16:11:56,978] multiqc                                            [DEBUG  ]  No MultiQC config found: multiqc_config.yaml
[2019-06-05 16:11:56,978] multiqc                                            [DEBUG  ]  Command used: /usr/local/bin/multiqc /tmp/SRR606249_subset10_1_reads_trim2.metaspades_quast/ /tmp/SRR606249_subset10_1_reads_trim30.metaspades_quast/ -n /tmp/SRR606249_subset10_1_reads.metaspades_multiqc_report -o /tmp/SRR606249_subset10_1_reads.metaspades_multiqc_report
[2019-06-05 16:11:57,761] multiqc                                            [WARNING]  MultiQC Version v1.7 now available!
[2019-06-05 16:11:57,761] multiqc                                            [INFO   ]  This is MultiQC v1.4
[2019-06-05 16:11:57,761] multiqc                                            [DEBUG  ]  Command     : /usr/local/bin/multiqc /tmp/SRR606249_subset10_1_reads_trim2.metaspades_quast/ /tmp/SRR606249_subset10_1_reads_trim30.metaspades_quast/ -n /tmp/SRR606249_subset10_1_reads.metaspades_multiqc_report -o /tmp/SRR606249_subset10_1_reads.metaspades_multiqc_report
[2019-06-05 16:11:57,761] multiqc                                            [DEBUG  ]  Working dir : /data/home/sturner/metagenomics/workflows
[2019-06-05 16:11:57,761] multiqc                                            [INFO   ]  Template    : default
[2019-06-05 16:11:57,761] multiqc                                            [INFO   ]  Searching '/tmp/SRR606249_subset10_1_reads_trim2.metaspades_quast/'
[2019-06-05 16:11:57,761] multiqc                                            [INFO   ]  Searching '/tmp/SRR606249_subset10_1_reads_trim30.metaspades_quast/'
[2019-06-05 16:11:57,762] multiqc                                            [DEBUG  ]  Analysing modules: afterqc, custom_content, conpair, peddy, methylQA, qualimap, preseq, quast, qorts, rna_seqc, rsem, rseqc, busco, goleft_indexcov, disambiguate, supernova, deeptools, sargasso, verifybamid, homer, macs2, theta2, snpeff, gatk, htseq, bcftools, featureCounts, picard, prokka, samblaster, samtools, bamtools, jellyfish, vcftools, bbmap, bismark, hicexplorer, hicup, salmon, kallisto, slamdunk, star, hisat2, tophat, bowtie2, bowtie1, leehom, adapterRemoval, cutadapt, flexbar, trimmomatic, skewer, sortmerna, biobloomtools, fastq_screen, fastqc, clusterflow, bcl2fastq, interop
[2019-06-05 16:11:57,762] multiqc                                            [DEBUG  ]  Using temporary directory for creating report: /tmp/tmpehmmv_3m
[2019-06-05 16:11:57,809] multiqc                                            [DEBUG  ]  Ignoring directory as matched fn_ignore_dirs: /tmp/SRR606249_subset10_1_reads_trim2.metaspades_quast/icarus_viewers
[2019-06-05 16:11:57,810] multiqc                                            [DEBUG  ]  Ignoring directory as matched fn_ignore_dirs: /tmp/SRR606249_subset10_1_reads_trim30.metaspades_quast/icarus_viewers
[2019-06-05 16:11:57,831] multiqc                                            [DEBUG  ]  Ignoring file as matched an ignore pattern: icarus.html
[2019-06-05 16:11:57,842] multiqc                                            [DEBUG  ]  Ignoring file as matched an ignore pattern: report.html
[2019-06-05 16:11:57,842] multiqc                                            [DEBUG  ]  Ignoring file as matched an ignore pattern: report.pdf
[2019-06-05 16:11:57,857] multiqc                                            [DEBUG  ]  Ignoring file as matched an ignore pattern: SRR606249_subset10_1_reads_trim2.metaspades.contigs_GC_content_plot.pdf
[2019-06-05 16:11:57,858] multiqc                                            [DEBUG  ]  Ignoring file as matched an ignore pattern: coverage_histogram.pdf
[2019-06-05 16:11:57,858] multiqc                                            [DEBUG  ]  Ignoring file as matched an ignore pattern: cumulative_plot.pdf
[2019-06-05 16:11:57,858] multiqc                                            [DEBUG  ]  Ignoring file as matched an ignore pattern: GC_content_plot.pdf
[2019-06-05 16:11:57,858] multiqc                                            [DEBUG  ]  Ignoring file as matched an ignore pattern: SRR606249_subset10_1_reads_trim2-metaspades-contigs_coverage_histogram.pdf
[2019-06-05 16:11:57,858] multiqc                                            [DEBUG  ]  Ignoring file as matched an ignore pattern: Nx_plot.pdf
[2019-06-05 16:11:57,864] multiqc                                            [DEBUG  ]  Ignoring file as matched an ignore pattern: icarus.html
[2019-06-05 16:11:57,875] multiqc                                            [DEBUG  ]  Ignoring file as matched an ignore pattern: report.html
[2019-06-05 16:11:57,875] multiqc                                            [DEBUG  ]  Ignoring file as matched an ignore pattern: report.pdf
[2019-06-05 16:11:57,890] multiqc                                            [DEBUG  ]  Ignoring file as matched an ignore pattern: coverage_histogram.pdf
[2019-06-05 16:11:57,890] multiqc                                            [DEBUG  ]  Ignoring file as matched an ignore pattern: SRR606249_subset10_1_reads_trim30.metaspades.contigs_GC_content_plot.pdf
[2019-06-05 16:11:57,890] multiqc                                            [DEBUG  ]  Ignoring file as matched an ignore pattern: cumulative_plot.pdf
[2019-06-05 16:11:57,891] multiqc                                            [DEBUG  ]  Ignoring file as matched an ignore pattern: GC_content_plot.pdf
[2019-06-05 16:11:57,891] multiqc                                            [DEBUG  ]  Ignoring file as matched an ignore pattern: Nx_plot.pdf
[2019-06-05 16:11:57,891] multiqc                                            [DEBUG  ]  Ignoring file as matched an ignore pattern: SRR606249_subset10_1_reads_trim30-metaspades-contigs_coverage_histogram.pdf
[2019-06-05 16:11:58,246] multiqc                                            [DEBUG  ]  No samples found: afterqc
[2019-06-05 16:11:58,252] multiqc                                            [DEBUG  ]  No samples found: custom_content
[2019-06-05 16:11:58,256] multiqc                                            [DEBUG  ]  No samples found: conpair
[2019-06-05 16:11:58,261] multiqc                                            [DEBUG  ]  No samples found: peddy
[2019-06-05 16:11:58,265] multiqc                                            [DEBUG  ]  No samples found: methylQA
[2019-06-05 16:11:58,270] multiqc                                            [DEBUG  ]  No samples found: qualimap
[2019-06-05 16:11:58,274] multiqc                                            [DEBUG  ]  No samples found: preseq
[2019-06-05 16:11:58,279] multiqc.modules.quast.quast                        [INFO   ]  Found 2 reports
[2019-06-05 16:11:58,302] multiqc                                            [DEBUG  ]  No samples found: qorts
[2019-06-05 16:11:58,310] multiqc                                            [DEBUG  ]  No samples found: rna_seqc
[2019-06-05 16:11:58,313] multiqc                                            [DEBUG  ]  No samples found: rsem
[2019-06-05 16:11:58,319] multiqc                                            [DEBUG  ]  No samples found: rseqc
[2019-06-05 16:11:58,324] multiqc                                            [DEBUG  ]  No samples found: busco
[2019-06-05 16:11:58,328] multiqc                                            [DEBUG  ]  No samples found: goleft_indexcov
[2019-06-05 16:11:58,332] multiqc                                            [DEBUG  ]  No samples found: disambiguate
[2019-06-05 16:11:58,337] multiqc                                            [DEBUG  ]  No samples found: supernova
[2019-06-05 16:11:58,342] multiqc                                            [DEBUG  ]  No samples found: deeptools
[2019-06-05 16:11:58,346] multiqc                                            [DEBUG  ]  No samples found: sargasso
[2019-06-05 16:11:58,352] multiqc                                            [DEBUG  ]  No samples found: verifybamid
[2019-06-05 16:11:58,357] multiqc                                            [DEBUG  ]  No samples found: homer
[2019-06-05 16:11:58,361] multiqc                                            [DEBUG  ]  No samples found: macs2
[2019-06-05 16:11:58,365] multiqc                                            [DEBUG  ]  No samples found: theta2
[2019-06-05 16:11:58,370] multiqc                                            [DEBUG  ]  No samples found: snpeff
[2019-06-05 16:11:58,375] multiqc                                            [DEBUG  ]  No samples found: gatk
[2019-06-05 16:11:58,379] multiqc                                            [DEBUG  ]  No samples found: htseq
[2019-06-05 16:11:58,384] multiqc                                            [DEBUG  ]  No samples found: bcftools
[2019-06-05 16:11:58,388] multiqc                                            [DEBUG  ]  No samples found: featureCounts
[2019-06-05 16:11:58,396] multiqc                                            [DEBUG  ]  No samples found: picard
[2019-06-05 16:11:58,400] multiqc                                            [DEBUG  ]  No samples found: prokka
[2019-06-05 16:11:58,404] multiqc                                            [DEBUG  ]  No samples found: samblaster
[2019-06-05 16:11:58,410] multiqc                                            [DEBUG  ]  No samples found: samtools
[2019-06-05 16:11:58,415] multiqc                                            [DEBUG  ]  No samples found: bamtools
[2019-06-05 16:11:58,419] multiqc                                            [DEBUG  ]  No samples found: jellyfish
[2019-06-05 16:11:58,425] multiqc                                            [DEBUG  ]  No samples found: vcftools
[2019-06-05 16:11:58,432] multiqc                                            [DEBUG  ]  No samples found: bbmap
[2019-06-05 16:11:58,436] multiqc                                            [DEBUG  ]  No samples found: bismark
[2019-06-05 16:11:58,441] multiqc                                            [DEBUG  ]  No samples found: hicexplorer
[2019-06-05 16:11:58,444] multiqc                                            [DEBUG  ]  No samples found: hicup
[2019-06-05 16:11:58,449] multiqc                                            [DEBUG  ]  No samples found: salmon
[2019-06-05 16:11:58,453] multiqc                                            [DEBUG  ]  No samples found: kallisto
[2019-06-05 16:11:58,457] multiqc                                            [DEBUG  ]  No samples found: slamdunk
[2019-06-05 16:11:58,461] multiqc                                            [DEBUG  ]  No samples found: star
[2019-06-05 16:11:58,468] multiqc                                            [DEBUG  ]  No samples found: hisat2
[2019-06-05 16:11:58,472] multiqc                                            [DEBUG  ]  No samples found: tophat
[2019-06-05 16:11:58,476] multiqc                                            [DEBUG  ]  No samples found: bowtie2
[2019-06-05 16:11:58,480] multiqc                                            [DEBUG  ]  No samples found: bowtie1
[2019-06-05 16:11:58,484] multiqc                                            [DEBUG  ]  No samples found: leehom
[2019-06-05 16:11:58,488] multiqc                                            [DEBUG  ]  No samples found: adapterRemoval
[2019-06-05 16:11:58,493] multiqc                                            [DEBUG  ]  No samples found: cutadapt
[2019-06-05 16:11:58,497] multiqc                                            [DEBUG  ]  No samples found: flexbar
[2019-06-05 16:11:58,502] multiqc                                            [DEBUG  ]  No samples found: trimmomatic
[2019-06-05 16:11:58,506] multiqc                                            [DEBUG  ]  No samples found: skewer
[2019-06-05 16:11:58,510] multiqc                                            [DEBUG  ]  No samples found: sortmerna
[2019-06-05 16:11:58,514] multiqc                                            [DEBUG  ]  No samples found: biobloomtools
[2019-06-05 16:11:58,518] multiqc                                            [DEBUG  ]  No samples found: fastq_screen
[2019-06-05 16:11:58,523] multiqc                                            [DEBUG  ]  No samples found: fastqc
[2019-06-05 16:11:58,527] multiqc                                            [DEBUG  ]  No samples found: clusterflow
[2019-06-05 16:11:58,531] multiqc                                            [DEBUG  ]  No samples found: bcl2fastq
[2019-06-05 16:11:58,536] multiqc                                            [DEBUG  ]  No samples found: interop
[2019-06-05 16:11:58,538] multiqc                                            [INFO   ]  Compressing plot data
[2019-06-05 16:11:58,542] multiqc                                            [INFO   ]  Report      : ../../../../../tmp/SRR606249_subset10_1_reads.metaspades_multiqc_report.html
[2019-06-05 16:11:58,542] multiqc                                            [INFO   ]  Data        : ../../../../../tmp/SRR606249_subset10_1_reads.metaspades_multiqc_report_data
[2019-06-05 16:11:58,542] multiqc                                            [DEBUG  ]  Moving data file from '/tmp/tmpehmmv_3m/multiqc_data/multiqc_data.json' to '/tmp/SRR606249_subset10_1_reads.metaspades_multiqc_report_data'
[2019-06-05 16:11:58,542] multiqc                                            [DEBUG  ]  Moving data file from '/tmp/tmpehmmv_3m/multiqc_data/multiqc_general_stats.txt' to '/tmp/SRR606249_subset10_1_reads.metaspades_multiqc_report_data'
[2019-06-05 16:11:58,542] multiqc                                            [DEBUG  ]  Moving data file from '/tmp/tmpehmmv_3m/multiqc_data/multiqc_sources.txt' to '/tmp/SRR606249_subset10_1_reads.metaspades_multiqc_report_data'
[2019-06-05 16:11:58,543] multiqc                                            [DEBUG  ]  Moving data file from '/tmp/tmpehmmv_3m/multiqc_data/multiqc_quast.txt' to '/tmp/SRR606249_subset10_1_reads.metaspades_multiqc_report_data'
[2019-06-05 16:11:58,679] multiqc                                            [INFO   ]  MultiQC complete
