[2019-06-05 16:01:01,774] multiqc                                            [DEBUG  ]  No MultiQC config found: /usr/local/lib/python3.5/site-packages/multiqc_config.yaml
[2019-06-05 16:01:01,774] multiqc                                            [DEBUG  ]  No MultiQC config found: /data/home/sturner/metagenomics/workflows/.multiqc_config.yaml
[2019-06-05 16:01:01,774] multiqc                                            [DEBUG  ]  No MultiQC config found: multiqc_config.yaml
[2019-06-05 16:01:01,774] multiqc                                            [DEBUG  ]  Command used: /usr/local/bin/multiqc /tmp/SRR606249_subset10_1_reads_trim2.megahit_quast/ /tmp/SRR606249_subset10_1_reads_trim30.megahit_quast/ -n /tmp/SRR606249_subset10_1_reads.megahit_multiqc_report -o /tmp/SRR606249_subset10_1_reads.megahit_multiqc_report
[2019-06-05 16:01:03,125] multiqc                                            [WARNING]  MultiQC Version v1.7 now available!
[2019-06-05 16:01:05,205] multiqc                                            [INFO   ]  This is MultiQC v1.4
[2019-06-05 16:01:05,205] multiqc                                            [DEBUG  ]  Command     : /usr/local/bin/multiqc /tmp/SRR606249_subset10_1_reads_trim2.megahit_quast/ /tmp/SRR606249_subset10_1_reads_trim30.megahit_quast/ -n /tmp/SRR606249_subset10_1_reads.megahit_multiqc_report -o /tmp/SRR606249_subset10_1_reads.megahit_multiqc_report
[2019-06-05 16:01:05,205] multiqc                                            [DEBUG  ]  Working dir : /data/home/sturner/metagenomics/workflows
[2019-06-05 16:01:05,205] multiqc                                            [INFO   ]  Template    : default
[2019-06-05 16:01:05,205] multiqc                                            [INFO   ]  Searching '/tmp/SRR606249_subset10_1_reads_trim2.megahit_quast/'
[2019-06-05 16:01:05,205] multiqc                                            [INFO   ]  Searching '/tmp/SRR606249_subset10_1_reads_trim30.megahit_quast/'
[2019-06-05 16:01:05,206] multiqc                                            [DEBUG  ]  Analysing modules: afterqc, custom_content, conpair, peddy, methylQA, qualimap, preseq, quast, qorts, rna_seqc, rsem, rseqc, busco, goleft_indexcov, disambiguate, supernova, deeptools, sargasso, verifybamid, homer, macs2, theta2, snpeff, gatk, htseq, bcftools, featureCounts, picard, prokka, samblaster, samtools, bamtools, jellyfish, vcftools, bbmap, bismark, hicexplorer, hicup, salmon, kallisto, slamdunk, star, hisat2, tophat, bowtie2, bowtie1, leehom, adapterRemoval, cutadapt, flexbar, trimmomatic, skewer, sortmerna, biobloomtools, fastq_screen, fastqc, clusterflow, bcl2fastq, interop
[2019-06-05 16:01:05,206] multiqc                                            [DEBUG  ]  Using temporary directory for creating report: /tmp/tmpfh5qa0uo
[2019-06-05 16:01:05,255] multiqc                                            [DEBUG  ]  Ignoring directory as matched fn_ignore_dirs: /tmp/SRR606249_subset10_1_reads_trim2.megahit_quast/icarus_viewers
[2019-06-05 16:01:05,256] multiqc                                            [DEBUG  ]  Ignoring directory as matched fn_ignore_dirs: /tmp/SRR606249_subset10_1_reads_trim30.megahit_quast/icarus_viewers
[2019-06-05 16:01:05,279] multiqc                                            [DEBUG  ]  Ignoring file as matched an ignore pattern: icarus.html
[2019-06-05 16:01:05,290] multiqc                                            [DEBUG  ]  Ignoring file as matched an ignore pattern: report.html
[2019-06-05 16:01:05,290] multiqc                                            [DEBUG  ]  Ignoring file as matched an ignore pattern: report.pdf
[2019-06-05 16:01:05,306] multiqc                                            [DEBUG  ]  Ignoring file as matched an ignore pattern: SRR606249_subset10_1_reads_trim2.megahit.contigs_GC_content_plot.pdf
[2019-06-05 16:01:05,306] multiqc                                            [DEBUG  ]  Ignoring file as matched an ignore pattern: cumulative_plot.pdf
[2019-06-05 16:01:05,306] multiqc                                            [DEBUG  ]  Ignoring file as matched an ignore pattern: GC_content_plot.pdf
[2019-06-05 16:01:05,306] multiqc                                            [DEBUG  ]  Ignoring file as matched an ignore pattern: Nx_plot.pdf
[2019-06-05 16:01:05,312] multiqc                                            [DEBUG  ]  Ignoring file as matched an ignore pattern: icarus.html
[2019-06-05 16:01:05,323] multiqc                                            [DEBUG  ]  Ignoring file as matched an ignore pattern: report.html
[2019-06-05 16:01:05,323] multiqc                                            [DEBUG  ]  Ignoring file as matched an ignore pattern: report.pdf
[2019-06-05 16:01:05,339] multiqc                                            [DEBUG  ]  Ignoring file as matched an ignore pattern: cumulative_plot.pdf
[2019-06-05 16:01:05,339] multiqc                                            [DEBUG  ]  Ignoring file as matched an ignore pattern: GC_content_plot.pdf
[2019-06-05 16:01:05,339] multiqc                                            [DEBUG  ]  Ignoring file as matched an ignore pattern: Nx_plot.pdf
[2019-06-05 16:01:05,339] multiqc                                            [DEBUG  ]  Ignoring file as matched an ignore pattern: SRR606249_subset10_1_reads_trim30.megahit.contigs_GC_content_plot.pdf
[2019-06-05 16:01:05,700] multiqc                                            [DEBUG  ]  No samples found: afterqc
[2019-06-05 16:01:05,707] multiqc                                            [DEBUG  ]  No samples found: custom_content
[2019-06-05 16:01:05,710] multiqc                                            [DEBUG  ]  No samples found: conpair
[2019-06-05 16:01:05,715] multiqc                                            [DEBUG  ]  No samples found: peddy
[2019-06-05 16:01:05,718] multiqc                                            [DEBUG  ]  No samples found: methylQA
[2019-06-05 16:01:05,724] multiqc                                            [DEBUG  ]  No samples found: qualimap
[2019-06-05 16:01:05,728] multiqc                                            [DEBUG  ]  No samples found: preseq
[2019-06-05 16:01:05,733] multiqc.modules.quast.quast                        [INFO   ]  Found 2 reports
[2019-06-05 16:01:05,753] multiqc                                            [DEBUG  ]  No samples found: qorts
[2019-06-05 16:01:05,757] multiqc                                            [DEBUG  ]  No samples found: rna_seqc
[2019-06-05 16:01:05,761] multiqc                                            [DEBUG  ]  No samples found: rsem
[2019-06-05 16:01:05,767] multiqc                                            [DEBUG  ]  No samples found: rseqc
[2019-06-05 16:01:05,772] multiqc                                            [DEBUG  ]  No samples found: busco
[2019-06-05 16:01:05,776] multiqc                                            [DEBUG  ]  No samples found: goleft_indexcov
[2019-06-05 16:01:05,780] multiqc                                            [DEBUG  ]  No samples found: disambiguate
[2019-06-05 16:01:05,785] multiqc                                            [DEBUG  ]  No samples found: supernova
[2019-06-05 16:01:05,790] multiqc                                            [DEBUG  ]  No samples found: deeptools
[2019-06-05 16:01:05,794] multiqc                                            [DEBUG  ]  No samples found: sargasso
[2019-06-05 16:01:05,799] multiqc                                            [DEBUG  ]  No samples found: verifybamid
[2019-06-05 16:01:05,804] multiqc                                            [DEBUG  ]  No samples found: homer
[2019-06-05 16:01:05,808] multiqc                                            [DEBUG  ]  No samples found: macs2
[2019-06-05 16:01:05,812] multiqc                                            [DEBUG  ]  No samples found: theta2
[2019-06-05 16:01:05,817] multiqc                                            [DEBUG  ]  No samples found: snpeff
[2019-06-05 16:01:05,822] multiqc                                            [DEBUG  ]  No samples found: gatk
[2019-06-05 16:01:05,827] multiqc                                            [DEBUG  ]  No samples found: htseq
[2019-06-05 16:01:05,831] multiqc                                            [DEBUG  ]  No samples found: bcftools
[2019-06-05 16:01:05,836] multiqc                                            [DEBUG  ]  No samples found: featureCounts
[2019-06-05 16:01:05,844] multiqc                                            [DEBUG  ]  No samples found: picard
[2019-06-05 16:01:05,848] multiqc                                            [DEBUG  ]  No samples found: prokka
[2019-06-05 16:01:05,852] multiqc                                            [DEBUG  ]  No samples found: samblaster
[2019-06-05 16:01:05,858] multiqc                                            [DEBUG  ]  No samples found: samtools
[2019-06-05 16:01:05,862] multiqc                                            [DEBUG  ]  No samples found: bamtools
[2019-06-05 16:01:05,867] multiqc                                            [DEBUG  ]  No samples found: jellyfish
[2019-06-05 16:01:05,872] multiqc                                            [DEBUG  ]  No samples found: vcftools
[2019-06-05 16:01:05,880] multiqc                                            [DEBUG  ]  No samples found: bbmap
[2019-06-05 16:01:05,884] multiqc                                            [DEBUG  ]  No samples found: bismark
[2019-06-05 16:01:05,888] multiqc                                            [DEBUG  ]  No samples found: hicexplorer
[2019-06-05 16:01:05,892] multiqc                                            [DEBUG  ]  No samples found: hicup
[2019-06-05 16:01:05,896] multiqc                                            [DEBUG  ]  No samples found: salmon
[2019-06-05 16:01:05,900] multiqc                                            [DEBUG  ]  No samples found: kallisto
[2019-06-05 16:01:05,905] multiqc                                            [DEBUG  ]  No samples found: slamdunk
[2019-06-05 16:01:05,909] multiqc                                            [DEBUG  ]  No samples found: star
[2019-06-05 16:01:05,913] multiqc                                            [DEBUG  ]  No samples found: hisat2
[2019-06-05 16:01:05,917] multiqc                                            [DEBUG  ]  No samples found: tophat
[2019-06-05 16:01:05,921] multiqc                                            [DEBUG  ]  No samples found: bowtie2
[2019-06-05 16:01:05,932] multiqc                                            [DEBUG  ]  No samples found: bowtie1
[2019-06-05 16:01:05,937] multiqc                                            [DEBUG  ]  No samples found: leehom
[2019-06-05 16:01:05,942] multiqc                                            [DEBUG  ]  No samples found: adapterRemoval
[2019-06-05 16:01:05,947] multiqc                                            [DEBUG  ]  No samples found: cutadapt
[2019-06-05 16:01:05,951] multiqc                                            [DEBUG  ]  No samples found: flexbar
[2019-06-05 16:01:05,956] multiqc                                            [DEBUG  ]  No samples found: trimmomatic
[2019-06-05 16:01:05,960] multiqc                                            [DEBUG  ]  No samples found: skewer
[2019-06-05 16:01:05,964] multiqc                                            [DEBUG  ]  No samples found: sortmerna
[2019-06-05 16:01:05,968] multiqc                                            [DEBUG  ]  No samples found: biobloomtools
[2019-06-05 16:01:05,973] multiqc                                            [DEBUG  ]  No samples found: fastq_screen
[2019-06-05 16:01:05,978] multiqc                                            [DEBUG  ]  No samples found: fastqc
[2019-06-05 16:01:05,982] multiqc                                            [DEBUG  ]  No samples found: clusterflow
[2019-06-05 16:01:05,986] multiqc                                            [DEBUG  ]  No samples found: bcl2fastq
[2019-06-05 16:01:05,991] multiqc                                            [DEBUG  ]  No samples found: interop
[2019-06-05 16:01:05,995] multiqc                                            [INFO   ]  Compressing plot data
[2019-06-05 16:01:05,998] multiqc                                            [INFO   ]  Report      : ../../../../../tmp/SRR606249_subset10_1_reads.megahit_multiqc_report.html
[2019-06-05 16:01:05,998] multiqc                                            [INFO   ]  Data        : ../../../../../tmp/SRR606249_subset10_1_reads.megahit_multiqc_report_data
[2019-06-05 16:01:05,999] multiqc                                            [DEBUG  ]  Moving data file from '/tmp/tmpfh5qa0uo/multiqc_data/multiqc_data.json' to '/tmp/SRR606249_subset10_1_reads.megahit_multiqc_report_data'
[2019-06-05 16:01:05,999] multiqc                                            [DEBUG  ]  Moving data file from '/tmp/tmpfh5qa0uo/multiqc_data/multiqc_general_stats.txt' to '/tmp/SRR606249_subset10_1_reads.megahit_multiqc_report_data'
[2019-06-05 16:01:05,999] multiqc                                            [DEBUG  ]  Moving data file from '/tmp/tmpfh5qa0uo/multiqc_data/multiqc_sources.txt' to '/tmp/SRR606249_subset10_1_reads.megahit_multiqc_report_data'
[2019-06-05 16:01:05,999] multiqc                                            [DEBUG  ]  Moving data file from '/tmp/tmpfh5qa0uo/multiqc_data/multiqc_quast.txt' to '/tmp/SRR606249_subset10_1_reads.megahit_multiqc_report_data'
[2019-06-05 16:01:06,130] multiqc                                            [INFO   ]  MultiQC complete
