/usr/local/lib/python2.7/site-packages/quast-4.5-py2.7.egg-info/scripts/quast.py /tmp/SRR606249_subset10_1_reads_trim30.metaspades.contigs.fa -t 4 -o /tmp/SRR606249_subset10_1_reads_trim30.metaspades_quast/

Version: 4.5

System information:
  OS: Linux-3.10.0-957.5.1.el7.x86_64-x86_64-with-glibc2.2.5 (linux_64)
  Python version: 2.7.13
  CPUs number: 72

Started: 2019-06-05 16:11:31

Logging to /tmp/SRR606249_subset10_1_reads_trim30.metaspades_quast/quast.log
NOTICE: Output directory already exists. Existing Nucmer alignments can be used

CWD: /data/home/sturner/metagenomics/workflows
Main parameters: 
  Threads: 4, minimum contig length: 500, ambiguity: one, threshold for extensive misassembly size: 1000

Contigs:
  Pre-processing...
  /tmp/SRR606249_subset10_1_reads_trim30.metaspades.contigs.fa ==> SRR606249_subset10_1_reads_trim30.metaspades.contigs

2019-06-05 16:11:40
Running Basic statistics processor...
  Contig files: 
    SRR606249_subset10_1_reads_trim30.metaspades.contigs
  Calculating N50 and L50...
    SRR606249_subset10_1_reads_trim30.metaspades.contigs, N50 = 2324, L50 = 7609, Total length = 103089334, GC % = 48.77, # N's per 100 kbp =  0.00
  Drawing Nx plot...
    saved to /tmp/SRR606249_subset10_1_reads_trim30.metaspades_quast/basic_stats/Nx_plot.pdf
  Drawing cumulative plot...
    saved to /tmp/SRR606249_subset10_1_reads_trim30.metaspades_quast/basic_stats/cumulative_plot.pdf
  Drawing GC content plot...
    saved to /tmp/SRR606249_subset10_1_reads_trim30.metaspades_quast/basic_stats/GC_content_plot.pdf
  Drawing SRR606249_subset10_1_reads_trim30.metaspades.contigs GC content plot...
    saved to /tmp/SRR606249_subset10_1_reads_trim30.metaspades_quast/basic_stats/SRR606249_subset10_1_reads_trim30.metaspades.contigs_GC_content_plot.pdf
  Drawing Coverage histogram (bin size: 1x)...
    saved to /tmp/SRR606249_subset10_1_reads_trim30.metaspades_quast/basic_stats/coverage_histogram.pdf
  Drawing SRR606249_subset10_1_reads_trim30.metaspades.contigs coverage histogram (bin size: 1x)...
    saved to /tmp/SRR606249_subset10_1_reads_trim30.metaspades_quast/basic_stats/SRR606249_subset10_1_reads_trim30-metaspades-contigs_coverage_histogram.pdf
Done.

NOTICE: Genes are not predicted by default. Use --gene-finding option to enable it.

2019-06-05 16:11:53
Creating large visual summaries...
This may take a while: press Ctrl-C to skip this step..
  1 of 2: Creating Icarus viewers...
  2 of 2: Creating PDF with all tables and plots...
Done

2019-06-05 16:11:55
RESULTS:
  Text versions of total report are saved to /tmp/SRR606249_subset10_1_reads_trim30.metaspades_quast/report.txt, report.tsv, and report.tex
  Text versions of transposed total report are saved to /tmp/SRR606249_subset10_1_reads_trim30.metaspades_quast/transposed_report.txt, transposed_report.tsv, and transposed_report.tex
  HTML version (interactive tables and plots) saved to /tmp/SRR606249_subset10_1_reads_trim30.metaspades_quast/report.html
  PDF version (tables and plots) is saved to /tmp/SRR606249_subset10_1_reads_trim30.metaspades_quast/report.pdf
  Icarus (contig browser) is saved to /tmp/SRR606249_subset10_1_reads_trim30.metaspades_quast/icarus.html
  Log saved to /tmp/SRR606249_subset10_1_reads_trim30.metaspades_quast/quast.log

Finished: 2019-06-05 16:11:55
Elapsed time: 0:00:24.229365
NOTICEs: 2; WARNINGs: 1; non-fatal ERRORs: 0

Thank you for using QUAST!
