06/05/2019 14:20:17 program started
06/05/2019 14:20:17 command line: /usr/local/bin/srst2 --input_pe data/0_1.fq.gz data/0_2.fq.gz --output /tmp/SRR606249_subset10_1_reads_trim2_ResFinder.fasta.srst2 --log --gene_db /tmp/ResFinder.fasta --threads 4 --min_coverage 0
06/05/2019 14:20:17 Total paired readsets found:1
06/05/2019 14:20:17 Building bowtie2 index for /tmp/ResFinder.fasta...
06/05/2019 14:20:17 Running: bowtie2-build /tmp/ResFinder.fasta /tmp/ResFinder.fasta
06/05/2019 14:20:24 Processing database /tmp/ResFinder.fasta
06/05/2019 14:20:24 Running: samtools faidx /tmp/ResFinder.fasta
06/05/2019 14:20:24 Non-unique:375, spc2
06/05/2019 14:20:24 Non-unique:183, sul3
06/05/2019 14:20:24 Non-unique:183, sul3
06/05/2019 14:20:24 Processing sample 0
06/05/2019 14:20:24 Starting mapping with bowtie2
06/05/2019 14:20:24 Output prefix set to: /tmp/SRR606249_subset10_1_reads_trim2_ResFinder.fasta.srst2__0.ResFinder
06/05/2019 14:20:24 Aligning reads to index /tmp/ResFinder.fasta using bowtie2...
06/05/2019 14:20:24 Running: bowtie2 -1 data/0_1.fq.gz -2 data/0_2.fq.gz -S /tmp/SRR606249_subset10_1_reads_trim2_ResFinder.fasta.srst2__0.ResFinder.sam -q --very-sensitive-local --no-unal -a -x /tmp/ResFinder.fasta --threads 4
06/05/2019 14:22:29 Processing Bowtie2 output with SAMtools...
06/05/2019 14:22:29 Generate and sort BAM file...
06/05/2019 14:22:29 Running: samtools view -b -o /tmp/SRR606249_subset10_1_reads_trim2_ResFinder.fasta.srst2__0.ResFinder.unsorted.bam -q 1 -S /tmp/SRR606249_subset10_1_reads_trim2_ResFinder.fasta.srst2__0.ResFinder.sam.mod
06/05/2019 14:22:29 Running: samtools sort /tmp/SRR606249_subset10_1_reads_trim2_ResFinder.fasta.srst2__0.ResFinder.unsorted.bam /tmp/SRR606249_subset10_1_reads_trim2_ResFinder.fasta.srst2__0.ResFinder.sorted
06/05/2019 14:22:29 Deleting sam and bam files that are not longer needed...
06/05/2019 14:22:29 Deleting /tmp/SRR606249_subset10_1_reads_trim2_ResFinder.fasta.srst2__0.ResFinder.sam
06/05/2019 14:22:29 Deleting /tmp/SRR606249_subset10_1_reads_trim2_ResFinder.fasta.srst2__0.ResFinder.sam.mod
06/05/2019 14:22:29 Deleting /tmp/SRR606249_subset10_1_reads_trim2_ResFinder.fasta.srst2__0.ResFinder.unsorted.bam
06/05/2019 14:22:29 Generate pileup...
06/05/2019 14:22:29 Running: samtools mpileup -L 1000 -f /tmp/ResFinder.fasta -Q 20 -q 1 -B /tmp/SRR606249_subset10_1_reads_trim2_ResFinder.fasta.srst2__0.ResFinder.sorted.bam
06/05/2019 14:22:29  Processing SAMtools pileup...
06/05/2019 14:22:29  Scoring alleles...
06/05/2019 14:22:37 Printing verbose gene detection results to /tmp/SRR606249_subset10_1_reads_trim2_ResFinder.fasta.srst2__fullgenes__ResFinder__results.txt
06/05/2019 14:22:37  25 genes identified in 0
06/05/2019 14:22:37  Finished processing for read set 0 ...
06/05/2019 14:22:37 Tabulating results for database /tmp/ResFinder.fasta ...
06/05/2019 14:22:37 Finished processing for database /tmp/ResFinder.fasta ...
06/05/2019 14:22:37 Gene detection output printed to /tmp/SRR606249_subset10_1_reads_trim2_ResFinder.fasta.srst2__genes__ResFinder__results.txt
06/05/2019 14:22:37 SRST2 has finished.
