06/05/2019 14:16:13 program started
06/05/2019 14:16:13 command line: /usr/local/bin/srst2 --input_pe data/0_1.fq.gz data/0_2.fq.gz --output /tmp/SRR606249_subset10_1_reads_trim2_ARGannot.r3.fasta.srst2 --log --gene_db /tmp/ARGannot.r3.fasta --threads 4 --min_coverage 0
06/05/2019 14:16:13 Total paired readsets found:1
06/05/2019 14:16:13 Building bowtie2 index for /tmp/ARGannot.r3.fasta...
06/05/2019 14:16:13 Running: bowtie2-build /tmp/ARGannot.r3.fasta /tmp/ARGannot.r3.fasta
06/05/2019 14:16:31 Processing database /tmp/ARGannot.r3.fasta
06/05/2019 14:16:31 Running: samtools faidx /tmp/ARGannot.r3.fasta
06/05/2019 14:16:31 Non-unique:478, Mcr5_Colistin
06/05/2019 14:16:31 Non-unique:478, Mcr5_Colistin
06/05/2019 14:16:31 Non-unique:479, Mcr6_Colistin
06/05/2019 14:16:31 Non-unique:480, Mcr7_Colistin
06/05/2019 14:16:31 Processing sample 0
06/05/2019 14:16:31 Starting mapping with bowtie2
06/05/2019 14:16:31 Output prefix set to: /tmp/SRR606249_subset10_1_reads_trim2_ARGannot.r3.fasta.srst2__0.ARGannot.r3
06/05/2019 14:16:31 Aligning reads to index /tmp/ARGannot.r3.fasta using bowtie2...
06/05/2019 14:16:31 Running: bowtie2 -1 data/0_1.fq.gz -2 data/0_2.fq.gz -S /tmp/SRR606249_subset10_1_reads_trim2_ARGannot.r3.fasta.srst2__0.ARGannot.r3.sam -q --very-sensitive-local --no-unal -a -x /tmp/ARGannot.r3.fasta --threads 4
06/05/2019 14:20:06 Processing Bowtie2 output with SAMtools...
06/05/2019 14:20:06 Generate and sort BAM file...
06/05/2019 14:20:06 Running: samtools view -b -o /tmp/SRR606249_subset10_1_reads_trim2_ARGannot.r3.fasta.srst2__0.ARGannot.r3.unsorted.bam -q 1 -S /tmp/SRR606249_subset10_1_reads_trim2_ARGannot.r3.fasta.srst2__0.ARGannot.r3.sam.mod
06/05/2019 14:20:06 Running: samtools sort /tmp/SRR606249_subset10_1_reads_trim2_ARGannot.r3.fasta.srst2__0.ARGannot.r3.unsorted.bam /tmp/SRR606249_subset10_1_reads_trim2_ARGannot.r3.fasta.srst2__0.ARGannot.r3.sorted
06/05/2019 14:20:06 Deleting sam and bam files that are not longer needed...
06/05/2019 14:20:06 Deleting /tmp/SRR606249_subset10_1_reads_trim2_ARGannot.r3.fasta.srst2__0.ARGannot.r3.sam
06/05/2019 14:20:06 Deleting /tmp/SRR606249_subset10_1_reads_trim2_ARGannot.r3.fasta.srst2__0.ARGannot.r3.sam.mod
06/05/2019 14:20:06 Deleting /tmp/SRR606249_subset10_1_reads_trim2_ARGannot.r3.fasta.srst2__0.ARGannot.r3.unsorted.bam
06/05/2019 14:20:06 Generate pileup...
06/05/2019 14:20:06 Running: samtools mpileup -L 1000 -f /tmp/ARGannot.r3.fasta -Q 20 -q 1 -B /tmp/SRR606249_subset10_1_reads_trim2_ARGannot.r3.fasta.srst2__0.ARGannot.r3.sorted.bam
06/05/2019 14:20:06  Processing SAMtools pileup...
06/05/2019 14:20:06  Scoring alleles...
06/05/2019 14:20:14 Printing verbose gene detection results to /tmp/SRR606249_subset10_1_reads_trim2_ARGannot.r3.fasta.srst2__fullgenes__ARGannot.r3__results.txt
06/05/2019 14:20:14  17 genes identified in 0
06/05/2019 14:20:14  Finished processing for read set 0 ...
06/05/2019 14:20:14 Tabulating results for database /tmp/ARGannot.r3.fasta ...
06/05/2019 14:20:14 Finished processing for database /tmp/ARGannot.r3.fasta ...
06/05/2019 14:20:14 Gene detection output printed to /tmp/SRR606249_subset10_1_reads_trim2_ARGannot.r3.fasta.srst2__genes__ARGannot.r3__results.txt
06/05/2019 14:20:14 SRST2 has finished.
