MEGAHIT v1.1.2
--- [Thu Mar 28 16:25:01 2019] Start assembly. Number of CPU threads 1 ---
--- [Thu Mar 28 16:25:01 2019] Available memory: 67538898944, used: 60785009049
--- [Thu Mar 28 16:25:01 2019] Converting reads to binaries ---
/usr/local/bin/megahit_asm_core buildlib //tmp/SRR606249_subset10_trim2.megahit/tmp/reads.lib //tmp/SRR606249_subset10_trim2.megahit/tmp/reads.lib
b'    [read_lib_functions-inl.h  : 209]     Lib 0 (/tmp/SRR606249_subset10_trim2_1.fq.gz,/tmp/SRR606249_subset10_trim2_2.fq.gz): pe, 10674126 reads, 101 max length'
b'    [utils.h                   : 126]     Real: 15.9007\tuser: 9.8135\tsys: 1.0808\tmaxrss: 156168'
--- [Thu Mar 28 16:25:17 2019] k-max reset to: 119 ---
--- [Thu Mar 28 16:25:17 2019] k list: 21,29,39,59,79,99,119 ---
--- [Thu Mar 28 16:25:17 2019] Extracting solid (k+1)-mers for k = 21 ---
cmd: /usr/local/bin/megahit_sdbg_build count -k 21 -m 2 --host_mem 60785009049 --mem_flag 1 --gpu_mem 0 --output_prefix //tmp/SRR606249_subset10_trim2.megahit/tmp/k21/21 --num_cpu_threads 1 --num_output_threads 1 --read_lib_file //tmp/SRR606249_subset10_trim2.megahit/tmp/reads.lib
b'    [sdbg_builder.cpp          : 112]     Host memory to be used: 60785009049'
b'    [sdbg_builder.cpp          : 113]     Number CPU threads: 1'
b'    [cx1.h                     : 450]     Preparing data...'
b'    [read_lib_functions-inl.h  : 256]     Before reading, sizeof seq_package: 354014304'
b'    [read_lib_functions-inl.h  : 260]     After reading, sizeof seq_package: 354014304'
b'    [cx1_kmer_count.cpp        : 136]     10674126 reads, 101 max read length'
b'    [cx1.h                     : 457]     Preparing data... Done. Time elapsed: 1.7405'
b'    [cx1.h                     : 464]     Preparing partitions and initialing global data...'
b'    [cx1_kmer_count.cpp        : 227]     2 words per substring, 2 words per edge'
b'    [cx1_kmer_count.cpp        : 322]     Set: 457667416, 60397582037'
b'    [cx1_kmer_count.cpp        : 356]     113410300, 167759 457667416 60397582037'
b'    [cx1_kmer_count.cpp        : 363]     Memory for reads: 362408744'
b'    [cx1_kmer_count.cpp        : 364]     max # lv.1 items = 113410300'
b'    [cx1.h                     : 480]     Preparing partitions and initialing global data... Done. Time elapsed: 13.9374'
b'    [cx1.h                     : 486]     Start main loop...'
b'    [cx1.h                     : 515]     Lv1 scanning from bucket 0 to 2237'
b'    [cx1.h                     : 528]     Lv1 scanning done. Large diff: 0. Time elapsed: 15.4093'
b'    [cx1.h                     : 594]     Lv1 fetching & sorting done. Time elapsed: 38.5883'
b'    [cx1.h                     : 515]     Lv1 scanning from bucket 2237 to 5736'
b'    [cx1.h                     : 528]     Lv1 scanning done. Large diff: 0. Time elapsed: 15.6499'
b'    [cx1.h                     : 594]     Lv1 fetching & sorting done. Time elapsed: 40.2128'
b'    [cx1.h                     : 515]     Lv1 scanning from bucket 5736 to 10234'
b'    [cx1.h                     : 528]     Lv1 scanning done. Large diff: 0. Time elapsed: 15.9053'
b'    [cx1.h                     : 594]     Lv1 fetching & sorting done. Time elapsed: 40.8245'
b'    [cx1.h                     : 515]     Lv1 scanning from bucket 10234 to 15861'
b'    [cx1.h                     : 528]     Lv1 scanning done. Large diff: 0. Time elapsed: 16.1607'
b'    [cx1.h                     : 594]     Lv1 fetching & sorting done. Time elapsed: 41.4319'
b'    [cx1.h                     : 515]     Lv1 scanning from bucket 15861 to 22948'
b'    [cx1.h                     : 528]     Lv1 scanning done. Large diff: 0. Time elapsed: 16.5164'
b'    [cx1.h                     : 594]     Lv1 fetching & sorting done. Time elapsed: 41.9257'
b'    [cx1.h                     : 515]     Lv1 scanning from bucket 22948 to 32353'
b'    [cx1.h                     : 528]     Lv1 scanning done. Large diff: 0. Time elapsed: 16.8543'
b'    [cx1.h                     : 594]     Lv1 fetching & sorting done. Time elapsed: 41.9559'
b'    [cx1.h                     : 515]     Lv1 scanning from bucket 32353 to 47017'
b'    [cx1.h                     : 528]     Lv1 scanning done. Large diff: 0. Time elapsed: 17.2818'
b'    [cx1.h                     : 594]     Lv1 fetching & sorting done. Time elapsed: 41.5527'
b'    [cx1.h                     : 515]     Lv1 scanning from bucket 47017 to 65536'
b'    [cx1.h                     : 528]     Lv1 scanning done. Large diff: 0. Time elapsed: 15.1110'
b'    [cx1.h                     : 594]     Lv1 fetching & sorting done. Time elapsed: 18.4007'
b'    [cx1.h                     : 607]     Main loop done. Time elapsed: 433.7818'
b'    [cx1.h                     : 613]     Postprocessing...'
b'    [cx1_kmer_count.cpp        : 860]     Total number of candidate reads: 513002(966609)'
b'    [cx1_kmer_count.cpp        : 871]     Total number of solid edges: 138697230'
b'    [cx1.h                     : 621]     Postprocess done. Time elapsed: 0.2825'
b'    [utils.h                   : 126]     Real: 449.7463\tuser: 447.7769\tsys: 1.8257\tmaxrss: 891236'
--- [Thu Mar 28 16:32:47 2019] Building graph for k = 21 ---
/usr/local/bin/megahit_sdbg_build seq2sdbg --host_mem 60785009049 --mem_flag 1 --gpu_mem 0 --output_prefix //tmp/SRR606249_subset10_trim2.megahit/tmp/k21/21 --num_cpu_threads 1 -k 21 --kmer_from 0 --num_edge_files 1 --input_prefix //tmp/SRR606249_subset10_trim2.megahit/tmp/k21/21 --need_mercy
b'    [sdbg_builder.cpp          : 339]     Host memory to be used: 60785009049'
b'    [sdbg_builder.cpp          : 340]     Number CPU threads: 1'
b'    [cx1.h                     : 450]     Preparing data...'
b'    [cx1_seq2sdbg.cpp          : 394]     Number edges: 138697230'
b'    [cx1_seq2sdbg.cpp          : 434]     Bases to reserve: 3814173814, number contigs: 0, number multiplicity: 173371537'
b'    [cx1_seq2sdbg.cpp          : 440]     Before reading, sizeof seq_package: 953543464, multiplicity vector: 173371537'
b'    [cx1_seq2sdbg.cpp          : 455]     Adding mercy edges...'
b'    [cx1_seq2sdbg.cpp          : 373]     Number of reads: 513002, Number of mercy edges: 8540633'
b'    [cx1_seq2sdbg.cpp          : 462]     Done. Time elapsed: 32.7886'
b'    [cx1_seq2sdbg.cpp          : 529]     After reading, sizeof seq_package: 953543464, multiplicity vector: 173371537'
b'    [cx1.h                     : 457]     Preparing data... Done. Time elapsed: 35.9969'
b'    [cx1.h                     : 464]     Preparing partitions and initialing global data...'
b'    [cx1_seq2sdbg.cpp          : 740]     Memory for sequence: 1273325726'
b'    [cx1_seq2sdbg.cpp          : 741]     max # lv.1 items = 117790290'
b'    [cx1.h                     : 480]     Preparing partitions and initialing global data... Done. Time elapsed: 9.0424'
b'    [cx1.h                     : 486]     Start main loop...'
b'    [cx1.h                     : 515]     Lv1 scanning from bucket 0 to 3345'
b'    [cx1.h                     : 528]     Lv1 scanning done. Large diff: 0. Time elapsed: 9.2120'
b'    [cx1.h                     : 594]     Lv1 fetching & sorting done. Time elapsed: 19.5055'
b'    [cx1.h                     : 515]     Lv1 scanning from bucket 3345 to 8339'
b'    [cx1.h                     : 528]     Lv1 scanning done. Large diff: 0. Time elapsed: 9.5534'
b'    [cx1.h                     : 594]     Lv1 fetching & sorting done. Time elapsed: 19.9597'
b'    [cx1.h                     : 515]     Lv1 scanning from bucket 8339 to 14477'
b'    [cx1.h                     : 528]     Lv1 scanning done. Large diff: 0. Time elapsed: 9.7112'
b'    [cx1.h                     : 594]     Lv1 fetching & sorting done. Time elapsed: 20.3281'
b'    [cx1.h                     : 515]     Lv1 scanning from bucket 14477 to 21761'
b'    [cx1.h                     : 528]     Lv1 scanning done. Large diff: 0. Time elapsed: 9.8361'
b'    [cx1.h                     : 594]     Lv1 fetching & sorting done. Time elapsed: 20.7047'
b'    [cx1.h                     : 515]     Lv1 scanning from bucket 21761 to 30392'
b'    [cx1.h                     : 528]     Lv1 scanning done. Large diff: 0. Time elapsed: 9.9789'
b'    [cx1.h                     : 594]     Lv1 fetching & sorting done. Time elapsed: 20.9784'
b'    [cx1.h                     : 515]     Lv1 scanning from bucket 30392 to 40824'
b'    [cx1.h                     : 528]     Lv1 scanning done. Large diff: 0. Time elapsed: 10.0827'
b'    [cx1.h                     : 594]     Lv1 fetching & sorting done. Time elapsed: 21.1960'
b'    [cx1.h                     : 515]     Lv1 scanning from bucket 40824 to 54497'
b'    [cx1.h                     : 528]     Lv1 scanning done. Large diff: 0. Time elapsed: 10.1995'
b'    [cx1.h                     : 594]     Lv1 fetching & sorting done. Time elapsed: 21.1849'
b'    [cx1.h                     : 515]     Lv1 scanning from bucket 54497 to 65536'
b'    [cx1.h                     : 528]     Lv1 scanning done. Large diff: 0. Time elapsed: 9.0569'
b'    [cx1.h                     : 594]     Lv1 fetching & sorting done. Time elapsed: 9.9607'
b'    [cx1.h                     : 607]     Main loop done. Time elapsed: 231.4491'
b'    [cx1.h                     : 613]     Postprocessing...'
b'    [cx1_seq2sdbg.cpp          :1139]     Number of $ A C G T A- C- G- T-:'
b'    [cx1_seq2sdbg.cpp          :1142]     711384 73243447 74038086 74182160 73251515 104561 130428 132876 103390'
b'    [cx1_seq2sdbg.cpp          :1151]     Total number of edges: 295897847'
b'    [cx1_seq2sdbg.cpp          :1152]     Total number of ONEs: 294715208'
b'    [cx1_seq2sdbg.cpp          :1153]     Total number of $v edges: 711384'
b'    [cx1.h                     : 621]     Postprocess done. Time elapsed: 0.0279'
b'    [utils.h                   : 126]     Real: 276.5194\tuser: 274.3573\tsys: 2.0767\tmaxrss: 2355208'
--- [Thu Mar 28 16:37:24 2019] Assembling contigs from SdBG for k = 21 ---
cmd: /usr/local/bin/megahit_asm_core assemble -s //tmp/SRR606249_subset10_trim2.megahit/tmp/k21/21 -o //tmp/SRR606249_subset10_trim2.megahit/intermediate_contigs/k21 -t 1 --min_standalone 300.0 --prune_level 2 --merge_len 20 --merge_similar 0.95 --low_local_ratio 0.2 --min_depth 2 --bubble_level 2 --max_tip_len -1 --careful_bubble
b'    [assembler.cpp             : 148]     Loading succinct de Bruijn graph: //tmp/SRR606249_subset10_trim2.megahit/tmp/k21/21 Done. Time elapsed: 3.280440'
b'    [assembler.cpp             : 152]     Number of Edges: 295897847; K value: 21'
b'    [assembler.cpp             : 162]     Number of CPU threads: 1'
b'    [assembly_algorithms.cpp   : 162]     Removing tips with length less than 2; Accumulated tips removed: 12118; time elapsed: 21.6371'
b'    [assembly_algorithms.cpp   : 162]     Removing tips with length less than 4; Accumulated tips removed: 36852; time elapsed: 23.4753'
b'    [assembly_algorithms.cpp   : 162]     Removing tips with length less than 8; Accumulated tips removed: 69270; time elapsed: 27.2204'
b'    [assembly_algorithms.cpp   : 162]     Removing tips with length less than 16; Accumulated tips removed: 121087; time elapsed: 34.8454'
b'    [assembly_algorithms.cpp   : 162]     Removing tips with length less than 32; Accumulated tips removed: 185651; time elapsed: 48.2563'
b'    [assembly_algorithms.cpp   : 170]     Removing tips with length less than 42; Accumulated tips removed: 216669; time elapsed: 55.4653'
b'    [assembler.cpp             : 179]     Tips removal done! Time elapsed(sec): 210.910326'
b'    [assembler.cpp             : 188]     unitig graph size: 844087, time for building: 316.563554'
b'    [assembler.cpp             : 211]     Number of bubbles removed: 92448, Time elapsed(sec): 23.910735'
b'    [assembler.cpp             : 225]     Number of complex bubbles removed: 20309, Time elapsed(sec): 13.919986'
b'    [assembler.cpp             : 243]     Number unitigs disconnected: 15590, time: 1.335911'
b'    [assembler.cpp             : 265]     Unitigs removed in excessive pruning: 72, time: 0.860479'
b'    [assembler.cpp             : 200]     Tips removed: 255, time: 3.746827'
b'    [assembler.cpp             : 211]     Number of bubbles removed: 61, Time elapsed(sec): 1.325712'
b'    [assembler.cpp             : 225]     Number of complex bubbles removed: 110, Time elapsed(sec): 7.889036'
b'    [assembler.cpp             : 243]     Number unitigs disconnected: 749, time: 1.285114'
b'    [assembler.cpp             : 265]     Unitigs removed in excessive pruning: 1, time: 0.862099'
b'    [assembler.cpp             : 200]     Tips removed: 446, time: 3.763146'
b'    [assembler.cpp             : 211]     Number of bubbles removed: 46, Time elapsed(sec): 1.327586'
b'    [assembler.cpp             : 225]     Number of complex bubbles removed: 8, Time elapsed(sec): 7.978728'
b'    [assembler.cpp             : 243]     Number unitigs disconnected: 8, time: 1.279710'
b'    [assembler.cpp             : 265]     Unitigs removed in excessive pruning: 0, time: 0.183431'
b'    [assembler.cpp             : 200]     Tips removed: 0, time: 3.729537'
b'    [assembler.cpp             : 211]     Number of bubbles removed: 0, Time elapsed(sec): 1.309303'
b'    [assembler.cpp             : 225]     Number of complex bubbles removed: 0, Time elapsed(sec): 7.879403'
b'    [assembler.cpp             : 243]     Number unitigs disconnected: 1, time: 1.307641'
b'    [assembler.cpp             : 265]     Unitigs removed in excessive pruning: 0, time: 0.182582'
b'    [assembler.cpp             : 200]     Tips removed: 0, time: 3.724368'
b'    [assembler.cpp             : 211]     Number of bubbles removed: 0, Time elapsed(sec): 1.331969'
b'    [assembler.cpp             : 225]     Number of complex bubbles removed: 0, Time elapsed(sec): 7.842289'
b'    [assembler.cpp             : 243]     Number unitigs disconnected: 0, time: 1.301232'
b'    [assembler.cpp             : 265]     Unitigs removed in excessive pruning: 0, time: 0.182671'
b'    [assembler.cpp             : 132]     Total length: 157249370, N50: 541, Mean: 246, number of contigs: 638617'
b'    [assembler.cpp             : 133]     Maximum length: 24280'
b'    [assembler.cpp             : 290]     Time to output: 107.771033'
b'    [assembler.cpp             : 317]     Number of local low depth unitigs removed: 3375, complex bubbles removed: 247, time: 34.042494'
b'    [assembler.cpp             : 132]     Total length: 96432933, N50: 778, Mean: 242, number of contigs: 397244'
b'    [assembler.cpp             : 133]     Maximum length: 26376'
b'    [utils.h                   : 126]     Real: 835.2497\tuser: 834.1542\tsys: 0.9279\tmaxrss: 682768'
--- [Thu Mar 28 16:51:19 2019] Local assembling k = 21 ---
cmd: /usr/local/bin/megahit_asm_core local -c //tmp/SRR606249_subset10_trim2.megahit/intermediate_contigs/k21.contigs.fa -l //tmp/SRR606249_subset10_trim2.megahit/tmp/reads.lib -t 1 -o //tmp/SRR606249_subset10_trim2.megahit/intermediate_contigs/k21.local.fa --kmax 29
b'    [local_assembler.cpp       :  89]     Number of contigs: 199760, Mapper size: 14671902'
b'    [read_lib_functions-inl.h  : 256]     Before reading, sizeof seq_package: 354014304'
b'    [read_lib_functions-inl.h  : 260]     After reading, sizeof seq_package: 354014304'
b'    [local_assembler.cpp       : 330]     Lib 0, insert size: 205.09 sd: 29.62'
b'    [local_assembler.cpp       : 462]     Lib 0: total 10674126 reads, aligned 8526001, added 1306641 reads for local assembly'
b'    [utils.h                   : 126]     Real: 430.2716\tuser: 429.6017\tsys: 0.5939\tmaxrss: 1059900'
--- [Thu Mar 28 16:58:29 2019] Extracting iterative edges from k = 21 to 29 ---
cmd: /usr/local/bin/megahit_asm_core iterate -c //tmp/SRR606249_subset10_trim2.megahit/intermediate_contigs/k21.contigs.fa -b //tmp/SRR606249_subset10_trim2.megahit/intermediate_contigs/k21.bubble_seq.fa -t 1 -k 21 -s 8 -o //tmp/SRR606249_subset10_trim2.megahit/tmp/k29/29 -r //tmp/SRR606249_subset10_trim2.megahit/tmp/reads.lib.bin -f binary
b'    [iterate_edges.cpp         : 570]     Number of crusial kmers: 327608'
b'    [iterate_edges.cpp         : 570]     Number of crusial kmers: 1058948'
b'    [iterate_edges.cpp         : 447]     Total: 10674126, aligned: 2040443. Iterative edges: 4699614'
b'    [iterate_edges.cpp         : 451]     Writing iterative edges...'
b'    [utils.h                   : 126]     Real: 204.8787\tuser: 205.0288\tsys: 0.4049\tmaxrss: 439432'
--- [Thu Mar 28 17:01:54 2019] Building graph for k = 29 ---
/usr/local/bin/megahit_sdbg_build seq2sdbg --host_mem 60785009049 --mem_flag 1 --gpu_mem 0 --output_prefix //tmp/SRR606249_subset10_trim2.megahit/tmp/k29/29 --num_cpu_threads 1 -k 29 --kmer_from 21 --num_edge_files 1 --input_prefix //tmp/SRR606249_subset10_trim2.megahit/tmp/k29/29 --addi_contig //tmp/SRR606249_subset10_trim2.megahit/intermediate_contigs/k21.addi.fa --local_contig //tmp/SRR606249_subset10_trim2.megahit/intermediate_contigs/k21.local.fa --contig //tmp/SRR606249_subset10_trim2.megahit/intermediate_contigs/k21.contigs.fa --bubble //tmp/SRR606249_subset10_trim2.megahit/intermediate_contigs/k21.bubble_seq.fa
b'    [sdbg_builder.cpp          : 339]     Host memory to be used: 60785009049'
b'    [sdbg_builder.cpp          : 340]     Number CPU threads: 1'
b'    [cx1.h                     : 450]     Preparing data...'
b'    [cx1_seq2sdbg.cpp          : 394]     Number edges: 4699614'
b'    [cx1_seq2sdbg.cpp          : 434]     Bases to reserve: 435318668, number contigs: 1294723, number multiplicity: 5994337'
b'    [cx1_seq2sdbg.cpp          : 440]     Before reading, sizeof seq_package: 119187460, multiplicity vector: 5994337'
b'    [cx1_seq2sdbg.cpp          : 529]     After reading, sizeof seq_package: 119187460, multiplicity vector: 5994337'
b'    [cx1.h                     : 457]     Preparing data... Done. Time elapsed: 1.2442'
b'    [cx1.h                     : 464]     Preparing partitions and initialing global data...'
b'    [cx1_seq2sdbg.cpp          : 740]     Memory for sequence: 133702104'
b'    [cx1_seq2sdbg.cpp          : 741]     max # lv.1 items = 64982198'
b'    [cx1.h                     : 480]     Preparing partitions and initialing global data... Done. Time elapsed: 2.9583'
b'    [cx1.h                     : 486]     Start main loop...'
b'    [cx1.h                     : 515]     Lv1 scanning from bucket 0 to 3310'
b'    [cx1.h                     : 528]     Lv1 scanning done. Large diff: 0. Time elapsed: 3.2765'
b'    [cx1.h                     : 594]     Lv1 fetching & sorting done. Time elapsed: 17.3300'
b'    [cx1.h                     : 515]     Lv1 scanning from bucket 3310 to 8244'
b'    [cx1.h                     : 528]     Lv1 scanning done. Large diff: 0. Time elapsed: 3.6128'
b'    [cx1.h                     : 594]     Lv1 fetching & sorting done. Time elapsed: 18.4854'
b'    [cx1.h                     : 515]     Lv1 scanning from bucket 8244 to 14318'
b'    [cx1.h                     : 528]     Lv1 scanning done. Large diff: 0. Time elapsed: 3.8277'
b'    [cx1.h                     : 594]     Lv1 fetching & sorting done. Time elapsed: 18.4919'
b'    [cx1.h                     : 515]     Lv1 scanning from bucket 14318 to 21547'
b'    [cx1.h                     : 528]     Lv1 scanning done. Large diff: 0. Time elapsed: 3.9251'
b'    [cx1.h                     : 594]     Lv1 fetching & sorting done. Time elapsed: 18.6534'
b'    [cx1.h                     : 515]     Lv1 scanning from bucket 21547 to 30143'
b'    [cx1.h                     : 528]     Lv1 scanning done. Large diff: 0. Time elapsed: 4.0587'
b'    [cx1.h                     : 594]     Lv1 fetching & sorting done. Time elapsed: 18.9186'
b'    [cx1.h                     : 515]     Lv1 scanning from bucket 30143 to 40584'
b'    [cx1.h                     : 528]     Lv1 scanning done. Large diff: 0. Time elapsed: 4.1577'
b'    [cx1.h                     : 594]     Lv1 fetching & sorting done. Time elapsed: 19.0276'
b'    [cx1.h                     : 515]     Lv1 scanning from bucket 40584 to 54362'
b'    [cx1.h                     : 528]     Lv1 scanning done. Large diff: 0. Time elapsed: 4.1643'
b'    [cx1.h                     : 594]     Lv1 fetching & sorting done. Time elapsed: 18.8569'
b'    [cx1.h                     : 515]     Lv1 scanning from bucket 54362 to 65536'
b'    [cx1.h                     : 528]     Lv1 scanning done. Large diff: 0. Time elapsed: 2.8966'
b'    [cx1.h                     : 594]     Lv1 fetching & sorting done. Time elapsed: 8.7544'
b'    [cx1.h                     : 607]     Main loop done. Time elapsed: 168.4382'
b'    [cx1.h                     : 613]     Postprocessing...'
b'    [cx1_seq2sdbg.cpp          :1139]     Number of $ A C G T A- C- G- T-:'
b'    [cx1_seq2sdbg.cpp          :1142]     605578 72674230 73327085 73485732 72656005 57170 62909 53058 60320'
b'    [cx1_seq2sdbg.cpp          :1151]     Total number of edges: 292982087'
b'    [cx1_seq2sdbg.cpp          :1152]     Total number of ONEs: 292143052'
b'    [cx1_seq2sdbg.cpp          :1153]     Total number of $v edges: 605578'
b'    [cx1.h                     : 621]     Postprocess done. Time elapsed: 0.0277'
b'    [utils.h                   : 126]     Real: 172.6694\tuser: 171.6709\tsys: 0.9329\tmaxrss: 388668'
--- [Thu Mar 28 17:04:47 2019] Assembling contigs from SdBG for k = 29 ---
cmd: /usr/local/bin/megahit_asm_core assemble -s //tmp/SRR606249_subset10_trim2.megahit/tmp/k29/29 -o //tmp/SRR606249_subset10_trim2.megahit/intermediate_contigs/k29 -t 1 --min_standalone 300.0 --prune_level 2 --merge_len 20 --merge_similar 0.95 --low_local_ratio 0.2 --min_depth 2 --bubble_level 2 --max_tip_len -1 --careful_bubble
b'    [assembler.cpp             : 148]     Loading succinct de Bruijn graph: //tmp/SRR606249_subset10_trim2.megahit/tmp/k29/29 Done. Time elapsed: 3.256807'
b'    [assembler.cpp             : 152]     Number of Edges: 292982087; K value: 29'
b'    [assembler.cpp             : 162]     Number of CPU threads: 1'
b'    [assembly_algorithms.cpp   : 162]     Removing tips with length less than 2; Accumulated tips removed: 3584; time elapsed: 21.2589'
b'    [assembly_algorithms.cpp   : 162]     Removing tips with length less than 4; Accumulated tips removed: 9735; time elapsed: 22.9028'
b'    [assembly_algorithms.cpp   : 162]     Removing tips with length less than 8; Accumulated tips removed: 16449; time elapsed: 26.1916'
b'    [assembly_algorithms.cpp   : 162]     Removing tips with length less than 16; Accumulated tips removed: 25081; time elapsed: 33.1892'
b'    [assembly_algorithms.cpp   : 162]     Removing tips with length less than 32; Accumulated tips removed: 61239; time elapsed: 46.3878'
b'    [assembly_algorithms.cpp   : 170]     Removing tips with length less than 58; Accumulated tips removed: 143008; time elapsed: 64.1928'
b'    [assembler.cpp             : 179]     Tips removal done! Time elapsed(sec): 214.133864'
b'    [assembler.cpp             : 188]     unitig graph size: 540181, time for building: 300.550447'
b'    [assembler.cpp             : 211]     Number of bubbles removed: 66917, Time elapsed(sec): 37.621423'
b'    [assembler.cpp             : 225]     Number of complex bubbles removed: 21892, Time elapsed(sec): 14.739718'
b'    [assembler.cpp             : 243]     Number unitigs disconnected: 3677, time: 0.740623'
b'    [assembler.cpp             : 265]     Unitigs removed in excessive pruning: 239, time: 0.479948'
b'    [assembler.cpp             : 200]     Tips removed: 241, time: 2.068408'
b'    [assembler.cpp             : 211]     Number of bubbles removed: 78, Time elapsed(sec): 0.919427'
b'    [assembler.cpp             : 225]     Number of complex bubbles removed: 110, Time elapsed(sec): 4.633849'
b'    [assembler.cpp             : 243]     Number unitigs disconnected: 167, time: 0.727930'
b'    [assembler.cpp             : 265]     Unitigs removed in excessive pruning: 1, time: 0.471352'
b'    [assembler.cpp             : 200]     Tips removed: 51, time: 2.044697'
b'    [assembler.cpp             : 211]     Number of bubbles removed: 6, Time elapsed(sec): 0.729398'
b'    [assembler.cpp             : 225]     Number of complex bubbles removed: 20, Time elapsed(sec): 4.567832'
b'    [assembler.cpp             : 243]     Number unitigs disconnected: 1, time: 0.725507'
b'    [assembler.cpp             : 265]     Unitigs removed in excessive pruning: 0, time: 0.073799'
b'    [assembler.cpp             : 200]     Tips removed: 0, time: 2.044906'
b'    [assembler.cpp             : 211]     Number of bubbles removed: 0, Time elapsed(sec): 0.735534'
b'    [assembler.cpp             : 225]     Number of complex bubbles removed: 0, Time elapsed(sec): 4.512803'
b'    [assembler.cpp             : 243]     Number unitigs disconnected: 1, time: 0.740159'
b'    [assembler.cpp             : 265]     Unitigs removed in excessive pruning: 0, time: 0.079512'
b'    [assembler.cpp             : 200]     Tips removed: 0, time: 2.069530'
b'    [assembler.cpp             : 211]     Number of bubbles removed: 0, Time elapsed(sec): 0.716059'
b'    [assembler.cpp             : 225]     Number of complex bubbles removed: 0, Time elapsed(sec): 4.531542'
b'    [assembler.cpp             : 243]     Number unitigs disconnected: 0, time: 0.726309'
b'    [assembler.cpp             : 265]     Unitigs removed in excessive pruning: 0, time: 0.074713'
b'    [assembler.cpp             : 132]     Total length: 152341575, N50: 909, Mean: 407, number of contigs: 374075'
b'    [assembler.cpp             : 133]     Maximum length: 76563'
b'    [assembler.cpp             : 290]     Time to output: 104.011679'
b'    [assembler.cpp             : 317]     Number of local low depth unitigs removed: 1259, complex bubbles removed: 232, time: 16.070742'
b'    [assembler.cpp             : 132]     Total length: 61280066, N50: 2505, Mean: 441, number of contigs: 138760'
b'    [assembler.cpp             : 133]     Maximum length: 76563'
b'    [utils.h                   : 126]     Real: 765.8749\tuser: 764.7227\tsys: 0.9849\tmaxrss: 676932'
--- [Thu Mar 28 17:17:33 2019] Local assembling k = 29 ---
cmd: /usr/local/bin/megahit_asm_core local -c //tmp/SRR606249_subset10_trim2.megahit/intermediate_contigs/k29.contigs.fa -l //tmp/SRR606249_subset10_trim2.megahit/tmp/reads.lib -t 1 -o //tmp/SRR606249_subset10_trim2.megahit/intermediate_contigs/k29.local.fa --kmax 39
b'    [local_assembler.cpp       :  89]     Number of contigs: 165003, Mapper size: 15887317'
b'    [read_lib_functions-inl.h  : 256]     Before reading, sizeof seq_package: 354014304'
b'    [read_lib_functions-inl.h  : 260]     After reading, sizeof seq_package: 354014304'
b'    [local_assembler.cpp       : 330]     Lib 0, insert size: 205.94 sd: 29.56'
b'    [local_assembler.cpp       : 462]     Lib 0: total 10674126 reads, aligned 9221155, added 784043 reads for local assembly'
b'    [utils.h                   : 126]     Real: 375.4808\tuser: 374.9120\tsys: 0.5029\tmaxrss: 1043032'
--- [Thu Mar 28 17:23:48 2019] Extracting iterative edges from k = 29 to 39 ---
cmd: /usr/local/bin/megahit_asm_core iterate -c //tmp/SRR606249_subset10_trim2.megahit/intermediate_contigs/k29.contigs.fa -b //tmp/SRR606249_subset10_trim2.megahit/intermediate_contigs/k29.bubble_seq.fa -t 1 -k 29 -s 10 -o //tmp/SRR606249_subset10_trim2.megahit/tmp/k39/39 -r //tmp/SRR606249_subset10_trim2.megahit/tmp/reads.lib.bin -f binary
b'    [iterate_edges.cpp         : 570]     Number of crusial kmers: 262672'
b'    [iterate_edges.cpp         : 570]     Number of crusial kmers: 510699'
b'    [iterate_edges.cpp         : 447]     Total: 10674126, aligned: 1194273. Iterative edges: 2728649'
b'    [iterate_edges.cpp         : 451]     Writing iterative edges...'
b'    [utils.h                   : 126]     Real: 155.3741\tuser: 155.5544\tsys: 0.3699\tmaxrss: 382944'
--- [Thu Mar 28 17:26:24 2019] Building graph for k = 39 ---
/usr/local/bin/megahit_sdbg_build seq2sdbg --host_mem 60785009049 --mem_flag 1 --gpu_mem 0 --output_prefix //tmp/SRR606249_subset10_trim2.megahit/tmp/k39/39 --num_cpu_threads 1 -k 39 --kmer_from 29 --num_edge_files 1 --input_prefix //tmp/SRR606249_subset10_trim2.megahit/tmp/k39/39 --addi_contig //tmp/SRR606249_subset10_trim2.megahit/intermediate_contigs/k29.addi.fa --local_contig //tmp/SRR606249_subset10_trim2.megahit/intermediate_contigs/k29.local.fa --contig //tmp/SRR606249_subset10_trim2.megahit/intermediate_contigs/k29.contigs.fa --bubble //tmp/SRR606249_subset10_trim2.megahit/intermediate_contigs/k29.bubble_seq.fa
b'    [sdbg_builder.cpp          : 339]     Host memory to be used: 60785009049'
b'    [sdbg_builder.cpp          : 340]     Number CPU threads: 1'
b'    [cx1.h                     : 450]     Preparing data...'
b'    [cx1_seq2sdbg.cpp          : 394]     Number edges: 2728649'
b'    [cx1_seq2sdbg.cpp          : 434]     Bases to reserve: 324294046, number contigs: 611292, number multiplicity: 3339941'
b'    [cx1_seq2sdbg.cpp          : 440]     Before reading, sizeof seq_package: 85963856, multiplicity vector: 3339941'
b'    [cx1_seq2sdbg.cpp          : 529]     After reading, sizeof seq_package: 171927712, multiplicity vector: 6679882'
b'    [cx1.h                     : 457]     Preparing data... Done. Time elapsed: 1.0580'
b'    [cx1.h                     : 464]     Preparing partitions and initialing global data...'
b'    [cx1_seq2sdbg.cpp          : 740]     Memory for sequence: 181457326'
b'    [cx1_seq2sdbg.cpp          : 741]     max # lv.1 items = 60851538'
b'    [cx1.h                     : 480]     Preparing partitions and initialing global data... Done. Time elapsed: 2.7172'
b'    [cx1.h                     : 486]     Start main loop...'
b'    [cx1.h                     : 515]     Lv1 scanning from bucket 0 to 3385'
b'    [cx1.h                     : 528]     Lv1 scanning done. Large diff: 0. Time elapsed: 2.9959'
b'    [cx1.h                     : 594]     Lv1 fetching & sorting done. Time elapsed: 15.8067'
b'    [cx1.h                     : 515]     Lv1 scanning from bucket 3385 to 8371'
b'    [cx1.h                     : 528]     Lv1 scanning done. Large diff: 0. Time elapsed: 3.3314'
b'    [cx1.h                     : 594]     Lv1 fetching & sorting done. Time elapsed: 16.7036'
b'    [cx1.h                     : 515]     Lv1 scanning from bucket 8371 to 14472'
b'    [cx1.h                     : 528]     Lv1 scanning done. Large diff: 0. Time elapsed: 3.5417'
b'    [cx1.h                     : 594]     Lv1 fetching & sorting done. Time elapsed: 16.7202'
b'    [cx1.h                     : 515]     Lv1 scanning from bucket 14472 to 21700'
b'    [cx1.h                     : 528]     Lv1 scanning done. Large diff: 0. Time elapsed: 3.5583'
b'    [cx1.h                     : 594]     Lv1 fetching & sorting done. Time elapsed: 16.7745'
b'    [cx1.h                     : 515]     Lv1 scanning from bucket 21700 to 30272'
b'    [cx1.h                     : 528]     Lv1 scanning done. Large diff: 0. Time elapsed: 3.6585'
b'    [cx1.h                     : 594]     Lv1 fetching & sorting done. Time elapsed: 17.0242'
b'    [cx1.h                     : 515]     Lv1 scanning from bucket 30272 to 40672'
b'    [cx1.h                     : 528]     Lv1 scanning done. Large diff: 0. Time elapsed: 3.7143'
b'    [cx1.h                     : 594]     Lv1 fetching & sorting done. Time elapsed: 16.8918'
b'    [cx1.h                     : 515]     Lv1 scanning from bucket 40672 to 54420'
b'    [cx1.h                     : 528]     Lv1 scanning done. Large diff: 0. Time elapsed: 3.6816'
b'    [cx1.h                     : 594]     Lv1 fetching & sorting done. Time elapsed: 17.0265'
b'    [cx1.h                     : 515]     Lv1 scanning from bucket 54420 to 65536'
b'    [cx1.h                     : 528]     Lv1 scanning done. Large diff: 0. Time elapsed: 2.6065'
b'    [cx1.h                     : 594]     Lv1 fetching & sorting done. Time elapsed: 7.7375'
b'    [cx1.h                     : 607]     Main loop done. Time elapsed: 151.7737'
b'    [cx1.h                     : 613]     Postprocessing...'
b'    [cx1_seq2sdbg.cpp          :1139]     Number of $ A C G T A- C- G- T-:'
b'    [cx1_seq2sdbg.cpp          :1142]     534872 70985062 71405567 71571208 70954877 29586 38189 38161 28685'
b'    [cx1_seq2sdbg.cpp          :1151]     Total number of edges: 285586207'
b'    [cx1_seq2sdbg.cpp          :1152]     Total number of ONEs: 284916714'
b'    [cx1_seq2sdbg.cpp          :1153]     Total number of $v edges: 534872'
b'    [cx1.h                     : 621]     Postprocess done. Time elapsed: 0.0275'
b'    [utils.h                   : 126]     Real: 155.5772\tuser: 154.4975\tsys: 0.9888\tmaxrss: 355808'
--- [Thu Mar 28 17:28:59 2019] Assembling contigs from SdBG for k = 39 ---
cmd: /usr/local/bin/megahit_asm_core assemble -s //tmp/SRR606249_subset10_trim2.megahit/tmp/k39/39 -o //tmp/SRR606249_subset10_trim2.megahit/intermediate_contigs/k39 -t 1 --min_standalone 300.0 --prune_level 2 --merge_len 20 --merge_similar 0.95 --low_local_ratio 0.2 --min_depth 2 --bubble_level 2 --max_tip_len -1 --careful_bubble
b'    [assembler.cpp             : 148]     Loading succinct de Bruijn graph: //tmp/SRR606249_subset10_trim2.megahit/tmp/k39/39 Done. Time elapsed: 3.193914'
b'    [assembler.cpp             : 152]     Number of Edges: 285586207; K value: 39'
b'    [assembler.cpp             : 162]     Number of CPU threads: 1'
b'    [assembly_algorithms.cpp   : 162]     Removing tips with length less than 2; Accumulated tips removed: 1356; time elapsed: 20.6377'
b'    [assembly_algorithms.cpp   : 162]     Removing tips with length less than 4; Accumulated tips removed: 3916; time elapsed: 22.1185'
b'    [assembly_algorithms.cpp   : 162]     Removing tips with length less than 8; Accumulated tips removed: 7289; time elapsed: 25.3150'
b'    [assembly_algorithms.cpp   : 162]     Removing tips with length less than 16; Accumulated tips removed: 11189; time elapsed: 32.1182'
b'    [assembly_algorithms.cpp   : 162]     Removing tips with length less than 32; Accumulated tips removed: 23367; time elapsed: 45.0766'
b'    [assembly_algorithms.cpp   : 162]     Removing tips with length less than 64; Accumulated tips removed: 173765; time elapsed: 64.6176'
b'    [assembly_algorithms.cpp   : 170]     Removing tips with length less than 78; Accumulated tips removed: 197114; time elapsed: 65.2739'
b'    [assembler.cpp             : 179]     Tips removal done! Time elapsed(sec): 275.167964'
b'    [assembler.cpp             : 188]     unitig graph size: 346705, time for building: 284.627484'
b'    [assembler.cpp             : 211]     Number of bubbles removed: 38861, Time elapsed(sec): 34.345987'
b'    [assembler.cpp             : 225]     Number of complex bubbles removed: 15494, Time elapsed(sec): 12.198279'
b'    [assembler.cpp             : 243]     Number unitigs disconnected: 1745, time: 0.482394'
b'    [assembler.cpp             : 265]     Unitigs removed in excessive pruning: 303, time: 0.293746'
b'    [assembler.cpp             : 200]     Tips removed: 475, time: 1.599733'
b'    [assembler.cpp             : 211]     Number of bubbles removed: 50, Time elapsed(sec): 0.521099'
b'    [assembler.cpp             : 225]     Number of complex bubbles removed: 132, Time elapsed(sec): 2.624276'
b'    [assembler.cpp             : 243]     Number unitigs disconnected: 121, time: 0.472430'
b'    [assembler.cpp             : 265]     Unitigs removed in excessive pruning: 3, time: 0.291136'
b'    [assembler.cpp             : 200]     Tips removed: 76, time: 1.562075'
b'    [assembler.cpp             : 211]     Number of bubbles removed: 6, Time elapsed(sec): 0.493029'
b'    [assembler.cpp             : 225]     Number of complex bubbles removed: 22, Time elapsed(sec): 2.462875'
b'    [assembler.cpp             : 243]     Number unitigs disconnected: 0, time: 0.477523'
b'    [assembler.cpp             : 265]     Unitigs removed in excessive pruning: 0, time: 0.039958'
b'    [assembler.cpp             : 200]     Tips removed: 0, time: 1.558324'
b'    [assembler.cpp             : 211]     Number of bubbles removed: 0, Time elapsed(sec): 0.476097'
b'    [assembler.cpp             : 225]     Number of complex bubbles removed: 0, Time elapsed(sec): 2.391146'
b'    [assembler.cpp             : 243]     Number unitigs disconnected: 0, time: 0.466937'
b'    [assembler.cpp             : 265]     Unitigs removed in excessive pruning: 0, time: 0.035692'
b'    [assembler.cpp             : 132]     Total length: 144656008, N50: 1180, Mean: 603, number of contigs: 239556'
b'    [assembler.cpp             : 133]     Maximum length: 105837'
b'    [assembler.cpp             : 290]     Time to output: 98.322946'
b'    [assembler.cpp             : 317]     Number of local low depth unitigs removed: 486, complex bubbles removed: 138, time: 7.760312'
b'    [assembler.cpp             : 132]     Total length: 46205533, N50: 4908, Mean: 706, number of contigs: 65406'
b'    [assembler.cpp             : 133]     Maximum length: 105837'
b'    [utils.h                   : 126]     Real: 762.9255\tuser: 761.8472\tsys: 0.9169\tmaxrss: 638432'
--- [Thu Mar 28 17:41:42 2019] Local assembling k = 39 ---
cmd: /usr/local/bin/megahit_asm_core local -c //tmp/SRR606249_subset10_trim2.megahit/intermediate_contigs/k39.contigs.fa -l //tmp/SRR606249_subset10_trim2.megahit/tmp/reads.lib -t 1 -o //tmp/SRR606249_subset10_trim2.megahit/intermediate_contigs/k39.local.fa --kmax 59
b'    [local_assembler.cpp       :  89]     Number of contigs: 157286, Mapper size: 16263182'
b'    [read_lib_functions-inl.h  : 256]     Before reading, sizeof seq_package: 354014304'
b'    [read_lib_functions-inl.h  : 260]     After reading, sizeof seq_package: 354014304'
b'    [local_assembler.cpp       : 330]     Lib 0, insert size: 206.12 sd: 29.57'
b'    [local_assembler.cpp       : 462]     Lib 0: total 10674126 reads, aligned 9446289, added 664766 reads for local assembly'
b'    [utils.h                   : 126]     Real: 392.2082\tuser: 391.6295\tsys: 0.5109\tmaxrss: 1045196'
--- [Thu Mar 28 17:48:14 2019] Extracting iterative edges from k = 39 to 59 ---
cmd: /usr/local/bin/megahit_asm_core iterate -c //tmp/SRR606249_subset10_trim2.megahit/intermediate_contigs/k39.contigs.fa -b //tmp/SRR606249_subset10_trim2.megahit/intermediate_contigs/k39.bubble_seq.fa -t 1 -k 39 -s 20 -o //tmp/SRR606249_subset10_trim2.megahit/tmp/k59/59 -r //tmp/SRR606249_subset10_trim2.megahit/tmp/reads.lib.bin -f binary
b'    [iterate_edges.cpp         : 570]     Number of crusial kmers: 161280'
b'    [iterate_edges.cpp         : 570]     Number of crusial kmers: 277607'
b'    [iterate_edges.cpp         : 447]     Total: 10674126, aligned: 666980. Iterative edges: 2701796'
b'    [iterate_edges.cpp         : 451]     Writing iterative edges...'
b'    [utils.h                   : 126]     Real: 109.8187\tuser: 110.0083\tsys: 0.3699\tmaxrss: 383812'
--- [Thu Mar 28 17:50:04 2019] Building graph for k = 59 ---
/usr/local/bin/megahit_sdbg_build seq2sdbg --host_mem 60785009049 --mem_flag 1 --gpu_mem 0 --output_prefix //tmp/SRR606249_subset10_trim2.megahit/tmp/k59/59 --num_cpu_threads 1 -k 59 --kmer_from 39 --num_edge_files 1 --input_prefix //tmp/SRR606249_subset10_trim2.megahit/tmp/k59/59 --addi_contig //tmp/SRR606249_subset10_trim2.megahit/intermediate_contigs/k39.addi.fa --local_contig //tmp/SRR606249_subset10_trim2.megahit/intermediate_contigs/k39.local.fa --contig //tmp/SRR606249_subset10_trim2.megahit/intermediate_contigs/k39.contigs.fa --bubble //tmp/SRR606249_subset10_trim2.megahit/intermediate_contigs/k39.bubble_seq.fa
b'    [sdbg_builder.cpp          : 339]     Host memory to be used: 60785009049'
b'    [sdbg_builder.cpp          : 340]     Number CPU threads: 1'
b'    [cx1.h                     : 450]     Preparing data...'
b'    [cx1_seq2sdbg.cpp          : 394]     Number edges: 2701796'
b'    [cx1_seq2sdbg.cpp          : 434]     Bases to reserve: 335163978, number contigs: 342620, number multiplicity: 3044416'
b'    [cx1_seq2sdbg.cpp          : 440]     Before reading, sizeof seq_package: 86531964, multiplicity vector: 3044416'
b'    [cx1_seq2sdbg.cpp          : 529]     After reading, sizeof seq_package: 173063928, multiplicity vector: 6088832'
b'    [cx1.h                     : 457]     Preparing data... Done. Time elapsed: 0.9490'
b'    [cx1.h                     : 464]     Preparing partitions and initialing global data...'
b'    [cx1_seq2sdbg.cpp          : 740]     Memory for sequence: 182313756'
b'    [cx1_seq2sdbg.cpp          : 741]     max # lv.1 items = 55654009'
b'    [cx1.h                     : 480]     Preparing partitions and initialing global data... Done. Time elapsed: 2.4669'
b'    [cx1.h                     : 486]     Start main loop...'
b'    [cx1.h                     : 515]     Lv1 scanning from bucket 0 to 3439'
b'    [cx1.h                     : 528]     Lv1 scanning done. Large diff: 0. Time elapsed: 2.7666'
b'    [cx1.h                     : 594]     Lv1 fetching & sorting done. Time elapsed: 14.3941'
b'    [cx1.h                     : 515]     Lv1 scanning from bucket 3439 to 8467'
b'    [cx1.h                     : 528]     Lv1 scanning done. Large diff: 0. Time elapsed: 2.9981'
b'    [cx1.h                     : 594]     Lv1 fetching & sorting done. Time elapsed: 14.7766'
b'    [cx1.h                     : 515]     Lv1 scanning from bucket 8467 to 14590'
b'    [cx1.h                     : 528]     Lv1 scanning done. Large diff: 0. Time elapsed: 3.1284'
b'    [cx1.h                     : 594]     Lv1 fetching & sorting done. Time elapsed: 14.9714'
b'    [cx1.h                     : 515]     Lv1 scanning from bucket 14590 to 21818'
b'    [cx1.h                     : 528]     Lv1 scanning done. Large diff: 0. Time elapsed: 3.2233'
b'    [cx1.h                     : 594]     Lv1 fetching & sorting done. Time elapsed: 15.0142'
b'    [cx1.h                     : 515]     Lv1 scanning from bucket 21818 to 30374'
b'    [cx1.h                     : 528]     Lv1 scanning done. Large diff: 0. Time elapsed: 3.3103'
b'    [cx1.h                     : 594]     Lv1 fetching & sorting done. Time elapsed: 15.0571'
b'    [cx1.h                     : 515]     Lv1 scanning from bucket 30374 to 40743'
b'    [cx1.h                     : 528]     Lv1 scanning done. Large diff: 0. Time elapsed: 3.3709'
b'    [cx1.h                     : 594]     Lv1 fetching & sorting done. Time elapsed: 15.0377'
b'    [cx1.h                     : 515]     Lv1 scanning from bucket 40743 to 54472'
b'    [cx1.h                     : 528]     Lv1 scanning done. Large diff: 0. Time elapsed: 3.3622'
b'    [cx1.h                     : 594]     Lv1 fetching & sorting done. Time elapsed: 14.9753'
b'    [cx1.h                     : 515]     Lv1 scanning from bucket 54472 to 65536'
b'    [cx1.h                     : 528]     Lv1 scanning done. Large diff: 0. Time elapsed: 2.3693'
b'    [cx1.h                     : 594]     Lv1 fetching & sorting done. Time elapsed: 6.8522'
b'    [cx1.h                     : 607]     Main loop done. Time elapsed: 135.6083'
b'    [cx1.h                     : 613]     Postprocessing...'
b'    [cx1_seq2sdbg.cpp          :1139]     Number of $ A C G T A- C- G- T-:'
b'    [cx1_seq2sdbg.cpp          :1142]     408424 67315959 67367275 67562999 67282517 16060 19137 15469 18158'
b'    [cx1_seq2sdbg.cpp          :1151]     Total number of edges: 270005998'
b'    [cx1_seq2sdbg.cpp          :1152]     Total number of ONEs: 269528750'
b'    [cx1_seq2sdbg.cpp          :1153]     Total number of $v edges: 408424'
b'    [cx1.h                     : 621]     Postprocess done. Time elapsed: 0.0272'
b'    [utils.h                   : 126]     Real: 139.0523\tuser: 138.0840\tsys: 0.9179\tmaxrss: 342952'
--- [Thu Mar 28 17:52:23 2019] Assembling contigs from SdBG for k = 59 ---
cmd: /usr/local/bin/megahit_asm_core assemble -s //tmp/SRR606249_subset10_trim2.megahit/tmp/k59/59 -o //tmp/SRR606249_subset10_trim2.megahit/intermediate_contigs/k59 -t 1 --min_standalone 300.0 --prune_level 2 --merge_len 20 --merge_similar 0.95 --low_local_ratio 0.2 --min_depth 2 --bubble_level 2 --max_tip_len -1 --careful_bubble
b'    [assembler.cpp             : 148]     Loading succinct de Bruijn graph: //tmp/SRR606249_subset10_trim2.megahit/tmp/k59/59 Done. Time elapsed: 3.026711'
b'    [assembler.cpp             : 152]     Number of Edges: 270005998; K value: 59'
b'    [assembler.cpp             : 162]     Number of CPU threads: 1'
b'    [assembly_algorithms.cpp   : 162]     Removing tips with length less than 2; Accumulated tips removed: 1088; time elapsed: 19.4745'
b'    [assembly_algorithms.cpp   : 162]     Removing tips with length less than 4; Accumulated tips removed: 3248; time elapsed: 20.6596'
b'    [assembly_algorithms.cpp   : 162]     Removing tips with length less than 8; Accumulated tips removed: 7022; time elapsed: 22.9623'
b'    [assembly_algorithms.cpp   : 162]     Removing tips with length less than 16; Accumulated tips removed: 14665; time elapsed: 27.8582'
b'    [assembly_algorithms.cpp   : 162]     Removing tips with length less than 32; Accumulated tips removed: 21753; time elapsed: 36.8262'
b'    [assembly_algorithms.cpp   : 162]     Removing tips with length less than 64; Accumulated tips removed: 57296; time elapsed: 53.7617'
b'    [assembly_algorithms.cpp   : 170]     Removing tips with length less than 118; Accumulated tips removed: 122574; time elapsed: 75.5712'
b'    [assembler.cpp             : 179]     Tips removal done! Time elapsed(sec): 257.123500'
b'    [assembler.cpp             : 188]     unitig graph size: 222235, time for building: 262.091711'
b'    [assembler.cpp             : 211]     Number of bubbles removed: 12619, Time elapsed(sec): 16.153611'
b'    [assembler.cpp             : 225]     Number of complex bubbles removed: 7697, Time elapsed(sec): 9.083724'
b'    [assembler.cpp             : 243]     Number unitigs disconnected: 1937, time: 0.354315'
b'    [assembler.cpp             : 265]     Unitigs removed in excessive pruning: 648, time: 0.209202'
b'    [assembler.cpp             : 200]     Tips removed: 17, time: 1.071497'
b'    [assembler.cpp             : 211]     Number of bubbles removed: 54, Time elapsed(sec): 0.381751'
b'    [assembler.cpp             : 225]     Number of complex bubbles removed: 169, Time elapsed(sec): 1.664858'
b'    [assembler.cpp             : 243]     Number unitigs disconnected: 135, time: 0.347904'
b'    [assembler.cpp             : 265]     Unitigs removed in excessive pruning: 5, time: 0.190534'
b'    [assembler.cpp             : 200]     Tips removed: 100, time: 1.072264'
b'    [assembler.cpp             : 211]     Number of bubbles removed: 2, Time elapsed(sec): 0.348708'
b'    [assembler.cpp             : 225]     Number of complex bubbles removed: 20, Time elapsed(sec): 1.377252'
b'    [assembler.cpp             : 243]     Number unitigs disconnected: 3, time: 0.349350'
b'    [assembler.cpp             : 265]     Unitigs removed in excessive pruning: 0, time: 0.014628'
b'    [assembler.cpp             : 200]     Tips removed: 1, time: 1.063093'
b'    [assembler.cpp             : 211]     Number of bubbles removed: 0, Time elapsed(sec): 0.331609'
b'    [assembler.cpp             : 225]     Number of complex bubbles removed: 0, Time elapsed(sec): 1.298759'
b'    [assembler.cpp             : 243]     Number unitigs disconnected: 0, time: 0.334186'
b'    [assembler.cpp             : 265]     Unitigs removed in excessive pruning: 0, time: 0.015015'
b'    [assembler.cpp             : 132]     Total length: 139911477, N50: 1398, Mean: 789, number of contigs: 177168'
b'    [assembler.cpp             : 133]     Maximum length: 159860'
b'    [assembler.cpp             : 290]     Time to output: 92.778750'
b'    [assembler.cpp             : 317]     Number of local low depth unitigs removed: 401, complex bubbles removed: 72, time: 1.870707'
b'    [assembler.cpp             : 132]     Total length: 34794381, N50: 8091, Mean: 1336, number of contigs: 26039'
b'    [assembler.cpp             : 133]     Maximum length: 159860'
b'    [utils.h                   : 126]     Real: 675.7465\tuser: 674.8174\tsys: 0.7939\tmaxrss: 591516'
--- [Thu Mar 28 18:03:39 2019] Local assembling k = 59 ---
cmd: /usr/local/bin/megahit_asm_core local -c //tmp/SRR606249_subset10_trim2.megahit/intermediate_contigs/k59.contigs.fa -l //tmp/SRR606249_subset10_trim2.megahit/tmp/reads.lib -t 1 -o //tmp/SRR606249_subset10_trim2.megahit/intermediate_contigs/k59.local.fa --kmax 79
b'    [local_assembler.cpp       :  89]     Number of contigs: 153332, Mapper size: 16495122'
b'    [read_lib_functions-inl.h  : 256]     Before reading, sizeof seq_package: 354014304'
b'    [read_lib_functions-inl.h  : 260]     After reading, sizeof seq_package: 354014304'
b'    [local_assembler.cpp       : 330]     Lib 0, insert size: 206.24 sd: 29.59'
b'    [local_assembler.cpp       : 462]     Lib 0: total 10674126 reads, aligned 9488345, added 546213 reads for local assembly'
b'    [utils.h                   : 126]     Real: 356.0875\tuser: 355.5629\tsys: 0.4609\tmaxrss: 1045100'
--- [Thu Mar 28 18:09:35 2019] Extracting iterative edges from k = 59 to 79 ---
cmd: /usr/local/bin/megahit_asm_core iterate -c //tmp/SRR606249_subset10_trim2.megahit/intermediate_contigs/k59.contigs.fa -b //tmp/SRR606249_subset10_trim2.megahit/intermediate_contigs/k59.bubble_seq.fa -t 1 -k 59 -s 20 -o //tmp/SRR606249_subset10_trim2.megahit/tmp/k79/79 -r //tmp/SRR606249_subset10_trim2.megahit/tmp/reads.lib.bin -f binary
b'    [iterate_edges.cpp         : 570]     Number of crusial kmers: 63855'
b'    [iterate_edges.cpp         : 570]     Number of crusial kmers: 110988'
b'    [iterate_edges.cpp         : 447]     Total: 10674126, aligned: 236217. Iterative edges: 847317'
b'    [iterate_edges.cpp         : 451]     Writing iterative edges...'
b'    [utils.h                   : 126]     Real: 81.4188\tuser: 81.6696\tsys: 0.3130\tmaxrss: 315872'
--- [Thu Mar 28 18:10:57 2019] Building graph for k = 79 ---
/usr/local/bin/megahit_sdbg_build seq2sdbg --host_mem 60785009049 --mem_flag 1 --gpu_mem 0 --output_prefix //tmp/SRR606249_subset10_trim2.megahit/tmp/k79/79 --num_cpu_threads 1 -k 79 --kmer_from 59 --num_edge_files 1 --input_prefix //tmp/SRR606249_subset10_trim2.megahit/tmp/k79/79 --addi_contig //tmp/SRR606249_subset10_trim2.megahit/intermediate_contigs/k59.addi.fa --local_contig //tmp/SRR606249_subset10_trim2.megahit/intermediate_contigs/k59.local.fa --contig //tmp/SRR606249_subset10_trim2.megahit/intermediate_contigs/k59.contigs.fa --bubble //tmp/SRR606249_subset10_trim2.megahit/intermediate_contigs/k59.bubble_seq.fa
b'    [sdbg_builder.cpp          : 339]     Host memory to be used: 60785009049'
b'    [sdbg_builder.cpp          : 340]     Number CPU threads: 1'
b'    [cx1.h                     : 450]     Preparing data...'
b'    [cx1_seq2sdbg.cpp          : 394]     Number edges: 847317'
b'    [cx1_seq2sdbg.cpp          : 434]     Bases to reserve: 183863150, number contigs: 148123, number multiplicity: 995440'
b'    [cx1_seq2sdbg.cpp          : 440]     Before reading, sizeof seq_package: 47150780, multiplicity vector: 995440'
b'    [cx1_seq2sdbg.cpp          : 529]     After reading, sizeof seq_package: 94301560, multiplicity vector: 1990880'
b'    [cx1.h                     : 457]     Preparing data... Done. Time elapsed: 0.6988'
b'    [cx1.h                     : 464]     Preparing partitions and initialing global data...'
b'    [cx1_seq2sdbg.cpp          : 740]     Memory for sequence: 98515718'
b'    [cx1_seq2sdbg.cpp          : 741]     max # lv.1 items = 45035974'
b'    [cx1.h                     : 480]     Preparing partitions and initialing global data... Done. Time elapsed: 1.9561'
b'    [cx1.h                     : 486]     Start main loop...'
b'    [cx1.h                     : 515]     Lv1 scanning from bucket 0 to 3439'
b'    [cx1.h                     : 528]     Lv1 scanning done. Large diff: 0. Time elapsed: 2.1767'
b'    [cx1.h                     : 594]     Lv1 fetching & sorting done. Time elapsed: 11.5892'
b'    [cx1.h                     : 515]     Lv1 scanning from bucket 3439 to 8481'
b'    [cx1.h                     : 528]     Lv1 scanning done. Large diff: 0. Time elapsed: 2.4353'
b'    [cx1.h                     : 594]     Lv1 fetching & sorting done. Time elapsed: 11.9059'
b'    [cx1.h                     : 515]     Lv1 scanning from bucket 8481 to 14623'
b'    [cx1.h                     : 528]     Lv1 scanning done. Large diff: 0. Time elapsed: 2.5597'
b'    [cx1.h                     : 594]     Lv1 fetching & sorting done. Time elapsed: 11.9959'
b'    [cx1.h                     : 515]     Lv1 scanning from bucket 14623 to 21877'
b'    [cx1.h                     : 528]     Lv1 scanning done. Large diff: 0. Time elapsed: 2.6449'
b'    [cx1.h                     : 594]     Lv1 fetching & sorting done. Time elapsed: 11.9514'
b'    [cx1.h                     : 515]     Lv1 scanning from bucket 21877 to 30462'
b'    [cx1.h                     : 528]     Lv1 scanning done. Large diff: 0. Time elapsed: 2.7323'
b'    [cx1.h                     : 594]     Lv1 fetching & sorting done. Time elapsed: 11.9855'
b'    [cx1.h                     : 515]     Lv1 scanning from bucket 30462 to 40853'
b'    [cx1.h                     : 528]     Lv1 scanning done. Large diff: 0. Time elapsed: 2.7975'
b'    [cx1.h                     : 594]     Lv1 fetching & sorting done. Time elapsed: 11.9461'
b'    [cx1.h                     : 515]     Lv1 scanning from bucket 40853 to 54594'
b'    [cx1.h                     : 528]     Lv1 scanning done. Large diff: 0. Time elapsed: 2.7609'
b'    [cx1.h                     : 594]     Lv1 fetching & sorting done. Time elapsed: 11.8879'
b'    [cx1.h                     : 515]     Lv1 scanning from bucket 54594 to 65536'
b'    [cx1.h                     : 528]     Lv1 scanning done. Large diff: 0. Time elapsed: 1.8930'
b'    [cx1.h                     : 594]     Lv1 fetching & sorting done. Time elapsed: 5.4215'
b'    [cx1.h                     : 607]     Main loop done. Time elapsed: 108.6842'
b'    [cx1.h                     : 613]     Postprocessing...'
b'    [cx1_seq2sdbg.cpp          :1139]     Number of $ A C G T A- C- G- T-:'
b'    [cx1_seq2sdbg.cpp          :1142]     342017 64207895 63982757 64195548 64173416 8070 6704 8547 7240'
b'    [cx1_seq2sdbg.cpp          :1151]     Total number of edges: 256932194'
b'    [cx1_seq2sdbg.cpp          :1152]     Total number of ONEs: 256559616'
b'    [cx1_seq2sdbg.cpp          :1153]     Total number of $v edges: 342017'
b'    [cx1.h                     : 621]     Postprocess done. Time elapsed: 0.0271'
b'    [utils.h                   : 126]     Real: 111.3669\tuser: 110.4822\tsys: 0.7949\tmaxrss: 260868'
--- [Thu Mar 28 18:12:48 2019] Assembling contigs from SdBG for k = 79 ---
cmd: /usr/local/bin/megahit_asm_core assemble -s //tmp/SRR606249_subset10_trim2.megahit/tmp/k79/79 -o //tmp/SRR606249_subset10_trim2.megahit/intermediate_contigs/k79 -t 1 --min_standalone 300.0 --prune_level 2 --merge_len 20 --merge_similar 0.95 --low_local_ratio 0.2 --min_depth 2 --bubble_level 2 --max_tip_len -1 --careful_bubble
b'    [assembler.cpp             : 148]     Loading succinct de Bruijn graph: //tmp/SRR606249_subset10_trim2.megahit/tmp/k79/79 Done. Time elapsed: 2.895436'
b'    [assembler.cpp             : 152]     Number of Edges: 256932194; K value: 79'
b'    [assembler.cpp             : 162]     Number of CPU threads: 1'
b'    [assembly_algorithms.cpp   : 162]     Removing tips with length less than 2; Accumulated tips removed: 888; time elapsed: 18.3513'
b'    [assembly_algorithms.cpp   : 162]     Removing tips with length less than 4; Accumulated tips removed: 2986; time elapsed: 19.3766'
b'    [assembly_algorithms.cpp   : 162]     Removing tips with length less than 8; Accumulated tips removed: 6872; time elapsed: 21.4800'
b'    [assembly_algorithms.cpp   : 162]     Removing tips with length less than 16; Accumulated tips removed: 14334; time elapsed: 25.8061'
b'    [assembly_algorithms.cpp   : 162]     Removing tips with length less than 32; Accumulated tips removed: 19229; time elapsed: 33.7412'
b'    [assembly_algorithms.cpp   : 162]     Removing tips with length less than 64; Accumulated tips removed: 29472; time elapsed: 49.1770'
b'    [assembly_algorithms.cpp   : 162]     Removing tips with length less than 128; Accumulated tips removed: 73602; time elapsed: 75.8355'
b'    [assembly_algorithms.cpp   : 170]     Removing tips with length less than 158; Accumulated tips removed: 101012; time elapsed: 82.7589'
b'    [assembler.cpp             : 179]     Tips removal done! Time elapsed(sec): 326.536414'
b'    [assembler.cpp             : 188]     unitig graph size: 150445, time for building: 237.726667'
b'    [assembler.cpp             : 211]     Number of bubbles removed: 2790, Time elapsed(sec): 4.121008'
b'    [assembler.cpp             : 225]     Number of complex bubbles removed: 1938, Time elapsed(sec): 4.753502'
b'    [assembler.cpp             : 243]     Number unitigs disconnected: 1208, time: 0.258735'
b'    [assembler.cpp             : 265]     Unitigs removed in excessive pruning: 398, time: 0.151787'
b'    [assembler.cpp             : 200]     Tips removed: 7, time: 0.943422'
b'    [assembler.cpp             : 211]     Number of bubbles removed: 34, Time elapsed(sec): 0.278847'
b'    [assembler.cpp             : 225]     Number of complex bubbles removed: 72, Time elapsed(sec): 1.081111'
b'    [assembler.cpp             : 243]     Number unitigs disconnected: 99, time: 0.252983'
b'    [assembler.cpp             : 265]     Unitigs removed in excessive pruning: 3, time: 0.152504'
b'    [assembler.cpp             : 200]     Tips removed: 85, time: 0.928901'
b'    [assembler.cpp             : 211]     Number of bubbles removed: 4, Time elapsed(sec): 0.245187'
b'    [assembler.cpp             : 225]     Number of complex bubbles removed: 28, Time elapsed(sec): 1.027555'
b'    [assembler.cpp             : 243]     Number unitigs disconnected: 0, time: 0.256236'
b'    [assembler.cpp             : 265]     Unitigs removed in excessive pruning: 0, time: 0.006364'
b'    [assembler.cpp             : 200]     Tips removed: 0, time: 0.944686'
b'    [assembler.cpp             : 211]     Number of bubbles removed: 0, Time elapsed(sec): 0.252463'
b'    [assembler.cpp             : 225]     Number of complex bubbles removed: 0, Time elapsed(sec): 0.904662'
b'    [assembler.cpp             : 243]     Number unitigs disconnected: 0, time: 0.252525'
b'    [assembler.cpp             : 265]     Unitigs removed in excessive pruning: 0, time: 0.006122'
b'    [assembler.cpp             : 132]     Total length: 134056849, N50: 1650, Mean: 968, number of contigs: 138382'
b'    [assembler.cpp             : 133]     Maximum length: 199599'
b'    [assembler.cpp             : 290]     Time to output: 87.298702'
b'    [assembler.cpp             : 317]     Number of local low depth unitigs removed: 188, complex bubbles removed: 22, time: 1.003327'
b'    [assembler.cpp             : 132]     Total length: 27280847, N50: 11836, Mean: 2295, number of contigs: 11884'
b'    [assembler.cpp             : 133]     Maximum length: 199599'
b'    [utils.h                   : 126]     Real: 690.3653\tuser: 689.4812\tsys: 0.7419\tmaxrss: 562084'
--- [Thu Mar 28 18:24:19 2019] Local assembling k = 79 ---
cmd: /usr/local/bin/megahit_asm_core local -c //tmp/SRR606249_subset10_trim2.megahit/intermediate_contigs/k79.contigs.fa -l //tmp/SRR606249_subset10_trim2.megahit/tmp/reads.lib -t 1 -o //tmp/SRR606249_subset10_trim2.megahit/intermediate_contigs/k79.local.fa --kmax 99
b'    [local_assembler.cpp       :  89]     Number of contigs: 135343, Mapper size: 16214030'
b'    [read_lib_functions-inl.h  : 256]     Before reading, sizeof seq_package: 354014304'
b'    [read_lib_functions-inl.h  : 260]     After reading, sizeof seq_package: 354014304'
b'    [local_assembler.cpp       : 330]     Lib 0, insert size: 206.38 sd: 29.61'
b'    [local_assembler.cpp       : 462]     Lib 0: total 10674126 reads, aligned 9363108, added 427792 reads for local assembly'
b'    [utils.h                   : 126]     Real: 322.6326\tuser: 322.1250\tsys: 0.4489\tmaxrss: 1013284'
--- [Thu Mar 28 18:29:41 2019] Extracting iterative edges from k = 79 to 99 ---
cmd: /usr/local/bin/megahit_asm_core iterate -c //tmp/SRR606249_subset10_trim2.megahit/intermediate_contigs/k79.contigs.fa -b //tmp/SRR606249_subset10_trim2.megahit/intermediate_contigs/k79.bubble_seq.fa -t 1 -k 79 -s 20 -o //tmp/SRR606249_subset10_trim2.megahit/tmp/k99/99 -r //tmp/SRR606249_subset10_trim2.megahit/tmp/reads.lib.bin -f binary
b'    [iterate_edges.cpp         : 570]     Number of crusial kmers: 15762'
b'    [iterate_edges.cpp         : 570]     Number of crusial kmers: 37163'
b'    [iterate_edges.cpp         : 447]     Total: 10674126, aligned: 43727. Iterative edges: 65166'
b'    [iterate_edges.cpp         : 451]     Writing iterative edges...'
b'    [utils.h                   : 126]     Real: 46.6863\tuser: 46.9919\tsys: 0.2620\tmaxrss: 311836'
--- [Thu Mar 28 18:30:28 2019] Building graph for k = 99 ---
/usr/local/bin/megahit_sdbg_build seq2sdbg --host_mem 60785009049 --mem_flag 1 --gpu_mem 0 --output_prefix //tmp/SRR606249_subset10_trim2.megahit/tmp/k99/99 --num_cpu_threads 1 -k 99 --kmer_from 79 --num_edge_files 1 --input_prefix //tmp/SRR606249_subset10_trim2.megahit/tmp/k99/99 --addi_contig //tmp/SRR606249_subset10_trim2.megahit/intermediate_contigs/k79.addi.fa --local_contig //tmp/SRR606249_subset10_trim2.megahit/intermediate_contigs/k79.local.fa --contig //tmp/SRR606249_subset10_trim2.megahit/intermediate_contigs/k79.contigs.fa --bubble //tmp/SRR606249_subset10_trim2.megahit/intermediate_contigs/k79.bubble_seq.fa
b'    [sdbg_builder.cpp          : 339]     Host memory to be used: 60785009049'
b'    [sdbg_builder.cpp          : 340]     Number CPU threads: 1'
b'    [cx1.h                     : 450]     Preparing data...'
b'    [cx1_seq2sdbg.cpp          : 394]     Number edges: 65166'
b'    [cx1_seq2sdbg.cpp          : 434]     Bases to reserve: 81507029, number contigs: 63600, number multiplicity: 128766'
b'    [cx1_seq2sdbg.cpp          : 440]     Before reading, sizeof seq_package: 20885568, multiplicity vector: 128766'
b'    [cx1_seq2sdbg.cpp          : 529]     After reading, sizeof seq_package: 42788752, multiplicity vector: 257532'
b'    [cx1.h                     : 457]     Preparing data... Done. Time elapsed: 0.5389'
b'    [cx1.h                     : 464]     Preparing partitions and initialing global data...'
b'    [cx1_seq2sdbg.cpp          : 740]     Memory for sequence: 44534134'
b'    [cx1_seq2sdbg.cpp          : 741]     max # lv.1 items = 36788985'
b'    [cx1.h                     : 480]     Preparing partitions and initialing global data... Done. Time elapsed: 1.6138'
b'    [cx1.h                     : 486]     Start main loop...'
b'    [cx1.h                     : 515]     Lv1 scanning from bucket 0 to 3412'
b'    [cx1.h                     : 528]     Lv1 scanning done. Large diff: 0. Time elapsed: 1.8099'
b'    [cx1.h                     : 594]     Lv1 fetching & sorting done. Time elapsed: 9.3230'
b'    [cx1.h                     : 515]     Lv1 scanning from bucket 3412 to 8456'
b'    [cx1.h                     : 528]     Lv1 scanning done. Large diff: 0. Time elapsed: 1.9851'
b'    [cx1.h                     : 594]     Lv1 fetching & sorting done. Time elapsed: 9.6091'
b'    [cx1.h                     : 515]     Lv1 scanning from bucket 8456 to 14616'
b'    [cx1.h                     : 528]     Lv1 scanning done. Large diff: 0. Time elapsed: 2.0891'
b'    [cx1.h                     : 594]     Lv1 fetching & sorting done. Time elapsed: 9.6274'
b'    [cx1.h                     : 515]     Lv1 scanning from bucket 14616 to 21910'
b'    [cx1.h                     : 528]     Lv1 scanning done. Large diff: 0. Time elapsed: 2.1574'
b'    [cx1.h                     : 594]     Lv1 fetching & sorting done. Time elapsed: 9.5728'
b'    [cx1.h                     : 515]     Lv1 scanning from bucket 21910 to 30549'
b'    [cx1.h                     : 528]     Lv1 scanning done. Large diff: 0. Time elapsed: 2.1951'
b'    [cx1.h                     : 594]     Lv1 fetching & sorting done. Time elapsed: 9.5857'
b'    [cx1.h                     : 515]     Lv1 scanning from bucket 30549 to 40996'
b'    [cx1.h                     : 528]     Lv1 scanning done. Large diff: 0. Time elapsed: 2.2565'
b'    [cx1.h                     : 594]     Lv1 fetching & sorting done. Time elapsed: 9.6696'
b'    [cx1.h                     : 515]     Lv1 scanning from bucket 40996 to 54756'
b'    [cx1.h                     : 528]     Lv1 scanning done. Large diff: 0. Time elapsed: 2.2419'
b'    [cx1.h                     : 594]     Lv1 fetching & sorting done. Time elapsed: 9.5923'
b'    [cx1.h                     : 515]     Lv1 scanning from bucket 54756 to 65536'
b'    [cx1.h                     : 528]     Lv1 scanning done. Large diff: 0. Time elapsed: 1.5607'
b'    [cx1.h                     : 594]     Lv1 fetching & sorting done. Time elapsed: 4.3745'
b'    [cx1.h                     : 607]     Main loop done. Time elapsed: 87.6506'
b'    [cx1.h                     : 613]     Postprocessing...'
b'    [cx1_seq2sdbg.cpp          :1139]     Number of $ A C G T A- C- G- T-:'
b'    [cx1_seq2sdbg.cpp          :1142]     287303 60846563 60378220 60584723 60822272 1661 2024 2126 1704'
b'    [cx1_seq2sdbg.cpp          :1151]     Total number of edges: 242926596'
b'    [cx1_seq2sdbg.cpp          :1152]     Total number of ONEs: 242631778'
b'    [cx1_seq2sdbg.cpp          :1153]     Total number of $v edges: 287303'
b'    [cx1.h                     : 621]     Postprocess done. Time elapsed: 0.0275'
b'    [utils.h                   : 126]     Real: 89.8314\tuser: 89.0765\tsys: 0.7309\tmaxrss: 201424'
--- [Thu Mar 28 18:31:58 2019] Assembling contigs from SdBG for k = 99 ---
cmd: /usr/local/bin/megahit_asm_core assemble -s //tmp/SRR606249_subset10_trim2.megahit/tmp/k99/99 -o //tmp/SRR606249_subset10_trim2.megahit/intermediate_contigs/k99 -t 1 --min_standalone 300.0 --prune_level 2 --merge_len 20 --merge_similar 0.95 --low_local_ratio 0.2 --min_depth 2 --bubble_level 2 --max_tip_len -1 --careful_bubble
b'    [assembler.cpp             : 148]     Loading succinct de Bruijn graph: //tmp/SRR606249_subset10_trim2.megahit/tmp/k99/99 Done. Time elapsed: 2.757038'
b'    [assembler.cpp             : 152]     Number of Edges: 242926596; K value: 99'
b'    [assembler.cpp             : 162]     Number of CPU threads: 1'
b'    [assembly_algorithms.cpp   : 162]     Removing tips with length less than 2; Accumulated tips removed: 958; time elapsed: 17.2908'
b'    [assembly_algorithms.cpp   : 162]     Removing tips with length less than 4; Accumulated tips removed: 16878; time elapsed: 18.1597'
b'    [assembly_algorithms.cpp   : 162]     Removing tips with length less than 8; Accumulated tips removed: 20062; time elapsed: 19.7002'
b'    [assembly_algorithms.cpp   : 162]     Removing tips with length less than 16; Accumulated tips removed: 21012; time elapsed: 22.9258'
b'    [assembly_algorithms.cpp   : 162]     Removing tips with length less than 32; Accumulated tips removed: 22242; time elapsed: 29.1493'
b'    [assembly_algorithms.cpp   : 162]     Removing tips with length less than 64; Accumulated tips removed: 26078; time elapsed: 41.0909'
b'    [assembly_algorithms.cpp   : 162]     Removing tips with length less than 128; Accumulated tips removed: 30478; time elapsed: 64.4423'
b'    [assembly_algorithms.cpp   : 170]     Removing tips with length less than 198; Accumulated tips removed: 75608; time elapsed: 82.4342'
b'    [assembler.cpp             : 179]     Tips removal done! Time elapsed(sec): 295.202698'
b'    [assembler.cpp             : 188]     unitig graph size: 113473, time for building: 222.373050'
b'    [assembler.cpp             : 211]     Number of bubbles removed: 325, Time elapsed(sec): 0.408876'
b'    [assembler.cpp             : 225]     Number of complex bubbles removed: 216, Time elapsed(sec): 1.422095'
b'    [assembler.cpp             : 243]     Number unitigs disconnected: 406, time: 0.204786'
b'    [assembler.cpp             : 265]     Unitigs removed in excessive pruning: 102, time: 0.112674'
b'    [assembler.cpp             : 200]     Tips removed: 4, time: 0.753369'
b'    [assembler.cpp             : 211]     Number of bubbles removed: 2, Time elapsed(sec): 0.192481'
b'    [assembler.cpp             : 225]     Number of complex bubbles removed: 18, Time elapsed(sec): 0.592274'
b'    [assembler.cpp             : 243]     Number unitigs disconnected: 37, time: 0.206577'
b'    [assembler.cpp             : 265]     Unitigs removed in excessive pruning: 2, time: 0.109607'
b'    [assembler.cpp             : 200]     Tips removed: 31, time: 0.766618'
b'    [assembler.cpp             : 211]     Number of bubbles removed: 0, Time elapsed(sec): 0.193865'
b'    [assembler.cpp             : 225]     Number of complex bubbles removed: 11, Time elapsed(sec): 0.579388'
b'    [assembler.cpp             : 243]     Number unitigs disconnected: 0, time: 0.203471'
b'    [assembler.cpp             : 265]     Unitigs removed in excessive pruning: 1, time: 0.108848'
b'    [assembler.cpp             : 200]     Tips removed: 0, time: 0.751360'
b'    [assembler.cpp             : 211]     Number of bubbles removed: 0, Time elapsed(sec): 0.190845'
b'    [assembler.cpp             : 225]     Number of complex bubbles removed: 0, Time elapsed(sec): 0.494585'
b'    [assembler.cpp             : 243]     Number unitigs disconnected: 0, time: 0.201461'
b'    [assembler.cpp             : 265]     Unitigs removed in excessive pruning: 0, time: 0.003070'
b'    [assembler.cpp             : 132]     Total length: 128088950, N50: 1928, Mean: 1146, number of contigs: 111705'
b'    [assembler.cpp             : 133]     Maximum length: 264417'
b'    [assembler.cpp             : 290]     Time to output: 81.866624'
b'    [assembler.cpp             : 317]     Number of local low depth unitigs removed: 84, complex bubbles removed: 9, time: 0.440526'
b'    [assembler.cpp             : 132]     Total length: 18845530, N50: 14793, Mean: 3734, number of contigs: 5046'
b'    [assembler.cpp             : 133]     Maximum length: 264417'
b'    [utils.h                   : 126]     Real: 622.5399\tuser: 621.7285\tsys: 0.7019\tmaxrss: 524520'
--- [Thu Mar 28 18:42:20 2019] Local assembling k = 99 ---
cmd: /usr/local/bin/megahit_asm_core local -c //tmp/SRR606249_subset10_trim2.megahit/intermediate_contigs/k99.contigs.fa -l //tmp/SRR606249_subset10_trim2.megahit/tmp/reads.lib -t 1 -o //tmp/SRR606249_subset10_trim2.megahit/intermediate_contigs/k99.local.fa --kmax 119
b'    [local_assembler.cpp       :  89]     Number of contigs: 110790, Mapper size: 15592319'
b'    [read_lib_functions-inl.h  : 256]     Before reading, sizeof seq_package: 354014304'
b'    [read_lib_functions-inl.h  : 260]     After reading, sizeof seq_package: 354014304'
b'    [local_assembler.cpp       : 330]     Lib 0, insert size: 206.52 sd: 29.66'
b'    [local_assembler.cpp       : 462]     Lib 0: total 10674126 reads, aligned 9168406, added 321908 reads for local assembly'
b'    [utils.h                   : 126]     Real: 298.3845\tuser: 297.9587\tsys: 0.3719\tmaxrss: 963408'
--- [Thu Mar 28 18:47:19 2019] Extracting iterative edges from k = 99 to 119 ---
cmd: /usr/local/bin/megahit_asm_core iterate -c //tmp/SRR606249_subset10_trim2.megahit/intermediate_contigs/k99.contigs.fa -b //tmp/SRR606249_subset10_trim2.megahit/intermediate_contigs/k99.bubble_seq.fa -t 1 -k 99 -s 20 -o //tmp/SRR606249_subset10_trim2.megahit/tmp/k119/119 -r //tmp/SRR606249_subset10_trim2.megahit/tmp/reads.lib.bin -f binary
b'    [iterate_edges.cpp         : 570]     Number of crusial kmers: 1624'
b'    [iterate_edges.cpp         : 570]     Number of crusial kmers: 11033'
b'    [iterate_edges.cpp         : 447]     Total: 10674126, aligned: 0. Iterative edges: 0'
b'    [utils.h                   : 126]     Real: 1.1717\tuser: 0.9729\tsys: 0.2370\tmaxrss: 309736'
--- [Thu Mar 28 18:47:20 2019] Building graph for k = 119 ---
/usr/local/bin/megahit_sdbg_build seq2sdbg --host_mem 60785009049 --mem_flag 1 --gpu_mem 0 --output_prefix //tmp/SRR606249_subset10_trim2.megahit/tmp/k119/119 --num_cpu_threads 1 -k 119 --kmer_from 99 --num_edge_files 1 --addi_contig //tmp/SRR606249_subset10_trim2.megahit/intermediate_contigs/k99.addi.fa --local_contig //tmp/SRR606249_subset10_trim2.megahit/intermediate_contigs/k99.local.fa --contig //tmp/SRR606249_subset10_trim2.megahit/intermediate_contigs/k99.contigs.fa --bubble //tmp/SRR606249_subset10_trim2.megahit/intermediate_contigs/k99.bubble_seq.fa
b'    [sdbg_builder.cpp          : 339]     Host memory to be used: 60785009049'
b'    [sdbg_builder.cpp          : 340]     Number CPU threads: 1'
b'    [cx1.h                     : 450]     Preparing data...'
b'    [cx1_seq2sdbg.cpp          : 434]     Bases to reserve: 45631102, number contigs: 30607, number multiplicity: 30607'
b'    [cx1_seq2sdbg.cpp          : 440]     Before reading, sizeof seq_package: 11652640, multiplicity vector: 30607'
b'    [cx1_seq2sdbg.cpp          : 529]     After reading, sizeof seq_package: 47590016, multiplicity vector: 244856'
b'    [cx1.h                     : 457]     Preparing data... Done. Time elapsed: 0.4703'
b'    [cx1.h                     : 464]     Preparing partitions and initialing global data...'
b'    [cx1_seq2sdbg.cpp          : 740]     Memory for sequence: 48920062'
b'    [cx1_seq2sdbg.cpp          : 741]     max # lv.1 items = 32263781'
b'    [cx1.h                     : 480]     Preparing partitions and initialing global data... Done. Time elapsed: 1.3902'
b'    [cx1.h                     : 486]     Start main loop...'
b'    [cx1.h                     : 515]     Lv1 scanning from bucket 0 to 3411'
b'    [cx1.h                     : 528]     Lv1 scanning done. Large diff: 0. Time elapsed: 1.5172'
b'    [cx1.h                     : 594]     Lv1 fetching & sorting done. Time elapsed: 8.1895'
b'    [cx1.h                     : 515]     Lv1 scanning from bucket 3411 to 8494'
b'    [cx1.h                     : 528]     Lv1 scanning done. Large diff: 0. Time elapsed: 1.7214'
b'    [cx1.h                     : 594]     Lv1 fetching & sorting done. Time elapsed: 8.4987'
b'    [cx1.h                     : 515]     Lv1 scanning from bucket 8494 to 14702'
b'    [cx1.h                     : 528]     Lv1 scanning done. Large diff: 0. Time elapsed: 1.7787'
b'    [cx1.h                     : 594]     Lv1 fetching & sorting done. Time elapsed: 8.4454'
b'    [cx1.h                     : 515]     Lv1 scanning from bucket 14702 to 22049'
b'    [cx1.h                     : 528]     Lv1 scanning done. Large diff: 0. Time elapsed: 1.8522'
b'    [cx1.h                     : 594]     Lv1 fetching & sorting done. Time elapsed: 8.4934'
b'    [cx1.h                     : 515]     Lv1 scanning from bucket 22049 to 30737'
b'    [cx1.h                     : 528]     Lv1 scanning done. Large diff: 0. Time elapsed: 1.9120'
b'    [cx1.h                     : 594]     Lv1 fetching & sorting done. Time elapsed: 8.4404'
b'    [cx1.h                     : 515]     Lv1 scanning from bucket 30737 to 41222'
b'    [cx1.h                     : 528]     Lv1 scanning done. Large diff: 0. Time elapsed: 1.9556'
b'    [cx1.h                     : 594]     Lv1 fetching & sorting done. Time elapsed: 8.4602'
b'    [cx1.h                     : 515]     Lv1 scanning from bucket 41222 to 55013'
b'    [cx1.h                     : 528]     Lv1 scanning done. Large diff: 0. Time elapsed: 1.9558'
b'    [cx1.h                     : 594]     Lv1 fetching & sorting done. Time elapsed: 8.4822'
b'    [cx1.h                     : 515]     Lv1 scanning from bucket 55013 to 65536'
b'    [cx1.h                     : 528]     Lv1 scanning done. Large diff: 0. Time elapsed: 1.3132'
b'    [cx1.h                     : 594]     Lv1 fetching & sorting done. Time elapsed: 3.7319'
b'    [cx1.h                     : 607]     Main loop done. Time elapsed: 76.7485'
b'    [cx1.h                     : 613]     Postprocessing...'
b'    [cx1_seq2sdbg.cpp          :1139]     Number of $ A C G T A- C- G- T-:'
b'    [cx1_seq2sdbg.cpp          :1142]     218241 57856907 57257978 57439656 57822817 696 747 658 824'
b'    [cx1_seq2sdbg.cpp          :1151]     Total number of edges: 230598524'
b'    [cx1_seq2sdbg.cpp          :1152]     Total number of ONEs: 230377358'
b'    [cx1_seq2sdbg.cpp          :1153]     Total number of $v edges: 218241'
b'    [cx1.h                     : 621]     Postprocess done. Time elapsed: 0.0268'
b'    [utils.h                   : 126]     Real: 78.6361\tuser: 77.9272\tsys: 0.6779\tmaxrss: 179500'
--- [Thu Mar 28 18:48:38 2019] Assembling contigs from SdBG for k = 119 ---
cmd: /usr/local/bin/megahit_asm_core assemble -s //tmp/SRR606249_subset10_trim2.megahit/tmp/k119/119 -o //tmp/SRR606249_subset10_trim2.megahit/intermediate_contigs/k119 -t 1 --min_standalone 300.0 --prune_level 2 --merge_len 20 --merge_similar 0.95 --low_local_ratio 0.2 --min_depth 2 --bubble_level 2 --max_tip_len 182.0 --is_final_round
b'    [assembler.cpp             : 148]     Loading succinct de Bruijn graph: //tmp/SRR606249_subset10_trim2.megahit/tmp/k119/119 Done. Time elapsed: 2.608627'
b'    [assembler.cpp             : 152]     Number of Edges: 230598524; K value: 119'
b'    [assembler.cpp             : 162]     Number of CPU threads: 1'
b'    [assembly_algorithms.cpp   : 162]     Removing tips with length less than 2; Accumulated tips removed: 52; time elapsed: 16.3269'
b'    [assembly_algorithms.cpp   : 162]     Removing tips with length less than 4; Accumulated tips removed: 164; time elapsed: 17.0186'
b'    [assembly_algorithms.cpp   : 162]     Removing tips with length less than 8; Accumulated tips removed: 332; time elapsed: 18.3721'
b'    [assembly_algorithms.cpp   : 162]     Removing tips with length less than 16; Accumulated tips removed: 618; time elapsed: 21.0972'
b'    [assembly_algorithms.cpp   : 162]     Removing tips with length less than 32; Accumulated tips removed: 1016; time elapsed: 26.4316'
b'    [assembly_algorithms.cpp   : 162]     Removing tips with length less than 64; Accumulated tips removed: 1808; time elapsed: 36.5535'
b'    [assembly_algorithms.cpp   : 162]     Removing tips with length less than 128; Accumulated tips removed: 2648; time elapsed: 56.4881'
b'    [assembly_algorithms.cpp   : 170]     Removing tips with length less than 182; Accumulated tips removed: 5964; time elapsed: 72.7625'
b'    [assembler.cpp             : 179]     Tips removal done! Time elapsed(sec): 265.059174'
b'    [assembler.cpp             : 188]     unitig graph size: 109642, time for building: 218.060033'
b'    [assembler.cpp             : 211]     Number of bubbles removed: 88, Time elapsed(sec): 0.202275'
b'    [assembler.cpp             : 225]     Number of complex bubbles removed: 75, Time elapsed(sec): 0.455169'
b'    [assembler.cpp             : 243]     Number unitigs disconnected: 174, time: 0.195963'
b'    [assembler.cpp             : 265]     Unitigs removed in excessive pruning: 50, time: 0.104049'
b'    [assembler.cpp             : 200]     Tips removed: 1, time: 0.700285'
b'    [assembler.cpp             : 211]     Number of bubbles removed: 0, Time elapsed(sec): 0.187603'
b'    [assembler.cpp             : 225]     Number of complex bubbles removed: 2, Time elapsed(sec): 0.397975'
b'    [assembler.cpp             : 243]     Number unitigs disconnected: 9, time: 0.193491'
b'    [assembler.cpp             : 265]     Unitigs removed in excessive pruning: 3, time: 0.102875'
b'    [assembler.cpp             : 200]     Tips removed: 4, time: 0.703986'
b'    [assembler.cpp             : 211]     Number of bubbles removed: 0, Time elapsed(sec): 0.185878'
b'    [assembler.cpp             : 225]     Number of complex bubbles removed: 0, Time elapsed(sec): 0.405212'
b'    [assembler.cpp             : 243]     Number unitigs disconnected: 0, time: 0.196082'
b'    [assembler.cpp             : 265]     Unitigs removed in excessive pruning: 0, time: 0.002478'
b'    [assembler.cpp             : 317]     Number of local low depth unitigs removed: 48, complex bubbles removed: 1, time: 0.736832'
b'    [assembler.cpp             : 132]     Total length: 127653748, N50: 1980, Mean: 1171, number of contigs: 108970'
b'    [assembler.cpp             : 133]     Maximum length: 264437'
b'    [utils.h                   : 126]     Real: 569.8937\tuser: 569.1125\tsys: 0.6529\tmaxrss: 497744'
--- [Thu Mar 28 18:58:08 2019] Merging to output final contigs ---
--- [STAT] 108640 contigs, total 127602974 bp, min 200 bp, max 264437 bp, avg 1175 bp, N50 1982 bp
--- [Thu Mar 28 18:58:09 2019] ALL DONE. Time elapsed: 9187.797612 seconds ---
