[2019-03-30 16:24:36,837] multiqc                                            [DEBUG  ]  No MultiQC config found: /usr/local/lib/python3.5/site-packages/multiqc_config.yaml
[2019-03-30 16:24:36,838] multiqc                                            [DEBUG  ]  No MultiQC config found: /home/sdt5z/metagenomics/workflows/.multiqc_config.yaml
[2019-03-30 16:24:36,838] multiqc                                            [DEBUG  ]  No MultiQC config found: multiqc_config.yaml
[2019-03-30 16:24:36,838] multiqc                                            [DEBUG  ]  Command used: /usr/local/bin/multiqc /tmp/SRR606249_subset10_trim2_1_fastqc.zip /tmp/SRR606249_subset10_trim30_1_fastqc.zip /tmp/SRR606249_subset10_trim2_2_fastqc.zip /tmp/SRR606249_subset10_trim30_2_fastqc.zip //tmp/SRR606249_subset10_1_reads_fastqc.zip //tmp/SRR606249_subset10_2_reads_fastqc.zip -n /tmp/SRR606249_subset10_fastqc_multiqc_report -o /tmp/SRR606249_subset10_fastqc_multiqc_report_data
[2019-03-30 16:24:37,804] multiqc                                            [WARNING]  MultiQC Version v1.7 now available!
[2019-03-30 16:24:37,804] multiqc                                            [INFO   ]  This is MultiQC v1.4
[2019-03-30 16:24:37,805] multiqc                                            [DEBUG  ]  Command     : /usr/local/bin/multiqc /tmp/SRR606249_subset10_trim2_1_fastqc.zip /tmp/SRR606249_subset10_trim30_1_fastqc.zip /tmp/SRR606249_subset10_trim2_2_fastqc.zip /tmp/SRR606249_subset10_trim30_2_fastqc.zip //tmp/SRR606249_subset10_1_reads_fastqc.zip //tmp/SRR606249_subset10_2_reads_fastqc.zip -n /tmp/SRR606249_subset10_fastqc_multiqc_report -o /tmp/SRR606249_subset10_fastqc_multiqc_report_data
[2019-03-30 16:24:37,805] multiqc                                            [DEBUG  ]  Working dir : /home/sdt5z/metagenomics/workflows
[2019-03-30 16:24:37,805] multiqc                                            [INFO   ]  Template    : default
[2019-03-30 16:24:37,805] multiqc                                            [INFO   ]  Searching '/tmp/SRR606249_subset10_trim2_1_fastqc.zip'
[2019-03-30 16:24:37,805] multiqc                                            [INFO   ]  Searching '/tmp/SRR606249_subset10_trim30_1_fastqc.zip'
[2019-03-30 16:24:37,805] multiqc                                            [INFO   ]  Searching '/tmp/SRR606249_subset10_trim2_2_fastqc.zip'
[2019-03-30 16:24:37,805] multiqc                                            [INFO   ]  Searching '/tmp/SRR606249_subset10_trim30_2_fastqc.zip'
[2019-03-30 16:24:37,805] multiqc                                            [INFO   ]  Searching '//tmp/SRR606249_subset10_1_reads_fastqc.zip'
[2019-03-30 16:24:37,805] multiqc                                            [INFO   ]  Searching '//tmp/SRR606249_subset10_2_reads_fastqc.zip'
[2019-03-30 16:24:37,805] multiqc                                            [DEBUG  ]  Analysing modules: afterqc, custom_content, conpair, peddy, methylQA, qualimap, preseq, quast, qorts, rna_seqc, rsem, rseqc, busco, goleft_indexcov, disambiguate, supernova, deeptools, sargasso, verifybamid, homer, macs2, theta2, snpeff, gatk, htseq, bcftools, featureCounts, picard, prokka, samblaster, samtools, bamtools, jellyfish, vcftools, bbmap, bismark, hicexplorer, hicup, salmon, kallisto, slamdunk, star, hisat2, tophat, bowtie2, bowtie1, leehom, adapterRemoval, cutadapt, flexbar, trimmomatic, skewer, sortmerna, biobloomtools, fastq_screen, fastqc, clusterflow, bcl2fastq, interop
[2019-03-30 16:24:37,806] multiqc                                            [DEBUG  ]  Using temporary directory for creating report: /tmp/tmpxocibj0d
[2019-03-30 16:24:38,764] multiqc                                            [DEBUG  ]  No samples found: afterqc
[2019-03-30 16:24:38,771] multiqc                                            [DEBUG  ]  No samples found: custom_content
[2019-03-30 16:24:38,774] multiqc                                            [DEBUG  ]  No samples found: conpair
[2019-03-30 16:24:38,780] multiqc                                            [DEBUG  ]  No samples found: peddy
[2019-03-30 16:24:38,783] multiqc                                            [DEBUG  ]  No samples found: methylQA
[2019-03-30 16:24:38,790] multiqc                                            [DEBUG  ]  No samples found: qualimap
[2019-03-30 16:24:38,794] multiqc                                            [DEBUG  ]  No samples found: preseq
[2019-03-30 16:24:38,798] multiqc                                            [DEBUG  ]  No samples found: quast
[2019-03-30 16:24:38,801] multiqc                                            [DEBUG  ]  No samples found: qorts
[2019-03-30 16:24:38,807] multiqc                                            [DEBUG  ]  No samples found: rna_seqc
[2019-03-30 16:24:38,810] multiqc                                            [DEBUG  ]  No samples found: rsem
[2019-03-30 16:24:38,816] multiqc                                            [DEBUG  ]  No samples found: rseqc
[2019-03-30 16:24:38,844] multiqc                                            [DEBUG  ]  No samples found: busco
[2019-03-30 16:24:38,848] multiqc                                            [DEBUG  ]  No samples found: goleft_indexcov
[2019-03-30 16:24:38,853] multiqc                                            [DEBUG  ]  No samples found: disambiguate
[2019-03-30 16:24:38,858] multiqc                                            [DEBUG  ]  No samples found: supernova
[2019-03-30 16:24:38,863] multiqc                                            [DEBUG  ]  No samples found: deeptools
[2019-03-30 16:24:38,867] multiqc                                            [DEBUG  ]  No samples found: sargasso
[2019-03-30 16:24:38,872] multiqc                                            [DEBUG  ]  No samples found: verifybamid
[2019-03-30 16:24:38,876] multiqc                                            [DEBUG  ]  No samples found: homer
[2019-03-30 16:24:38,881] multiqc                                            [DEBUG  ]  No samples found: macs2
[2019-03-30 16:24:38,885] multiqc                                            [DEBUG  ]  No samples found: theta2
[2019-03-30 16:24:38,889] multiqc                                            [DEBUG  ]  No samples found: snpeff
[2019-03-30 16:24:38,895] multiqc                                            [DEBUG  ]  No samples found: gatk
[2019-03-30 16:24:38,899] multiqc                                            [DEBUG  ]  No samples found: htseq
[2019-03-30 16:24:38,904] multiqc                                            [DEBUG  ]  No samples found: bcftools
[2019-03-30 16:24:38,907] multiqc                                            [DEBUG  ]  No samples found: featureCounts
[2019-03-30 16:24:38,914] multiqc                                            [DEBUG  ]  No samples found: picard
[2019-03-30 16:24:38,919] multiqc                                            [DEBUG  ]  No samples found: prokka
[2019-03-30 16:24:38,923] multiqc                                            [DEBUG  ]  No samples found: samblaster
[2019-03-30 16:24:38,928] multiqc                                            [DEBUG  ]  No samples found: samtools
[2019-03-30 16:24:38,932] multiqc                                            [DEBUG  ]  No samples found: bamtools
[2019-03-30 16:24:38,936] multiqc                                            [DEBUG  ]  No samples found: jellyfish
[2019-03-30 16:24:38,942] multiqc                                            [DEBUG  ]  No samples found: vcftools
[2019-03-30 16:24:38,948] multiqc                                            [DEBUG  ]  No samples found: bbmap
[2019-03-30 16:24:38,952] multiqc                                            [DEBUG  ]  No samples found: bismark
[2019-03-30 16:24:38,956] multiqc                                            [DEBUG  ]  No samples found: hicexplorer
[2019-03-30 16:24:38,960] multiqc                                            [DEBUG  ]  No samples found: hicup
[2019-03-30 16:24:38,964] multiqc                                            [DEBUG  ]  No samples found: salmon
[2019-03-30 16:24:38,968] multiqc                                            [DEBUG  ]  No samples found: kallisto
[2019-03-30 16:24:38,973] multiqc                                            [DEBUG  ]  No samples found: slamdunk
[2019-03-30 16:24:38,977] multiqc                                            [DEBUG  ]  No samples found: star
[2019-03-30 16:24:38,981] multiqc                                            [DEBUG  ]  No samples found: hisat2
[2019-03-30 16:24:38,984] multiqc                                            [DEBUG  ]  No samples found: tophat
[2019-03-30 16:24:38,989] multiqc                                            [DEBUG  ]  No samples found: bowtie2
[2019-03-30 16:24:38,992] multiqc                                            [DEBUG  ]  No samples found: bowtie1
[2019-03-30 16:24:38,996] multiqc                                            [DEBUG  ]  No samples found: leehom
[2019-03-30 16:24:39,001] multiqc                                            [DEBUG  ]  No samples found: adapterRemoval
[2019-03-30 16:24:39,005] multiqc                                            [DEBUG  ]  No samples found: cutadapt
[2019-03-30 16:24:39,009] multiqc                                            [DEBUG  ]  No samples found: flexbar
[2019-03-30 16:24:39,013] multiqc                                            [DEBUG  ]  No samples found: trimmomatic
[2019-03-30 16:24:39,017] multiqc                                            [DEBUG  ]  No samples found: skewer
[2019-03-30 16:24:39,021] multiqc                                            [DEBUG  ]  No samples found: sortmerna
[2019-03-30 16:24:39,025] multiqc                                            [DEBUG  ]  No samples found: biobloomtools
[2019-03-30 16:24:39,029] multiqc                                            [DEBUG  ]  No samples found: fastq_screen
[2019-03-30 16:24:39,054] multiqc.modules.fastqc.fastqc                      [INFO   ]  Found 6 reports
[2019-03-30 16:24:39,165] multiqc                                            [DEBUG  ]  No samples found: clusterflow
[2019-03-30 16:24:39,169] multiqc                                            [DEBUG  ]  No samples found: bcl2fastq
[2019-03-30 16:24:39,173] multiqc                                            [DEBUG  ]  No samples found: interop
[2019-03-30 16:24:39,184] multiqc                                            [INFO   ]  Compressing plot data
[2019-03-30 16:24:39,321] multiqc                                            [INFO   ]  Report      : ../../../../tmp/SRR606249_subset10_fastqc_multiqc_report.html
[2019-03-30 16:24:39,321] multiqc                                            [INFO   ]  Data        : ../../../../tmp/SRR606249_subset10_fastqc_multiqc_report_data
[2019-03-30 16:24:39,321] multiqc                                            [DEBUG  ]  Moving data file from '/tmp/tmpxocibj0d/multiqc_data/multiqc_fastqc.txt' to '/tmp/SRR606249_subset10_fastqc_multiqc_report_data'
[2019-03-30 16:24:39,321] multiqc                                            [DEBUG  ]  Moving data file from '/tmp/tmpxocibj0d/multiqc_data/multiqc_data.json' to '/tmp/SRR606249_subset10_fastqc_multiqc_report_data'
[2019-03-30 16:24:39,322] multiqc                                            [DEBUG  ]  Moving data file from '/tmp/tmpxocibj0d/multiqc_data/multiqc_general_stats.txt' to '/tmp/SRR606249_subset10_fastqc_multiqc_report_data'
[2019-03-30 16:24:39,322] multiqc                                            [DEBUG  ]  Moving data file from '/tmp/tmpxocibj0d/multiqc_data/multiqc_sources.txt' to '/tmp/SRR606249_subset10_fastqc_multiqc_report_data'
[2019-03-30 16:24:39,442] multiqc                                            [INFO   ]  MultiQC complete
