[2019-06-05 14:35:23,318] multiqc                                            [DEBUG  ]  No MultiQC config found: /usr/local/lib/python3.5/site-packages/multiqc_config.yaml
[2019-06-05 14:35:23,318] multiqc                                            [DEBUG  ]  No MultiQC config found: /data/home/sturner/metagenomics/workflows/.multiqc_config.yaml
[2019-06-05 14:35:23,318] multiqc                                            [DEBUG  ]  No MultiQC config found: multiqc_config.yaml
[2019-06-05 14:35:23,318] multiqc                                            [DEBUG  ]  Command used: /usr/local/bin/multiqc /tmp/SRR606249_subset10_1_reads_trim2_1_fastqc.zip /tmp/SRR606249_subset10_1_reads_trim30_1_fastqc.zip /tmp/SRR606249_subset10_1_reads_trim2_2_fastqc.zip /tmp/SRR606249_subset10_1_reads_trim30_2_fastqc.zip //tmp/SRR606249_subset10_1_reads_1_reads_fastqc.zip //tmp/SRR606249_subset10_1_reads_2_reads_fastqc.zip -n /tmp/SRR606249_subset10_1_reads_fastqc_multiqc_report -o /tmp/SRR606249_subset10_1_reads_fastqc_multiqc_report_data
[2019-06-05 14:35:27,270] multiqc                                            [WARNING]  MultiQC Version v1.7 now available!
[2019-06-05 14:35:27,270] multiqc                                            [INFO   ]  This is MultiQC v1.4
[2019-06-05 14:35:27,270] multiqc                                            [DEBUG  ]  Command     : /usr/local/bin/multiqc /tmp/SRR606249_subset10_1_reads_trim2_1_fastqc.zip /tmp/SRR606249_subset10_1_reads_trim30_1_fastqc.zip /tmp/SRR606249_subset10_1_reads_trim2_2_fastqc.zip /tmp/SRR606249_subset10_1_reads_trim30_2_fastqc.zip //tmp/SRR606249_subset10_1_reads_1_reads_fastqc.zip //tmp/SRR606249_subset10_1_reads_2_reads_fastqc.zip -n /tmp/SRR606249_subset10_1_reads_fastqc_multiqc_report -o /tmp/SRR606249_subset10_1_reads_fastqc_multiqc_report_data
[2019-06-05 14:35:27,270] multiqc                                            [DEBUG  ]  Working dir : /data/home/sturner/metagenomics/workflows
[2019-06-05 14:35:27,270] multiqc                                            [INFO   ]  Template    : default
[2019-06-05 14:35:27,270] multiqc                                            [INFO   ]  Searching '/tmp/SRR606249_subset10_1_reads_trim2_1_fastqc.zip'
[2019-06-05 14:35:27,270] multiqc                                            [INFO   ]  Searching '/tmp/SRR606249_subset10_1_reads_trim30_1_fastqc.zip'
[2019-06-05 14:35:27,270] multiqc                                            [INFO   ]  Searching '/tmp/SRR606249_subset10_1_reads_trim2_2_fastqc.zip'
[2019-06-05 14:35:27,270] multiqc                                            [INFO   ]  Searching '/tmp/SRR606249_subset10_1_reads_trim30_2_fastqc.zip'
[2019-06-05 14:35:27,271] multiqc                                            [INFO   ]  Searching '//tmp/SRR606249_subset10_1_reads_1_reads_fastqc.zip'
[2019-06-05 14:35:27,271] multiqc                                            [INFO   ]  Searching '//tmp/SRR606249_subset10_1_reads_2_reads_fastqc.zip'
[2019-06-05 14:35:27,271] multiqc                                            [DEBUG  ]  Analysing modules: afterqc, custom_content, conpair, peddy, methylQA, qualimap, preseq, quast, qorts, rna_seqc, rsem, rseqc, busco, goleft_indexcov, disambiguate, supernova, deeptools, sargasso, verifybamid, homer, macs2, theta2, snpeff, gatk, htseq, bcftools, featureCounts, picard, prokka, samblaster, samtools, bamtools, jellyfish, vcftools, bbmap, bismark, hicexplorer, hicup, salmon, kallisto, slamdunk, star, hisat2, tophat, bowtie2, bowtie1, leehom, adapterRemoval, cutadapt, flexbar, trimmomatic, skewer, sortmerna, biobloomtools, fastq_screen, fastqc, clusterflow, bcl2fastq, interop
[2019-06-05 14:35:27,271] multiqc                                            [DEBUG  ]  Using temporary directory for creating report: /tmp/tmp7t18me3o
[2019-06-05 14:35:29,567] multiqc                                            [DEBUG  ]  No samples found: afterqc
[2019-06-05 14:35:29,575] multiqc                                            [DEBUG  ]  No samples found: custom_content
[2019-06-05 14:35:29,579] multiqc                                            [DEBUG  ]  No samples found: conpair
[2019-06-05 14:35:29,583] multiqc                                            [DEBUG  ]  No samples found: peddy
[2019-06-05 14:35:29,587] multiqc                                            [DEBUG  ]  No samples found: methylQA
[2019-06-05 14:35:29,592] multiqc                                            [DEBUG  ]  No samples found: qualimap
[2019-06-05 14:35:29,597] multiqc                                            [DEBUG  ]  No samples found: preseq
[2019-06-05 14:35:29,601] multiqc                                            [DEBUG  ]  No samples found: quast
[2019-06-05 14:35:29,604] multiqc                                            [DEBUG  ]  No samples found: qorts
[2019-06-05 14:35:29,609] multiqc                                            [DEBUG  ]  No samples found: rna_seqc
[2019-06-05 14:35:29,613] multiqc                                            [DEBUG  ]  No samples found: rsem
[2019-06-05 14:35:29,619] multiqc                                            [DEBUG  ]  No samples found: rseqc
[2019-06-05 14:35:29,623] multiqc                                            [DEBUG  ]  No samples found: busco
[2019-06-05 14:35:29,628] multiqc                                            [DEBUG  ]  No samples found: goleft_indexcov
[2019-06-05 14:35:29,632] multiqc                                            [DEBUG  ]  No samples found: disambiguate
[2019-06-05 14:35:29,637] multiqc                                            [DEBUG  ]  No samples found: supernova
[2019-06-05 14:35:29,643] multiqc                                            [DEBUG  ]  No samples found: deeptools
[2019-06-05 14:35:29,647] multiqc                                            [DEBUG  ]  No samples found: sargasso
[2019-06-05 14:35:29,652] multiqc                                            [DEBUG  ]  No samples found: verifybamid
[2019-06-05 14:35:29,657] multiqc                                            [DEBUG  ]  No samples found: homer
[2019-06-05 14:35:29,662] multiqc                                            [DEBUG  ]  No samples found: macs2
[2019-06-05 14:35:29,666] multiqc                                            [DEBUG  ]  No samples found: theta2
[2019-06-05 14:35:29,670] multiqc                                            [DEBUG  ]  No samples found: snpeff
[2019-06-05 14:35:29,676] multiqc                                            [DEBUG  ]  No samples found: gatk
[2019-06-05 14:35:29,680] multiqc                                            [DEBUG  ]  No samples found: htseq
[2019-06-05 14:35:29,685] multiqc                                            [DEBUG  ]  No samples found: bcftools
[2019-06-05 14:35:29,689] multiqc                                            [DEBUG  ]  No samples found: featureCounts
[2019-06-05 14:35:29,698] multiqc                                            [DEBUG  ]  No samples found: picard
[2019-06-05 14:35:29,702] multiqc                                            [DEBUG  ]  No samples found: prokka
[2019-06-05 14:35:29,706] multiqc                                            [DEBUG  ]  No samples found: samblaster
[2019-06-05 14:35:29,756] multiqc                                            [DEBUG  ]  No samples found: samtools
[2019-06-05 14:35:29,761] multiqc                                            [DEBUG  ]  No samples found: bamtools
[2019-06-05 14:35:29,766] multiqc                                            [DEBUG  ]  No samples found: jellyfish
[2019-06-05 14:35:29,772] multiqc                                            [DEBUG  ]  No samples found: vcftools
[2019-06-05 14:35:29,779] multiqc                                            [DEBUG  ]  No samples found: bbmap
[2019-06-05 14:35:29,783] multiqc                                            [DEBUG  ]  No samples found: bismark
[2019-06-05 14:35:29,788] multiqc                                            [DEBUG  ]  No samples found: hicexplorer
[2019-06-05 14:35:29,792] multiqc                                            [DEBUG  ]  No samples found: hicup
[2019-06-05 14:35:29,796] multiqc                                            [DEBUG  ]  No samples found: salmon
[2019-06-05 14:35:29,800] multiqc                                            [DEBUG  ]  No samples found: kallisto
[2019-06-05 14:35:29,805] multiqc                                            [DEBUG  ]  No samples found: slamdunk
[2019-06-05 14:35:29,810] multiqc                                            [DEBUG  ]  No samples found: star
[2019-06-05 14:35:29,814] multiqc                                            [DEBUG  ]  No samples found: hisat2
[2019-06-05 14:35:29,818] multiqc                                            [DEBUG  ]  No samples found: tophat
[2019-06-05 14:35:29,822] multiqc                                            [DEBUG  ]  No samples found: bowtie2
[2019-06-05 14:35:29,826] multiqc                                            [DEBUG  ]  No samples found: bowtie1
[2019-06-05 14:35:29,830] multiqc                                            [DEBUG  ]  No samples found: leehom
[2019-06-05 14:35:29,835] multiqc                                            [DEBUG  ]  No samples found: adapterRemoval
[2019-06-05 14:35:29,839] multiqc                                            [DEBUG  ]  No samples found: cutadapt
[2019-06-05 14:35:29,844] multiqc                                            [DEBUG  ]  No samples found: flexbar
[2019-06-05 14:35:29,848] multiqc                                            [DEBUG  ]  No samples found: trimmomatic
[2019-06-05 14:35:29,853] multiqc                                            [DEBUG  ]  No samples found: skewer
[2019-06-05 14:35:29,857] multiqc                                            [DEBUG  ]  No samples found: sortmerna
[2019-06-05 14:35:29,861] multiqc                                            [DEBUG  ]  No samples found: biobloomtools
[2019-06-05 14:35:29,865] multiqc                                            [DEBUG  ]  No samples found: fastq_screen
[2019-06-05 14:35:29,889] multiqc.modules.fastqc.fastqc                      [INFO   ]  Found 6 reports
[2019-06-05 14:35:30,006] multiqc                                            [DEBUG  ]  No samples found: clusterflow
[2019-06-05 14:35:30,011] multiqc                                            [DEBUG  ]  No samples found: bcl2fastq
[2019-06-05 14:35:30,015] multiqc                                            [DEBUG  ]  No samples found: interop
[2019-06-05 14:35:30,026] multiqc                                            [INFO   ]  Compressing plot data
[2019-06-05 14:35:30,172] multiqc                                            [INFO   ]  Report      : ../../../../../tmp/SRR606249_subset10_1_reads_fastqc_multiqc_report.html
[2019-06-05 14:35:30,172] multiqc                                            [INFO   ]  Data        : ../../../../../tmp/SRR606249_subset10_1_reads_fastqc_multiqc_report_data
[2019-06-05 14:35:30,173] multiqc                                            [DEBUG  ]  Moving data file from '/tmp/tmp7t18me3o/multiqc_data/multiqc_data.json' to '/tmp/SRR606249_subset10_1_reads_fastqc_multiqc_report_data'
[2019-06-05 14:35:30,173] multiqc                                            [DEBUG  ]  Moving data file from '/tmp/tmp7t18me3o/multiqc_data/multiqc_general_stats.txt' to '/tmp/SRR606249_subset10_1_reads_fastqc_multiqc_report_data'
[2019-06-05 14:35:30,173] multiqc                                            [DEBUG  ]  Moving data file from '/tmp/tmp7t18me3o/multiqc_data/multiqc_sources.txt' to '/tmp/SRR606249_subset10_1_reads_fastqc_multiqc_report_data'
[2019-06-05 14:35:30,173] multiqc                                            [DEBUG  ]  Moving data file from '/tmp/tmp7t18me3o/multiqc_data/multiqc_fastqc.txt' to '/tmp/SRR606249_subset10_1_reads_fastqc_multiqc_report_data'
[2019-06-05 14:35:30,342] multiqc                                            [INFO   ]  MultiQC complete
