MEGAHIT v1.1.2
--- [Fri Mar 29 00:37:03 2019] Start assembly. Number of CPU threads 1 ---
--- [Fri Mar 29 00:37:03 2019] Available memory: 67538898944, used: 60785009049
--- [Fri Mar 29 00:37:03 2019] Converting reads to binaries ---
/usr/local/bin/megahit_asm_core buildlib //tmp/SRR606249_subset10_trim30.megahit/tmp/reads.lib //tmp/SRR606249_subset10_trim30.megahit/tmp/reads.lib
b'    [read_lib_functions-inl.h  : 209]     Lib 0 (/tmp/SRR606249_subset10_trim30_1.fq.gz,/tmp/SRR606249_subset10_trim30_2.fq.gz): pe, 10088568 reads, 101 max length'
b'    [utils.h                   : 126]     Real: 14.5690\tuser: 10.2154\tsys: 0.9609\tmaxrss: 157064'
--- [Fri Mar 29 00:37:18 2019] k-max reset to: 119 ---
--- [Fri Mar 29 00:37:18 2019] k list: 21,29,39,59,79,99,119 ---
--- [Fri Mar 29 00:37:18 2019] Extracting solid (k+1)-mers for k = 21 ---
cmd: /usr/local/bin/megahit_sdbg_build count -k 21 -m 2 --host_mem 60785009049 --mem_flag 1 --gpu_mem 0 --output_prefix //tmp/SRR606249_subset10_trim30.megahit/tmp/k21/21 --num_cpu_threads 1 --num_output_threads 1 --read_lib_file //tmp/SRR606249_subset10_trim30.megahit/tmp/reads.lib
b'    [sdbg_builder.cpp          : 112]     Host memory to be used: 60785009049'
b'    [sdbg_builder.cpp          : 113]     Number CPU threads: 1'
b'    [cx1.h                     : 450]     Preparing data...'
b'    [read_lib_functions-inl.h  : 256]     Before reading, sizeof seq_package: 317293740'
b'    [read_lib_functions-inl.h  : 260]     After reading, sizeof seq_package: 317293740'
b'    [cx1_kmer_count.cpp        : 136]     10088568 reads, 101 max read length'
b'    [cx1.h                     : 457]     Preparing data... Done. Time elapsed: 1.6559'
b'    [cx1.h                     : 464]     Preparing partitions and initialing global data...'
b'    [cx1_kmer_count.cpp        : 227]     2 words per substring, 2 words per edge'
b'    [cx1_kmer_count.cpp        : 322]     Set: 395373736, 60436474845'
b'    [cx1_kmer_count.cpp        : 356]     97930774, 152110 395373736 60436474845'
b'    [cx1_kmer_count.cpp        : 363]     Memory for reads: 324687052'
b'    [cx1_kmer_count.cpp        : 364]     max # lv.1 items = 97930774'
b'    [cx1.h                     : 480]     Preparing partitions and initialing global data... Done. Time elapsed: 11.9044'
b'    [cx1.h                     : 486]     Start main loop...'
b'    [cx1.h                     : 515]     Lv1 scanning from bucket 0 to 2200'
b'    [cx1.h                     : 528]     Lv1 scanning done. Large diff: 0. Time elapsed: 13.4082'
b'    [cx1.h                     : 594]     Lv1 fetching & sorting done. Time elapsed: 33.0926'
b'    [cx1.h                     : 515]     Lv1 scanning from bucket 2200 to 5701'
b'    [cx1.h                     : 528]     Lv1 scanning done. Large diff: 0. Time elapsed: 13.6693'
b'    [cx1.h                     : 594]     Lv1 fetching & sorting done. Time elapsed: 34.4754'
b'    [cx1.h                     : 515]     Lv1 scanning from bucket 5701 to 10221'
b'    [cx1.h                     : 528]     Lv1 scanning done. Large diff: 0. Time elapsed: 14.0044'
b'    [cx1.h                     : 594]     Lv1 fetching & sorting done. Time elapsed: 35.1121'
b'    [cx1.h                     : 515]     Lv1 scanning from bucket 10221 to 15884'
b'    [cx1.h                     : 528]     Lv1 scanning done. Large diff: 0. Time elapsed: 14.2152'
b'    [cx1.h                     : 594]     Lv1 fetching & sorting done. Time elapsed: 35.8045'
b'    [cx1.h                     : 515]     Lv1 scanning from bucket 15884 to 23027'
b'    [cx1.h                     : 528]     Lv1 scanning done. Large diff: 0. Time elapsed: 14.4990'
b'    [cx1.h                     : 594]     Lv1 fetching & sorting done. Time elapsed: 35.5474'
b'    [cx1.h                     : 515]     Lv1 scanning from bucket 23027 to 32493'
b'    [cx1.h                     : 528]     Lv1 scanning done. Large diff: 0. Time elapsed: 14.7436'
b'    [cx1.h                     : 594]     Lv1 fetching & sorting done. Time elapsed: 35.7020'
b'    [cx1.h                     : 515]     Lv1 scanning from bucket 32493 to 47198'
b'    [cx1.h                     : 528]     Lv1 scanning done. Large diff: 0. Time elapsed: 15.0764'
b'    [cx1.h                     : 594]     Lv1 fetching & sorting done. Time elapsed: 35.4443'
b'    [cx1.h                     : 515]     Lv1 scanning from bucket 47198 to 65536'
b'    [cx1.h                     : 528]     Lv1 scanning done. Large diff: 0. Time elapsed: 13.2412'
b'    [cx1.h                     : 594]     Lv1 fetching & sorting done. Time elapsed: 15.5415'
b'    [cx1.h                     : 607]     Main loop done. Time elapsed: 373.5776'
b'    [cx1.h                     : 613]     Postprocessing...'
b'    [cx1_kmer_count.cpp        : 860]     Total number of candidate reads: 512645(1051032)'
b'    [cx1_kmer_count.cpp        : 871]     Total number of solid edges: 129634833'
b'    [cx1.h                     : 621]     Postprocess done. Time elapsed: 0.2781'
b'    [utils.h                   : 126]     Real: 387.4197\tuser: 385.5914\tsys: 1.6867\tmaxrss: 789008'
--- [Fri Mar 29 00:43:45 2019] Building graph for k = 21 ---
/usr/local/bin/megahit_sdbg_build seq2sdbg --host_mem 60785009049 --mem_flag 1 --gpu_mem 0 --output_prefix //tmp/SRR606249_subset10_trim30.megahit/tmp/k21/21 --num_cpu_threads 1 -k 21 --kmer_from 0 --num_edge_files 1 --input_prefix //tmp/SRR606249_subset10_trim30.megahit/tmp/k21/21 --need_mercy
b'    [sdbg_builder.cpp          : 339]     Host memory to be used: 60785009049'
b'    [sdbg_builder.cpp          : 340]     Number CPU threads: 1'
b'    [cx1.h                     : 450]     Preparing data...'
b'    [cx1_seq2sdbg.cpp          : 394]     Number edges: 129634833'
b'    [cx1_seq2sdbg.cpp          : 434]     Bases to reserve: 3564957902, number contigs: 0, number multiplicity: 162043541'
b'    [cx1_seq2sdbg.cpp          : 440]     Before reading, sizeof seq_package: 891239484, multiplicity vector: 162043541'
b'    [cx1_seq2sdbg.cpp          : 455]     Adding mercy edges...'
b'    [cx1_seq2sdbg.cpp          : 373]     Number of reads: 512645, Number of mercy edges: 8352524'
b'    [cx1_seq2sdbg.cpp          : 462]     Done. Time elapsed: 30.0361'
b'    [cx1_seq2sdbg.cpp          : 529]     After reading, sizeof seq_package: 891239484, multiplicity vector: 162043541'
b'    [cx1.h                     : 457]     Preparing data... Done. Time elapsed: 33.0460'
b'    [cx1.h                     : 464]     Preparing partitions and initialing global data...'
b'    [cx1_seq2sdbg.cpp          : 740]     Memory for sequence: 1190930806'
b'    [cx1_seq2sdbg.cpp          : 741]     max # lv.1 items = 110389885'
b'    [cx1.h                     : 480]     Preparing partitions and initialing global data... Done. Time elapsed: 8.6052'
b'    [cx1.h                     : 486]     Start main loop...'
b'    [cx1.h                     : 515]     Lv1 scanning from bucket 0 to 3388'
b'    [cx1.h                     : 528]     Lv1 scanning done. Large diff: 0. Time elapsed: 8.6728'
b'    [cx1.h                     : 594]     Lv1 fetching & sorting done. Time elapsed: 18.3286'
b'    [cx1.h                     : 515]     Lv1 scanning from bucket 3388 to 8435'
b'    [cx1.h                     : 528]     Lv1 scanning done. Large diff: 0. Time elapsed: 8.8988'
b'    [cx1.h                     : 594]     Lv1 fetching & sorting done. Time elapsed: 18.7827'
b'    [cx1.h                     : 515]     Lv1 scanning from bucket 8435 to 14612'
b'    [cx1.h                     : 528]     Lv1 scanning done. Large diff: 0. Time elapsed: 9.0975'
b'    [cx1.h                     : 594]     Lv1 fetching & sorting done. Time elapsed: 19.1843'
b'    [cx1.h                     : 515]     Lv1 scanning from bucket 14612 to 21917'
b'    [cx1.h                     : 528]     Lv1 scanning done. Large diff: 0. Time elapsed: 9.2302'
b'    [cx1.h                     : 594]     Lv1 fetching & sorting done. Time elapsed: 19.5182'
b'    [cx1.h                     : 515]     Lv1 scanning from bucket 21917 to 30563'
b'    [cx1.h                     : 528]     Lv1 scanning done. Large diff: 0. Time elapsed: 9.3811'
b'    [cx1.h                     : 594]     Lv1 fetching & sorting done. Time elapsed: 19.7283'
b'    [cx1.h                     : 515]     Lv1 scanning from bucket 30563 to 40978'
b'    [cx1.h                     : 528]     Lv1 scanning done. Large diff: 0. Time elapsed: 9.4422'
b'    [cx1.h                     : 594]     Lv1 fetching & sorting done. Time elapsed: 19.9081'
b'    [cx1.h                     : 515]     Lv1 scanning from bucket 40978 to 54591'
b'    [cx1.h                     : 528]     Lv1 scanning done. Large diff: 0. Time elapsed: 9.4894'
b'    [cx1.h                     : 594]     Lv1 fetching & sorting done. Time elapsed: 19.8527'
b'    [cx1.h                     : 515]     Lv1 scanning from bucket 54591 to 65536'
b'    [cx1.h                     : 528]     Lv1 scanning done. Large diff: 0. Time elapsed: 8.4906'
b'    [cx1.h                     : 594]     Lv1 fetching & sorting done. Time elapsed: 9.3018'
b'    [cx1.h                     : 607]     Main loop done. Time elapsed: 217.3077'
b'    [cx1.h                     : 613]     Postprocessing...'
b'    [cx1_seq2sdbg.cpp          :1139]     Number of $ A C G T A- C- G- T-:'
b'    [cx1_seq2sdbg.cpp          :1142]     797934 69517497 68531658 68834537 69516394 85163 99827 102944 84092'
b'    [cx1_seq2sdbg.cpp          :1151]     Total number of edges: 277570046'
b'    [cx1_seq2sdbg.cpp          :1152]     Total number of ONEs: 276400086'
b'    [cx1_seq2sdbg.cpp          :1153]     Total number of $v edges: 797934'
b'    [cx1.h                     : 621]     Postprocess done. Time elapsed: 0.0277'
b'    [utils.h                   : 126]     Real: 258.9895\tuser: 257.0419\tsys: 1.8597\tmaxrss: 1807664'
--- [Fri Mar 29 00:48:05 2019] Assembling contigs from SdBG for k = 21 ---
cmd: /usr/local/bin/megahit_asm_core assemble -s //tmp/SRR606249_subset10_trim30.megahit/tmp/k21/21 -o //tmp/SRR606249_subset10_trim30.megahit/intermediate_contigs/k21 -t 1 --min_standalone 300.0 --prune_level 2 --merge_len 20 --merge_similar 0.95 --low_local_ratio 0.2 --min_depth 2 --bubble_level 2 --max_tip_len -1 --careful_bubble
b'    [assembler.cpp             : 148]     Loading succinct de Bruijn graph: //tmp/SRR606249_subset10_trim30.megahit/tmp/k21/21 Done. Time elapsed: 3.113315'
b'    [assembler.cpp             : 152]     Number of Edges: 277570046; K value: 21'
b'    [assembler.cpp             : 162]     Number of CPU threads: 1'
b'    [assembly_algorithms.cpp   : 162]     Removing tips with length less than 2; Accumulated tips removed: 4374; time elapsed: 20.4276'
b'    [assembly_algorithms.cpp   : 162]     Removing tips with length less than 4; Accumulated tips removed: 17826; time elapsed: 22.3877'
b'    [assembly_algorithms.cpp   : 162]     Removing tips with length less than 8; Accumulated tips removed: 42758; time elapsed: 26.5721'
b'    [assembly_algorithms.cpp   : 162]     Removing tips with length less than 16; Accumulated tips removed: 91628; time elapsed: 35.2523'
b'    [assembly_algorithms.cpp   : 162]     Removing tips with length less than 32; Accumulated tips removed: 177921; time elapsed: 50.4657'
b'    [assembly_algorithms.cpp   : 170]     Removing tips with length less than 42; Accumulated tips removed: 221952; time elapsed: 57.6796'
b'    [assembler.cpp             : 179]     Tips removal done! Time elapsed(sec): 212.795452'
b'    [assembler.cpp             : 188]     unitig graph size: 765037, time for building: 293.086878'
b'    [assembler.cpp             : 211]     Number of bubbles removed: 70085, Time elapsed(sec): 13.526418'
b'    [assembler.cpp             : 225]     Number of complex bubbles removed: 17288, Time elapsed(sec): 11.734970'
b'    [assembler.cpp             : 243]     Number unitigs disconnected: 8018, time: 1.237583'
b'    [assembler.cpp             : 265]     Unitigs removed in excessive pruning: 27, time: 0.751195'
b'    [assembler.cpp             : 200]     Tips removed: 64, time: 3.420722'
b'    [assembler.cpp             : 211]     Number of bubbles removed: 52, Time elapsed(sec): 1.204732'
b'    [assembler.cpp             : 225]     Number of complex bubbles removed: 32, Time elapsed(sec): 6.787558'
b'    [assembler.cpp             : 243]     Number unitigs disconnected: 524, time: 1.179009'
b'    [assembler.cpp             : 265]     Unitigs removed in excessive pruning: 0, time: 0.145981'
b'    [assembler.cpp             : 200]     Tips removed: 289, time: 3.390150'
b'    [assembler.cpp             : 211]     Number of bubbles removed: 27, Time elapsed(sec): 1.199865'
b'    [assembler.cpp             : 225]     Number of complex bubbles removed: 7, Time elapsed(sec): 6.787521'
b'    [assembler.cpp             : 243]     Number unitigs disconnected: 3, time: 1.172590'
b'    [assembler.cpp             : 265]     Unitigs removed in excessive pruning: 0, time: 0.144574'
b'    [assembler.cpp             : 200]     Tips removed: 0, time: 3.387224'
b'    [assembler.cpp             : 211]     Number of bubbles removed: 0, Time elapsed(sec): 1.201203'
b'    [assembler.cpp             : 225]     Number of complex bubbles removed: 0, Time elapsed(sec): 6.782978'
b'    [assembler.cpp             : 243]     Number unitigs disconnected: 0, time: 1.193391'
b'    [assembler.cpp             : 265]     Unitigs removed in excessive pruning: 0, time: 0.146014'
b'    [assembler.cpp             : 132]     Total length: 147215459, N50: 497, Mean: 243, number of contigs: 604812'
b'    [assembler.cpp             : 133]     Maximum length: 22625'
b'    [assembler.cpp             : 290]     Time to output: 99.845472'
b'    [assembler.cpp             : 317]     Number of local low depth unitigs removed: 2572, complex bubbles removed: 153, time: 28.290518'
b'    [assembler.cpp             : 132]     Total length: 80763023, N50: 745, Mean: 244, number of contigs: 330887'
b'    [assembler.cpp             : 133]     Maximum length: 22625'
b'    [utils.h                   : 126]     Real: 755.5849\tuser: 754.5243\tsys: 0.8649\tmaxrss: 645908'
--- [Fri Mar 29 01:00:40 2019] Local assembling k = 21 ---
cmd: /usr/local/bin/megahit_asm_core local -c //tmp/SRR606249_subset10_trim30.megahit/intermediate_contigs/k21.contigs.fa -l //tmp/SRR606249_subset10_trim30.megahit/tmp/reads.lib -t 1 -o //tmp/SRR606249_subset10_trim30.megahit/intermediate_contigs/k21.local.fa --kmax 29
b'    [local_assembler.cpp       :  89]     Number of contigs: 191295, Mapper size: 13464149'
b'    [read_lib_functions-inl.h  : 256]     Before reading, sizeof seq_package: 317293740'
b'    [read_lib_functions-inl.h  : 260]     After reading, sizeof seq_package: 317293740'
b'    [local_assembler.cpp       : 330]     Lib 0, insert size: 205.02 sd: 29.52'
b'    [local_assembler.cpp       : 462]     Lib 0: total 10088568 reads, aligned 7655112, added 1242916 reads for local assembly'
b'    [utils.h                   : 126]     Real: 361.0925\tuser: 360.4732\tsys: 0.5559\tmaxrss: 982228'
--- [Fri Mar 29 01:06:41 2019] Extracting iterative edges from k = 21 to 29 ---
cmd: /usr/local/bin/megahit_asm_core iterate -c //tmp/SRR606249_subset10_trim30.megahit/intermediate_contigs/k21.contigs.fa -b //tmp/SRR606249_subset10_trim30.megahit/intermediate_contigs/k21.bubble_seq.fa -t 1 -k 21 -s 8 -o //tmp/SRR606249_subset10_trim30.megahit/tmp/k29/29 -r //tmp/SRR606249_subset10_trim30.megahit/tmp/reads.lib.bin -f binary
b'    [iterate_edges.cpp         : 570]     Number of crusial kmers: 251983'
b'    [iterate_edges.cpp         : 570]     Number of crusial kmers: 864855'
b'    [iterate_edges.cpp         : 447]     Total: 10088568, aligned: 1724727. Iterative edges: 3848327'
b'    [iterate_edges.cpp         : 451]     Writing iterative edges...'
b'    [utils.h                   : 126]     Real: 192.5640\tuser: 192.7307\tsys: 0.3529\tmaxrss: 380260'
--- [Fri Mar 29 01:09:54 2019] Building graph for k = 29 ---
/usr/local/bin/megahit_sdbg_build seq2sdbg --host_mem 60785009049 --mem_flag 1 --gpu_mem 0 --output_prefix //tmp/SRR606249_subset10_trim30.megahit/tmp/k29/29 --num_cpu_threads 1 -k 29 --kmer_from 21 --num_edge_files 1 --input_prefix //tmp/SRR606249_subset10_trim30.megahit/tmp/k29/29 --addi_contig //tmp/SRR606249_subset10_trim30.megahit/intermediate_contigs/k21.addi.fa --local_contig //tmp/SRR606249_subset10_trim30.megahit/intermediate_contigs/k21.local.fa --contig //tmp/SRR606249_subset10_trim30.megahit/intermediate_contigs/k21.contigs.fa --bubble //tmp/SRR606249_subset10_trim30.megahit/intermediate_contigs/k21.bubble_seq.fa
b'    [sdbg_builder.cpp          : 339]     Host memory to be used: 60785009049'
b'    [sdbg_builder.cpp          : 340]     Number CPU threads: 1'
b'    [cx1.h                     : 450]     Preparing data...'
b'    [cx1_seq2sdbg.cpp          : 394]     Number edges: 3848327'
b'    [cx1_seq2sdbg.cpp          : 434]     Bases to reserve: 361075546, number contigs: 1088029, number multiplicity: 4936356'
b'    [cx1_seq2sdbg.cpp          : 440]     Before reading, sizeof seq_package: 98973128, multiplicity vector: 4936356'
b'    [cx1_seq2sdbg.cpp          : 529]     After reading, sizeof seq_package: 98973128, multiplicity vector: 4936356'
b'    [cx1.h                     : 457]     Preparing data... Done. Time elapsed: 1.1085'
b'    [cx1.h                     : 464]     Preparing partitions and initialing global data...'
b'    [cx1_seq2sdbg.cpp          : 740]     Memory for sequence: 111215674'
b'    [cx1_seq2sdbg.cpp          : 741]     max # lv.1 items = 57567773'
b'    [cx1.h                     : 480]     Preparing partitions and initialing global data... Done. Time elapsed: 2.6218'
b'    [cx1.h                     : 486]     Start main loop...'
b'    [cx1.h                     : 515]     Lv1 scanning from bucket 0 to 3327'
b'    [cx1.h                     : 528]     Lv1 scanning done. Large diff: 0. Time elapsed: 2.8608'
b'    [cx1.h                     : 594]     Lv1 fetching & sorting done. Time elapsed: 15.3681'
b'    [cx1.h                     : 515]     Lv1 scanning from bucket 3327 to 8307'
b'    [cx1.h                     : 528]     Lv1 scanning done. Large diff: 0. Time elapsed: 3.2097'
b'    [cx1.h                     : 594]     Lv1 fetching & sorting done. Time elapsed: 16.0049'
b'    [cx1.h                     : 515]     Lv1 scanning from bucket 8307 to 14423'
b'    [cx1.h                     : 528]     Lv1 scanning done. Large diff: 0. Time elapsed: 3.4269'
b'    [cx1.h                     : 594]     Lv1 fetching & sorting done. Time elapsed: 16.3660'
b'    [cx1.h                     : 515]     Lv1 scanning from bucket 14423 to 21686'
b'    [cx1.h                     : 528]     Lv1 scanning done. Large diff: 0. Time elapsed: 3.4994'
b'    [cx1.h                     : 594]     Lv1 fetching & sorting done. Time elapsed: 16.4725'
b'    [cx1.h                     : 515]     Lv1 scanning from bucket 21686 to 30320'
b'    [cx1.h                     : 528]     Lv1 scanning done. Large diff: 0. Time elapsed: 3.5792'
b'    [cx1.h                     : 594]     Lv1 fetching & sorting done. Time elapsed: 16.6988'
b'    [cx1.h                     : 515]     Lv1 scanning from bucket 30320 to 40768'
b'    [cx1.h                     : 528]     Lv1 scanning done. Large diff: 0. Time elapsed: 3.6445'
b'    [cx1.h                     : 594]     Lv1 fetching & sorting done. Time elapsed: 16.4955'
b'    [cx1.h                     : 515]     Lv1 scanning from bucket 40768 to 54503'
b'    [cx1.h                     : 528]     Lv1 scanning done. Large diff: 0. Time elapsed: 3.6706'
b'    [cx1.h                     : 594]     Lv1 fetching & sorting done. Time elapsed: 16.4483'
b'    [cx1.h                     : 515]     Lv1 scanning from bucket 54503 to 65536'
b'    [cx1.h                     : 528]     Lv1 scanning done. Large diff: 0. Time elapsed: 2.5437'
b'    [cx1.h                     : 594]     Lv1 fetching & sorting done. Time elapsed: 7.6191'
b'    [cx1.h                     : 607]     Main loop done. Time elapsed: 147.9087'
b'    [cx1.h                     : 613]     Postprocessing...'
b'    [cx1_seq2sdbg.cpp          :1139]     Number of $ A C G T A- C- G- T-:'
b'    [cx1_seq2sdbg.cpp          :1142]     645890 68578609 67298156 67571365 68552342 45546 47705 39015 48643'
b'    [cx1_seq2sdbg.cpp          :1151]     Total number of edges: 272827271'
b'    [cx1_seq2sdbg.cpp          :1152]     Total number of ONEs: 272000472'
b'    [cx1_seq2sdbg.cpp          :1153]     Total number of $v edges: 645890'
b'    [cx1.h                     : 621]     Postprocess done. Time elapsed: 0.0281'
b'    [utils.h                   : 126]     Real: 151.6681\tuser: 150.6671\tsys: 0.9219\tmaxrss: 342296'
--- [Fri Mar 29 01:12:26 2019] Assembling contigs from SdBG for k = 29 ---
cmd: /usr/local/bin/megahit_asm_core assemble -s //tmp/SRR606249_subset10_trim30.megahit/tmp/k29/29 -o //tmp/SRR606249_subset10_trim30.megahit/intermediate_contigs/k29 -t 1 --min_standalone 300.0 --prune_level 2 --merge_len 20 --merge_similar 0.95 --low_local_ratio 0.2 --min_depth 2 --bubble_level 2 --max_tip_len -1 --careful_bubble
b'    [assembler.cpp             : 148]     Loading succinct de Bruijn graph: //tmp/SRR606249_subset10_trim30.megahit/tmp/k29/29 Done. Time elapsed: 3.066255'
b'    [assembler.cpp             : 152]     Number of Edges: 272827271; K value: 29'
b'    [assembler.cpp             : 162]     Number of CPU threads: 1'
b'    [assembly_algorithms.cpp   : 162]     Removing tips with length less than 2; Accumulated tips removed: 1832; time elapsed: 19.8725'
b'    [assembly_algorithms.cpp   : 162]     Removing tips with length less than 4; Accumulated tips removed: 4809; time elapsed: 21.5610'
b'    [assembly_algorithms.cpp   : 162]     Removing tips with length less than 8; Accumulated tips removed: 8283; time elapsed: 25.1126'
b'    [assembly_algorithms.cpp   : 162]     Removing tips with length less than 16; Accumulated tips removed: 12021; time elapsed: 32.5394'
b'    [assembly_algorithms.cpp   : 162]     Removing tips with length less than 32; Accumulated tips removed: 33939; time elapsed: 47.0071'
b'    [assembly_algorithms.cpp   : 170]     Removing tips with length less than 58; Accumulated tips removed: 137041; time elapsed: 66.0508'
b'    [assembler.cpp             : 179]     Tips removal done! Time elapsed(sec): 212.153666'
b'    [assembler.cpp             : 188]     unitig graph size: 495965, time for building: 277.628473'
b'    [assembler.cpp             : 211]     Number of bubbles removed: 47339, Time elapsed(sec): 15.283531'
b'    [assembler.cpp             : 225]     Number of complex bubbles removed: 18483, Time elapsed(sec): 11.471846'
b'    [assembler.cpp             : 243]     Number unitigs disconnected: 2992, time: 0.708275'
b'    [assembler.cpp             : 265]     Unitigs removed in excessive pruning: 144, time: 0.430204'
b'    [assembler.cpp             : 200]     Tips removed: 104, time: 1.991048'
b'    [assembler.cpp             : 211]     Number of bubbles removed: 23, Time elapsed(sec): 0.711128'
b'    [assembler.cpp             : 225]     Number of complex bubbles removed: 76, Time elapsed(sec): 4.020558'
b'    [assembler.cpp             : 243]     Number unitigs disconnected: 113, time: 0.720557'
b'    [assembler.cpp             : 265]     Unitigs removed in excessive pruning: 2, time: 0.426860'
b'    [assembler.cpp             : 200]     Tips removed: 39, time: 1.946114'
b'    [assembler.cpp             : 211]     Number of bubbles removed: 0, Time elapsed(sec): 0.684808'
b'    [assembler.cpp             : 225]     Number of complex bubbles removed: 18, Time elapsed(sec): 3.979248'
b'    [assembler.cpp             : 243]     Number unitigs disconnected: 0, time: 0.712464'
b'    [assembler.cpp             : 265]     Unitigs removed in excessive pruning: 0, time: 0.063674'
b'    [assembler.cpp             : 200]     Tips removed: 0, time: 1.961114'
b'    [assembler.cpp             : 211]     Number of bubbles removed: 0, Time elapsed(sec): 0.701662'
b'    [assembler.cpp             : 225]     Number of complex bubbles removed: 0, Time elapsed(sec): 3.940119'
b'    [assembler.cpp             : 243]     Number unitigs disconnected: 0, time: 0.719843'
b'    [assembler.cpp             : 265]     Unitigs removed in excessive pruning: 0, time: 0.064571'
b'    [assembler.cpp             : 132]     Total length: 142269115, N50: 795, Mean: 384, number of contigs: 369780'
b'    [assembler.cpp             : 133]     Maximum length: 69509'
b'    [assembler.cpp             : 290]     Time to output: 95.853275'
b'    [assembler.cpp             : 317]     Number of local low depth unitigs removed: 1050, complex bubbles removed: 212, time: 13.276508'
b'    [assembler.cpp             : 132]     Total length: 48379046, N50: 2089, Mean: 414, number of contigs: 116681'
b'    [assembler.cpp             : 133]     Maximum length: 69509'
b'    [utils.h                   : 126]     Real: 684.5397\tuser: 683.5731\tsys: 0.8279\tmaxrss: 610724'
--- [Fri Mar 29 01:23:50 2019] Local assembling k = 29 ---
cmd: /usr/local/bin/megahit_asm_core local -c //tmp/SRR606249_subset10_trim30.megahit/intermediate_contigs/k29.contigs.fa -l //tmp/SRR606249_subset10_trim30.megahit/tmp/reads.lib -t 1 -o //tmp/SRR606249_subset10_trim30.megahit/intermediate_contigs/k29.local.fa --kmax 39
b'    [local_assembler.cpp       :  89]     Number of contigs: 161821, Mapper size: 14552879'
b'    [read_lib_functions-inl.h  : 256]     Before reading, sizeof seq_package: 317293740'
b'    [read_lib_functions-inl.h  : 260]     After reading, sizeof seq_package: 317293740'
b'    [local_assembler.cpp       : 330]     Lib 0, insert size: 205.80 sd: 29.44'
b'    [local_assembler.cpp       : 462]     Lib 0: total 10088568 reads, aligned 8262083, added 781564 reads for local assembly'
b'    [utils.h                   : 126]     Real: 321.5261\tuser: 321.0042\tsys: 0.4649\tmaxrss: 972408'
--- [Fri Mar 29 01:29:12 2019] Extracting iterative edges from k = 29 to 39 ---
cmd: /usr/local/bin/megahit_asm_core iterate -c //tmp/SRR606249_subset10_trim30.megahit/intermediate_contigs/k29.contigs.fa -b //tmp/SRR606249_subset10_trim30.megahit/intermediate_contigs/k29.bubble_seq.fa -t 1 -k 29 -s 10 -o //tmp/SRR606249_subset10_trim30.megahit/tmp/k39/39 -r //tmp/SRR606249_subset10_trim30.megahit/tmp/reads.lib.bin -f binary
b'    [iterate_edges.cpp         : 570]     Number of crusial kmers: 197677'
b'    [iterate_edges.cpp         : 570]     Number of crusial kmers: 407893'
b'    [iterate_edges.cpp         : 447]     Total: 10088568, aligned: 971154. Iterative edges: 2203352'
b'    [iterate_edges.cpp         : 451]     Writing iterative edges...'
b'    [utils.h                   : 126]     Real: 121.9590\tuser: 122.1584\tsys: 0.3319\tmaxrss: 351156'
--- [Fri Mar 29 01:31:14 2019] Building graph for k = 39 ---
/usr/local/bin/megahit_sdbg_build seq2sdbg --host_mem 60785009049 --mem_flag 1 --gpu_mem 0 --output_prefix //tmp/SRR606249_subset10_trim30.megahit/tmp/k39/39 --num_cpu_threads 1 -k 39 --kmer_from 29 --num_edge_files 1 --input_prefix //tmp/SRR606249_subset10_trim30.megahit/tmp/k39/39 --addi_contig //tmp/SRR606249_subset10_trim30.megahit/intermediate_contigs/k29.addi.fa --local_contig //tmp/SRR606249_subset10_trim30.megahit/intermediate_contigs/k29.local.fa --contig //tmp/SRR606249_subset10_trim30.megahit/intermediate_contigs/k29.contigs.fa --bubble //tmp/SRR606249_subset10_trim30.megahit/intermediate_contigs/k29.bubble_seq.fa
b'    [sdbg_builder.cpp          : 339]     Host memory to be used: 60785009049'
b'    [sdbg_builder.cpp          : 340]     Number CPU threads: 1'
b'    [cx1.h                     : 450]     Preparing data...'
b'    [cx1_seq2sdbg.cpp          : 394]     Number edges: 2203352'
b'    [cx1_seq2sdbg.cpp          : 434]     Bases to reserve: 243213897, number contigs: 510414, number multiplicity: 2713766'
b'    [cx1_seq2sdbg.cpp          : 440]     Before reading, sizeof seq_package: 64886796, multiplicity vector: 2713766'
b'    [cx1_seq2sdbg.cpp          : 529]     After reading, sizeof seq_package: 129773592, multiplicity vector: 5427532'
b'    [cx1.h                     : 457]     Preparing data... Done. Time elapsed: 0.8875'
b'    [cx1.h                     : 464]     Preparing partitions and initialing global data...'
b'    [cx1_seq2sdbg.cpp          : 740]     Memory for sequence: 137640392'
b'    [cx1_seq2sdbg.cpp          : 741]     max # lv.1 items = 49103749'
b'    [cx1.h                     : 480]     Preparing partitions and initialing global data... Done. Time elapsed: 2.2731'
b'    [cx1.h                     : 486]     Start main loop...'
b'    [cx1.h                     : 515]     Lv1 scanning from bucket 0 to 3345'
b'    [cx1.h                     : 528]     Lv1 scanning done. Large diff: 0. Time elapsed: 2.5301'
b'    [cx1.h                     : 594]     Lv1 fetching & sorting done. Time elapsed: 12.8403'
b'    [cx1.h                     : 515]     Lv1 scanning from bucket 3345 to 8351'
b'    [cx1.h                     : 528]     Lv1 scanning done. Large diff: 0. Time elapsed: 2.7970'
b'    [cx1.h                     : 594]     Lv1 fetching & sorting done. Time elapsed: 13.4209'
b'    [cx1.h                     : 515]     Lv1 scanning from bucket 8351 to 14491'
b'    [cx1.h                     : 528]     Lv1 scanning done. Large diff: 0. Time elapsed: 2.9370'
b'    [cx1.h                     : 594]     Lv1 fetching & sorting done. Time elapsed: 13.6888'
b'    [cx1.h                     : 515]     Lv1 scanning from bucket 14491 to 21769'
b'    [cx1.h                     : 528]     Lv1 scanning done. Large diff: 0. Time elapsed: 3.0454'
b'    [cx1.h                     : 594]     Lv1 fetching & sorting done. Time elapsed: 13.7339'
b'    [cx1.h                     : 515]     Lv1 scanning from bucket 21769 to 30416'
b'    [cx1.h                     : 528]     Lv1 scanning done. Large diff: 0. Time elapsed: 3.1536'
b'    [cx1.h                     : 594]     Lv1 fetching & sorting done. Time elapsed: 13.6998'
b'    [cx1.h                     : 515]     Lv1 scanning from bucket 30416 to 40869'
b'    [cx1.h                     : 528]     Lv1 scanning done. Large diff: 0. Time elapsed: 3.2107'
b'    [cx1.h                     : 594]     Lv1 fetching & sorting done. Time elapsed: 13.6988'
b'    [cx1.h                     : 515]     Lv1 scanning from bucket 40869 to 54612'
b'    [cx1.h                     : 528]     Lv1 scanning done. Large diff: 0. Time elapsed: 3.1951'
b'    [cx1.h                     : 594]     Lv1 fetching & sorting done. Time elapsed: 13.7632'
b'    [cx1.h                     : 515]     Lv1 scanning from bucket 54612 to 65536'
b'    [cx1.h                     : 528]     Lv1 scanning done. Large diff: 0. Time elapsed: 2.2295'
b'    [cx1.h                     : 594]     Lv1 fetching & sorting done. Time elapsed: 6.2232'
b'    [cx1.h                     : 607]     Main loop done. Time elapsed: 124.1679'
b'    [cx1.h                     : 613]     Postprocessing...'
b'    [cx1_seq2sdbg.cpp          :1139]     Number of $ A C G T A- C- G- T-:'
b'    [cx1_seq2sdbg.cpp          :1142]     557820 66595974 65017847 65269001 66558160 23313 29688 29936 22769'
b'    [cx1_seq2sdbg.cpp          :1151]     Total number of edges: 264104508'
b'    [cx1_seq2sdbg.cpp          :1152]     Total number of ONEs: 263440982'
b'    [cx1_seq2sdbg.cpp          :1153]     Total number of $v edges: 557820'
b'    [cx1.h                     : 621]     Postprocess done. Time elapsed: 0.0274'
b'    [utils.h                   : 126]     Real: 127.3567\tuser: 126.4958\tsys: 0.8089\tmaxrss: 293132'
--- [Fri Mar 29 01:33:21 2019] Assembling contigs from SdBG for k = 39 ---
cmd: /usr/local/bin/megahit_asm_core assemble -s //tmp/SRR606249_subset10_trim30.megahit/tmp/k39/39 -o //tmp/SRR606249_subset10_trim30.megahit/intermediate_contigs/k39 -t 1 --min_standalone 300.0 --prune_level 2 --merge_len 20 --merge_similar 0.95 --low_local_ratio 0.2 --min_depth 2 --bubble_level 2 --max_tip_len -1 --careful_bubble
b'    [assembler.cpp             : 148]     Loading succinct de Bruijn graph: //tmp/SRR606249_subset10_trim30.megahit/tmp/k39/39 Done. Time elapsed: 2.990471'
b'    [assembler.cpp             : 152]     Number of Edges: 264104508; K value: 39'
b'    [assembler.cpp             : 162]     Number of CPU threads: 1'
b'    [assembly_algorithms.cpp   : 162]     Removing tips with length less than 2; Accumulated tips removed: 948; time elapsed: 19.2993'
b'    [assembly_algorithms.cpp   : 162]     Removing tips with length less than 4; Accumulated tips removed: 2898; time elapsed: 20.7970'
b'    [assembly_algorithms.cpp   : 162]     Removing tips with length less than 8; Accumulated tips removed: 5592; time elapsed: 24.0701'
b'    [assembly_algorithms.cpp   : 162]     Removing tips with length less than 16; Accumulated tips removed: 8140; time elapsed: 30.9761'
b'    [assembly_algorithms.cpp   : 162]     Removing tips with length less than 32; Accumulated tips removed: 14698; time elapsed: 44.3897'
b'    [assembly_algorithms.cpp   : 162]     Removing tips with length less than 64; Accumulated tips removed: 164842; time elapsed: 64.9244'
b'    [assembly_algorithms.cpp   : 170]     Removing tips with length less than 78; Accumulated tips removed: 193104; time elapsed: 65.5791'
b'    [assembler.cpp             : 179]     Tips removal done! Time elapsed(sec): 270.045361'
b'    [assembler.cpp             : 188]     unitig graph size: 323202, time for building: 254.467321'
b'    [assembler.cpp             : 211]     Number of bubbles removed: 28666, Time elapsed(sec): 13.245252'
b'    [assembler.cpp             : 225]     Number of complex bubbles removed: 13038, Time elapsed(sec): 9.564501'
b'    [assembler.cpp             : 243]     Number unitigs disconnected: 1354, time: 0.466703'
b'    [assembler.cpp             : 265]     Unitigs removed in excessive pruning: 216, time: 0.276958'
b'    [assembler.cpp             : 200]     Tips removed: 199, time: 1.519691'
b'    [assembler.cpp             : 211]     Number of bubbles removed: 20, Time elapsed(sec): 0.466075'
b'    [assembler.cpp             : 225]     Number of complex bubbles removed: 92, Time elapsed(sec): 2.273512'
b'    [assembler.cpp             : 243]     Number unitigs disconnected: 71, time: 0.459631'
b'    [assembler.cpp             : 265]     Unitigs removed in excessive pruning: 3, time: 0.269542'
b'    [assembler.cpp             : 200]     Tips removed: 44, time: 1.509676'
b'    [assembler.cpp             : 211]     Number of bubbles removed: 2, Time elapsed(sec): 0.464882'
b'    [assembler.cpp             : 225]     Number of complex bubbles removed: 14, Time elapsed(sec): 2.137559'
b'    [assembler.cpp             : 243]     Number unitigs disconnected: 1, time: 0.448940'
b'    [assembler.cpp             : 265]     Unitigs removed in excessive pruning: 0, time: 0.030365'
b'    [assembler.cpp             : 200]     Tips removed: 0, time: 1.495581'
b'    [assembler.cpp             : 211]     Number of bubbles removed: 0, Time elapsed(sec): 0.444005'
b'    [assembler.cpp             : 225]     Number of complex bubbles removed: 0, Time elapsed(sec): 2.112770'
b'    [assembler.cpp             : 243]     Number unitigs disconnected: 0, time: 0.467540'
b'    [assembler.cpp             : 265]     Unitigs removed in excessive pruning: 0, time: 0.030645'
b'    [assembler.cpp             : 132]     Total length: 134138062, N50: 1017, Mean: 560, number of contigs: 239478'
b'    [assembler.cpp             : 133]     Maximum length: 92381'
b'    [assembler.cpp             : 290]     Time to output: 89.747466'
b'    [assembler.cpp             : 317]     Number of local low depth unitigs removed: 470, complex bubbles removed: 166, time: 5.643095'
b'    [assembler.cpp             : 132]     Total length: 35871409, N50: 3762, Mean: 652, number of contigs: 54948'
b'    [assembler.cpp             : 133]     Maximum length: 92381'
b'    [utils.h                   : 126]     Real: 684.3470\tuser: 683.3681\tsys: 0.7929\tmaxrss: 595876'
--- [Fri Mar 29 01:44:45 2019] Local assembling k = 39 ---
cmd: /usr/local/bin/megahit_asm_core local -c //tmp/SRR606249_subset10_trim30.megahit/intermediate_contigs/k39.contigs.fa -l //tmp/SRR606249_subset10_trim30.megahit/tmp/reads.lib -t 1 -o //tmp/SRR606249_subset10_trim30.megahit/intermediate_contigs/k39.local.fa --kmax 59
b'    [local_assembler.cpp       :  89]     Number of contigs: 155724, Mapper size: 14881310'
b'    [read_lib_functions-inl.h  : 256]     Before reading, sizeof seq_package: 317293740'
b'    [read_lib_functions-inl.h  : 260]     After reading, sizeof seq_package: 317293740'
b'    [local_assembler.cpp       : 330]     Lib 0, insert size: 205.95 sd: 29.45'
b'    [local_assembler.cpp       : 462]     Lib 0: total 10088568 reads, aligned 8466635, added 681543 reads for local assembly'
b'    [utils.h                   : 126]     Real: 343.0057\tuser: 342.4779\tsys: 0.4669\tmaxrss: 969980'
--- [Fri Mar 29 01:50:28 2019] Extracting iterative edges from k = 39 to 59 ---
cmd: /usr/local/bin/megahit_asm_core iterate -c //tmp/SRR606249_subset10_trim30.megahit/intermediate_contigs/k39.contigs.fa -b //tmp/SRR606249_subset10_trim30.megahit/intermediate_contigs/k39.bubble_seq.fa -t 1 -k 39 -s 20 -o //tmp/SRR606249_subset10_trim30.megahit/tmp/k59/59 -r //tmp/SRR606249_subset10_trim30.megahit/tmp/reads.lib.bin -f binary
b'    [iterate_edges.cpp         : 570]     Number of crusial kmers: 124601'
b'    [iterate_edges.cpp         : 570]     Number of crusial kmers: 223574'
b'    [iterate_edges.cpp         : 447]     Total: 10088568, aligned: 523947. Iterative edges: 2154940'
b'    [iterate_edges.cpp         : 451]     Writing iterative edges...'
b'    [utils.h                   : 126]     Real: 101.9636\tuser: 102.1905\tsys: 0.3110\tmaxrss: 353528'
--- [Fri Mar 29 01:52:10 2019] Building graph for k = 59 ---
/usr/local/bin/megahit_sdbg_build seq2sdbg --host_mem 60785009049 --mem_flag 1 --gpu_mem 0 --output_prefix //tmp/SRR606249_subset10_trim30.megahit/tmp/k59/59 --num_cpu_threads 1 -k 59 --kmer_from 39 --num_edge_files 1 --input_prefix //tmp/SRR606249_subset10_trim30.megahit/tmp/k59/59 --addi_contig //tmp/SRR606249_subset10_trim30.megahit/intermediate_contigs/k39.addi.fa --local_contig //tmp/SRR606249_subset10_trim30.megahit/intermediate_contigs/k39.local.fa --contig //tmp/SRR606249_subset10_trim30.megahit/intermediate_contigs/k39.contigs.fa --bubble //tmp/SRR606249_subset10_trim30.megahit/intermediate_contigs/k39.bubble_seq.fa
b'    [sdbg_builder.cpp          : 339]     Host memory to be used: 60785009049'
b'    [sdbg_builder.cpp          : 340]     Number CPU threads: 1'
b'    [cx1.h                     : 450]     Preparing data...'
b'    [cx1_seq2sdbg.cpp          : 394]     Number edges: 2154940'
b'    [cx1_seq2sdbg.cpp          : 434]     Bases to reserve: 249988249, number contigs: 294840, number multiplicity: 2449780'
b'    [cx1_seq2sdbg.cpp          : 440]     Before reading, sizeof seq_package: 64855792, multiplicity vector: 2449780'
b'    [cx1_seq2sdbg.cpp          : 529]     After reading, sizeof seq_package: 129711584, multiplicity vector: 4899560'
b'    [cx1.h                     : 457]     Preparing data... Done. Time elapsed: 0.7849'
b'    [cx1.h                     : 464]     Preparing partitions and initialing global data...'
b'    [cx1_seq2sdbg.cpp          : 740]     Memory for sequence: 137247348'
b'    [cx1_seq2sdbg.cpp          : 741]     max # lv.1 items = 44350918'
b'    [cx1.h                     : 480]     Preparing partitions and initialing global data... Done. Time elapsed: 1.9949'
b'    [cx1.h                     : 486]     Start main loop...'
b'    [cx1.h                     : 515]     Lv1 scanning from bucket 0 to 3366'
b'    [cx1.h                     : 528]     Lv1 scanning done. Large diff: 0. Time elapsed: 2.1521'
b'    [cx1.h                     : 594]     Lv1 fetching & sorting done. Time elapsed: 11.6803'
b'    [cx1.h                     : 515]     Lv1 scanning from bucket 3366 to 8399'
b'    [cx1.h                     : 528]     Lv1 scanning done. Large diff: 0. Time elapsed: 2.3934'
b'    [cx1.h                     : 594]     Lv1 fetching & sorting done. Time elapsed: 12.1672'
b'    [cx1.h                     : 515]     Lv1 scanning from bucket 8399 to 14558'
b'    [cx1.h                     : 528]     Lv1 scanning done. Large diff: 0. Time elapsed: 2.5270'
b'    [cx1.h                     : 594]     Lv1 fetching & sorting done. Time elapsed: 12.2843'
b'    [cx1.h                     : 515]     Lv1 scanning from bucket 14558 to 21849'
b'    [cx1.h                     : 528]     Lv1 scanning done. Large diff: 0. Time elapsed: 2.6199'
b'    [cx1.h                     : 594]     Lv1 fetching & sorting done. Time elapsed: 12.3083'
b'    [cx1.h                     : 515]     Lv1 scanning from bucket 21849 to 30497'
b'    [cx1.h                     : 528]     Lv1 scanning done. Large diff: 0. Time elapsed: 2.7181'
b'    [cx1.h                     : 594]     Lv1 fetching & sorting done. Time elapsed: 12.2430'
b'    [cx1.h                     : 515]     Lv1 scanning from bucket 30497 to 40946'
b'    [cx1.h                     : 528]     Lv1 scanning done. Large diff: 0. Time elapsed: 2.7486'
b'    [cx1.h                     : 594]     Lv1 fetching & sorting done. Time elapsed: 12.2723'
b'    [cx1.h                     : 515]     Lv1 scanning from bucket 40946 to 54687'
b'    [cx1.h                     : 528]     Lv1 scanning done. Large diff: 0. Time elapsed: 2.7633'
b'    [cx1.h                     : 594]     Lv1 fetching & sorting done. Time elapsed: 12.0507'
b'    [cx1.h                     : 515]     Lv1 scanning from bucket 54687 to 65536'
b'    [cx1.h                     : 528]     Lv1 scanning done. Large diff: 0. Time elapsed: 1.8907'
b'    [cx1.h                     : 594]     Lv1 fetching & sorting done. Time elapsed: 5.4760'
b'    [cx1.h                     : 607]     Main loop done. Time elapsed: 110.2958'
b'    [cx1.h                     : 613]     Postprocessing...'
b'    [cx1_seq2sdbg.cpp          :1139]     Number of $ A C G T A- C- G- T-:'
b'    [cx1_seq2sdbg.cpp          :1142]     419406 62632924 60727894 60993462 62594598 13139 15254 12133 14954'
b'    [cx1_seq2sdbg.cpp          :1151]     Total number of edges: 247423764'
b'    [cx1_seq2sdbg.cpp          :1152]     Total number of ONEs: 246948878'
b'    [cx1_seq2sdbg.cpp          :1153]     Total number of $v edges: 419406'
b'    [cx1.h                     : 621]     Postprocess done. Time elapsed: 0.0271'
b'    [utils.h                   : 126]     Real: 113.1035\tuser: 112.2309\tsys: 0.8199\tmaxrss: 275632'
--- [Fri Mar 29 01:54:04 2019] Assembling contigs from SdBG for k = 59 ---
cmd: /usr/local/bin/megahit_asm_core assemble -s //tmp/SRR606249_subset10_trim30.megahit/tmp/k59/59 -o //tmp/SRR606249_subset10_trim30.megahit/intermediate_contigs/k59 -t 1 --min_standalone 300.0 --prune_level 2 --merge_len 20 --merge_similar 0.95 --low_local_ratio 0.2 --min_depth 2 --bubble_level 2 --max_tip_len -1 --careful_bubble
b'    [assembler.cpp             : 148]     Loading succinct de Bruijn graph: //tmp/SRR606249_subset10_trim30.megahit/tmp/k59/59 Done. Time elapsed: 2.802754'
b'    [assembler.cpp             : 152]     Number of Edges: 247423764; K value: 59'
b'    [assembler.cpp             : 162]     Number of CPU threads: 1'
b'    [assembly_algorithms.cpp   : 162]     Removing tips with length less than 2; Accumulated tips removed: 940; time elapsed: 17.7928'
b'    [assembly_algorithms.cpp   : 162]     Removing tips with length less than 4; Accumulated tips removed: 2880; time elapsed: 18.9644'
b'    [assembly_algorithms.cpp   : 162]     Removing tips with length less than 8; Accumulated tips removed: 6410; time elapsed: 21.3202'
b'    [assembly_algorithms.cpp   : 162]     Removing tips with length less than 16; Accumulated tips removed: 12988; time elapsed: 26.1712'
b'    [assembly_algorithms.cpp   : 162]     Removing tips with length less than 32; Accumulated tips removed: 18671; time elapsed: 35.3493'
b'    [assembly_algorithms.cpp   : 162]     Removing tips with length less than 64; Accumulated tips removed: 50033; time elapsed: 52.6916'
b'    [assembly_algorithms.cpp   : 170]     Removing tips with length less than 118; Accumulated tips removed: 125909; time elapsed: 74.3437'
b'    [assembler.cpp             : 179]     Tips removal done! Time elapsed(sec): 246.642183'
b'    [assembler.cpp             : 188]     unitig graph size: 209509, time for building: 231.001106'
b'    [assembler.cpp             : 211]     Number of bubbles removed: 9376, Time elapsed(sec): 7.531520'
b'    [assembler.cpp             : 225]     Number of complex bubbles removed: 5862, Time elapsed(sec): 6.769363'
b'    [assembler.cpp             : 243]     Number unitigs disconnected: 1551, time: 0.333249'
b'    [assembler.cpp             : 265]     Unitigs removed in excessive pruning: 473, time: 0.208850'
b'    [assembler.cpp             : 200]     Tips removed: 12, time: 1.025176'
b'    [assembler.cpp             : 211]     Number of bubbles removed: 22, Time elapsed(sec): 0.333832'
b'    [assembler.cpp             : 225]     Number of complex bubbles removed: 127, Time elapsed(sec): 1.447848'
b'    [assembler.cpp             : 243]     Number unitigs disconnected: 124, time: 0.318459'
b'    [assembler.cpp             : 265]     Unitigs removed in excessive pruning: 3, time: 0.196605'
b'    [assembler.cpp             : 200]     Tips removed: 100, time: 1.020751'
b'    [assembler.cpp             : 211]     Number of bubbles removed: 2, Time elapsed(sec): 0.306461'
b'    [assembler.cpp             : 225]     Number of complex bubbles removed: 24, Time elapsed(sec): 1.165620'
b'    [assembler.cpp             : 243]     Number unitigs disconnected: 1, time: 0.319420'
b'    [assembler.cpp             : 265]     Unitigs removed in excessive pruning: 0, time: 0.012623'
b'    [assembler.cpp             : 200]     Tips removed: 0, time: 1.029606'
b'    [assembler.cpp             : 211]     Number of bubbles removed: 0, Time elapsed(sec): 0.304221'
b'    [assembler.cpp             : 225]     Number of complex bubbles removed: 0, Time elapsed(sec): 1.078791'
b'    [assembler.cpp             : 243]     Number unitigs disconnected: 0, time: 0.337774'
b'    [assembler.cpp             : 265]     Unitigs removed in excessive pruning: 0, time: 0.012465'
b'    [assembler.cpp             : 132]     Total length: 128480531, N50: 1209, Mean: 732, number of contigs: 175411'
b'    [assembler.cpp             : 133]     Maximum length: 114984'
b'    [assembler.cpp             : 290]     Time to output: 83.600356'
b'    [assembler.cpp             : 317]     Number of local low depth unitigs removed: 385, complex bubbles removed: 84, time: 1.476545'
b'    [assembler.cpp             : 132]     Total length: 26927056, N50: 6172, Mean: 1242, number of contigs: 21678'
b'    [assembler.cpp             : 133]     Maximum length: 114984'
b'    [utils.h                   : 126]     Real: 606.9612\tuser: 606.1169\tsys: 0.7199\tmaxrss: 543972'
--- [Fri Mar 29 02:04:11 2019] Local assembling k = 59 ---
cmd: /usr/local/bin/megahit_asm_core local -c //tmp/SRR606249_subset10_trim30.megahit/intermediate_contigs/k59.contigs.fa -l //tmp/SRR606249_subset10_trim30.megahit/tmp/reads.lib -t 1 -o //tmp/SRR606249_subset10_trim30.megahit/intermediate_contigs/k59.local.fa --kmax 79
b'    [local_assembler.cpp       :  89]     Number of contigs: 152374, Mapper size: 15074295'
b'    [read_lib_functions-inl.h  : 256]     Before reading, sizeof seq_package: 317293740'
b'    [read_lib_functions-inl.h  : 260]     After reading, sizeof seq_package: 317293740'
b'    [local_assembler.cpp       : 330]     Lib 0, insert size: 206.06 sd: 29.48'
b'    [local_assembler.cpp       : 462]     Lib 0: total 10088568 reads, aligned 8513080, added 582407 reads for local assembly'
b'    [utils.h                   : 126]     Real: 318.3243\tuser: 317.8577\tsys: 0.4079\tmaxrss: 971428'
--- [Fri Mar 29 02:09:29 2019] Extracting iterative edges from k = 59 to 79 ---
cmd: /usr/local/bin/megahit_asm_core iterate -c //tmp/SRR606249_subset10_trim30.megahit/intermediate_contigs/k59.contigs.fa -b //tmp/SRR606249_subset10_trim30.megahit/intermediate_contigs/k59.bubble_seq.fa -t 1 -k 59 -s 20 -o //tmp/SRR606249_subset10_trim30.megahit/tmp/k79/79 -r //tmp/SRR606249_subset10_trim30.megahit/tmp/reads.lib.bin -f binary
b'    [iterate_edges.cpp         : 570]     Number of crusial kmers: 48855'
b'    [iterate_edges.cpp         : 570]     Number of crusial kmers: 88491'
b'    [iterate_edges.cpp         : 447]     Total: 10088568, aligned: 173327. Iterative edges: 643838'
b'    [iterate_edges.cpp         : 451]     Writing iterative edges...'
b'    [utils.h                   : 126]     Real: 60.0981\tuser: 60.3738\tsys: 0.2690\tmaxrss: 300068'
--- [Fri Mar 29 02:10:29 2019] Building graph for k = 79 ---
/usr/local/bin/megahit_sdbg_build seq2sdbg --host_mem 60785009049 --mem_flag 1 --gpu_mem 0 --output_prefix //tmp/SRR606249_subset10_trim30.megahit/tmp/k79/79 --num_cpu_threads 1 -k 79 --kmer_from 59 --num_edge_files 1 --input_prefix //tmp/SRR606249_subset10_trim30.megahit/tmp/k79/79 --addi_contig //tmp/SRR606249_subset10_trim30.megahit/intermediate_contigs/k59.addi.fa --local_contig //tmp/SRR606249_subset10_trim30.megahit/intermediate_contigs/k59.local.fa --contig //tmp/SRR606249_subset10_trim30.megahit/intermediate_contigs/k59.contigs.fa --bubble //tmp/SRR606249_subset10_trim30.megahit/intermediate_contigs/k59.bubble_seq.fa
b'    [sdbg_builder.cpp          : 339]     Host memory to be used: 60785009049'
b'    [sdbg_builder.cpp          : 340]     Number CPU threads: 1'
b'    [cx1.h                     : 450]     Preparing data...'
b'    [cx1_seq2sdbg.cpp          : 394]     Number edges: 643838'
b'    [cx1_seq2sdbg.cpp          : 434]     Bases to reserve: 140109426, number contigs: 137031, number multiplicity: 780869'
b'    [cx1_seq2sdbg.cpp          : 440]     Before reading, sizeof seq_package: 36123616, multiplicity vector: 780869'
b'    [cx1_seq2sdbg.cpp          : 529]     After reading, sizeof seq_package: 72247232, multiplicity vector: 1561738'
b'    [cx1.h                     : 457]     Preparing data... Done. Time elapsed: 0.6123'
b'    [cx1.h                     : 464]     Preparing partitions and initialing global data...'
b'    [cx1_seq2sdbg.cpp          : 740]     Memory for sequence: 75745142'
b'    [cx1_seq2sdbg.cpp          : 741]     max # lv.1 items = 38820921'
b'    [cx1.h                     : 480]     Preparing partitions and initialing global data... Done. Time elapsed: 1.7097'
b'    [cx1.h                     : 486]     Start main loop...'
b'    [cx1.h                     : 515]     Lv1 scanning from bucket 0 to 3399'
b'    [cx1.h                     : 528]     Lv1 scanning done. Large diff: 0. Time elapsed: 1.8864'
b'    [cx1.h                     : 594]     Lv1 fetching & sorting done. Time elapsed: 9.9517'
b'    [cx1.h                     : 515]     Lv1 scanning from bucket 3399 to 8457'
b'    [cx1.h                     : 528]     Lv1 scanning done. Large diff: 0. Time elapsed: 2.1062'
b'    [cx1.h                     : 594]     Lv1 fetching & sorting done. Time elapsed: 10.2779'
b'    [cx1.h                     : 515]     Lv1 scanning from bucket 8457 to 14635'
b'    [cx1.h                     : 528]     Lv1 scanning done. Large diff: 0. Time elapsed: 2.2304'
b'    [cx1.h                     : 594]     Lv1 fetching & sorting done. Time elapsed: 10.3095'
b'    [cx1.h                     : 515]     Lv1 scanning from bucket 14635 to 21942'
b'    [cx1.h                     : 528]     Lv1 scanning done. Large diff: 0. Time elapsed: 2.2851'
b'    [cx1.h                     : 594]     Lv1 fetching & sorting done. Time elapsed: 10.4339'
b'    [cx1.h                     : 515]     Lv1 scanning from bucket 21942 to 30594'
b'    [cx1.h                     : 528]     Lv1 scanning done. Large diff: 0. Time elapsed: 2.3531'
b'    [cx1.h                     : 594]     Lv1 fetching & sorting done. Time elapsed: 10.3319'
b'    [cx1.h                     : 515]     Lv1 scanning from bucket 30594 to 41040'
b'    [cx1.h                     : 528]     Lv1 scanning done. Large diff: 0. Time elapsed: 2.3891'
b'    [cx1.h                     : 594]     Lv1 fetching & sorting done. Time elapsed: 10.2181'
b'    [cx1.h                     : 515]     Lv1 scanning from bucket 41040 to 54772'
b'    [cx1.h                     : 528]     Lv1 scanning done. Large diff: 0. Time elapsed: 2.4023'
b'    [cx1.h                     : 594]     Lv1 fetching & sorting done. Time elapsed: 10.2529'
b'    [cx1.h                     : 515]     Lv1 scanning from bucket 54772 to 65536'
b'    [cx1.h                     : 528]     Lv1 scanning done. Large diff: 0. Time elapsed: 1.6341'
b'    [cx1.h                     : 594]     Lv1 fetching & sorting done. Time elapsed: 4.7327'
b'    [cx1.h                     : 607]     Main loop done. Time elapsed: 93.7957'
b'    [cx1.h                     : 613]     Postprocessing...'
b'    [cx1_seq2sdbg.cpp          :1139]     Number of $ A C G T A- C- G- T-:'
b'    [cx1_seq2sdbg.cpp          :1142]     340949 59269333 57091816 57358873 59236390 6367 4933 6423 5562'
b'    [cx1_seq2sdbg.cpp          :1151]     Total number of edges: 233320646'
b'    [cx1_seq2sdbg.cpp          :1152]     Total number of ONEs: 232956412'
b'    [cx1_seq2sdbg.cpp          :1153]     Total number of $v edges: 340949'
b'    [cx1.h                     : 621]     Postprocess done. Time elapsed: 0.0270'
b'    [utils.h                   : 126]     Real: 96.1456\tuser: 95.3735\tsys: 0.7369\tmaxrss: 224428'
--- [Fri Mar 29 02:12:05 2019] Assembling contigs from SdBG for k = 79 ---
cmd: /usr/local/bin/megahit_asm_core assemble -s //tmp/SRR606249_subset10_trim30.megahit/tmp/k79/79 -o //tmp/SRR606249_subset10_trim30.megahit/intermediate_contigs/k79 -t 1 --min_standalone 300.0 --prune_level 2 --merge_len 20 --merge_similar 0.95 --low_local_ratio 0.2 --min_depth 2 --bubble_level 2 --max_tip_len -1 --careful_bubble
b'    [assembler.cpp             : 148]     Loading succinct de Bruijn graph: //tmp/SRR606249_subset10_trim30.megahit/tmp/k79/79 Done. Time elapsed: 2.661036'
b'    [assembler.cpp             : 152]     Number of Edges: 233320646; K value: 79'
b'    [assembler.cpp             : 162]     Number of CPU threads: 1'
b'    [assembly_algorithms.cpp   : 162]     Removing tips with length less than 2; Accumulated tips removed: 776; time elapsed: 16.7824'
b'    [assembly_algorithms.cpp   : 162]     Removing tips with length less than 4; Accumulated tips removed: 2494; time elapsed: 17.7813'
b'    [assembly_algorithms.cpp   : 162]     Removing tips with length less than 8; Accumulated tips removed: 5990; time elapsed: 19.7125'
b'    [assembly_algorithms.cpp   : 162]     Removing tips with length less than 16; Accumulated tips removed: 12108; time elapsed: 23.7156'
b'    [assembly_algorithms.cpp   : 162]     Removing tips with length less than 32; Accumulated tips removed: 16119; time elapsed: 31.1713'
b'    [assembly_algorithms.cpp   : 162]     Removing tips with length less than 64; Accumulated tips removed: 24383; time elapsed: 45.5139'
b'    [assembly_algorithms.cpp   : 162]     Removing tips with length less than 128; Accumulated tips removed: 68651; time elapsed: 70.5570'
b'    [assembly_algorithms.cpp   : 170]     Removing tips with length less than 158; Accumulated tips removed: 96561; time elapsed: 76.1824'
b'    [assembler.cpp             : 179]     Tips removal done! Time elapsed(sec): 301.424949'
b'    [assembler.cpp             : 188]     unitig graph size: 144520, time for building: 213.895644'
b'    [assembler.cpp             : 211]     Number of bubbles removed: 1747, Time elapsed(sec): 2.957903'
b'    [assembler.cpp             : 225]     Number of complex bubbles removed: 1271, Time elapsed(sec): 3.421950'
b'    [assembler.cpp             : 243]     Number unitigs disconnected: 915, time: 0.268747'
b'    [assembler.cpp             : 265]     Unitigs removed in excessive pruning: 290, time: 0.142294'
b'    [assembler.cpp             : 200]     Tips removed: 3, time: 0.889198'
b'    [assembler.cpp             : 211]     Number of bubbles removed: 16, Time elapsed(sec): 0.274633'
b'    [assembler.cpp             : 225]     Number of complex bubbles removed: 46, Time elapsed(sec): 0.964641'
b'    [assembler.cpp             : 243]     Number unitigs disconnected: 78, time: 0.248443'
b'    [assembler.cpp             : 265]     Unitigs removed in excessive pruning: 6, time: 0.133143'
b'    [assembler.cpp             : 200]     Tips removed: 66, time: 0.922357'
b'    [assembler.cpp             : 211]     Number of bubbles removed: 0, Time elapsed(sec): 0.233645'
b'    [assembler.cpp             : 225]     Number of complex bubbles removed: 15, Time elapsed(sec): 0.833229'
b'    [assembler.cpp             : 243]     Number unitigs disconnected: 0, time: 0.243873'
b'    [assembler.cpp             : 265]     Unitigs removed in excessive pruning: 0, time: 0.005416'
b'    [assembler.cpp             : 200]     Tips removed: 0, time: 0.926669'
b'    [assembler.cpp             : 211]     Number of bubbles removed: 0, Time elapsed(sec): 0.237955'
b'    [assembler.cpp             : 225]     Number of complex bubbles removed: 0, Time elapsed(sec): 0.804034'
b'    [assembler.cpp             : 243]     Number unitigs disconnected: 0, time: 0.247512'
b'    [assembler.cpp             : 265]     Unitigs removed in excessive pruning: 0, time: 0.005435'
b'    [assembler.cpp             : 132]     Total length: 122266983, N50: 1410, Mean: 895, number of contigs: 136592'
b'    [assembler.cpp             : 133]     Maximum length: 121495'
b'    [assembler.cpp             : 290]     Time to output: 78.213758'
b'    [assembler.cpp             : 317]     Number of local low depth unitigs removed: 175, complex bubbles removed: 25, time: 0.811457'
b'    [assembler.cpp             : 132]     Total length: 20945867, N50: 9460, Mean: 2148, number of contigs: 9747'
b'    [assembler.cpp             : 133]     Maximum length: 102177'
b'    [utils.h                   : 126]     Real: 624.3932\tuser: 623.6172\tsys: 0.6649\tmaxrss: 511536'
--- [Fri Mar 29 02:22:30 2019] Local assembling k = 79 ---
cmd: /usr/local/bin/megahit_asm_core local -c //tmp/SRR606249_subset10_trim30.megahit/intermediate_contigs/k79.contigs.fa -l //tmp/SRR606249_subset10_trim30.megahit/tmp/reads.lib -t 1 -o //tmp/SRR606249_subset10_trim30.megahit/intermediate_contigs/k79.local.fa --kmax 99
b'    [local_assembler.cpp       :  89]     Number of contigs: 134070, Mapper size: 14761370'
b'    [read_lib_functions-inl.h  : 256]     Before reading, sizeof seq_package: 317293740'
b'    [read_lib_functions-inl.h  : 260]     After reading, sizeof seq_package: 317293740'
b'    [local_assembler.cpp       : 330]     Lib 0, insert size: 206.21 sd: 29.46'
b'    [local_assembler.cpp       : 462]     Lib 0: total 10088568 reads, aligned 8398410, added 471263 reads for local assembly'
b'    [utils.h                   : 126]     Real: 290.7874\tuser: 290.3169\tsys: 0.4199\tmaxrss: 939828'
--- [Fri Mar 29 02:27:20 2019] Extracting iterative edges from k = 79 to 99 ---
cmd: /usr/local/bin/megahit_asm_core iterate -c //tmp/SRR606249_subset10_trim30.megahit/intermediate_contigs/k79.contigs.fa -b //tmp/SRR606249_subset10_trim30.megahit/intermediate_contigs/k79.bubble_seq.fa -t 1 -k 79 -s 20 -o //tmp/SRR606249_subset10_trim30.megahit/tmp/k99/99 -r //tmp/SRR606249_subset10_trim30.megahit/tmp/reads.lib.bin -f binary
b'    [iterate_edges.cpp         : 570]     Number of crusial kmers: 10261'
b'    [iterate_edges.cpp         : 570]     Number of crusial kmers: 28176'
b'    [iterate_edges.cpp         : 447]     Total: 10088568, aligned: 29294. Iterative edges: 42329'
b'    [iterate_edges.cpp         : 451]     Writing iterative edges...'
b'    [utils.h                   : 126]     Real: 36.2471\tuser: 36.5864\tsys: 0.2160\tmaxrss: 294316'
--- [Fri Mar 29 02:27:57 2019] Building graph for k = 99 ---
/usr/local/bin/megahit_sdbg_build seq2sdbg --host_mem 60785009049 --mem_flag 1 --gpu_mem 0 --output_prefix //tmp/SRR606249_subset10_trim30.megahit/tmp/k99/99 --num_cpu_threads 1 -k 99 --kmer_from 79 --num_edge_files 1 --input_prefix //tmp/SRR606249_subset10_trim30.megahit/tmp/k99/99 --addi_contig //tmp/SRR606249_subset10_trim30.megahit/intermediate_contigs/k79.addi.fa --local_contig //tmp/SRR606249_subset10_trim30.megahit/intermediate_contigs/k79.local.fa --contig //tmp/SRR606249_subset10_trim30.megahit/intermediate_contigs/k79.contigs.fa --bubble //tmp/SRR606249_subset10_trim30.megahit/intermediate_contigs/k79.bubble_seq.fa
b'    [sdbg_builder.cpp          : 339]     Host memory to be used: 60785009049'
b'    [sdbg_builder.cpp          : 340]     Number CPU threads: 1'
b'    [cx1.h                     : 450]     Preparing data...'
b'    [cx1_seq2sdbg.cpp          : 394]     Number edges: 42329'
b'    [cx1_seq2sdbg.cpp          : 434]     Bases to reserve: 66628626, number contigs: 66871, number multiplicity: 109200'
b'    [cx1_seq2sdbg.cpp          : 440]     Before reading, sizeof seq_package: 17192136, multiplicity vector: 109200'
b'    [cx1_seq2sdbg.cpp          : 529]     After reading, sizeof seq_package: 68768544, multiplicity vector: 436800'
b'    [cx1.h                     : 457]     Preparing data... Done. Time elapsed: 0.5169'
b'    [cx1.h                     : 464]     Preparing partitions and initialing global data...'
b'    [cx1_seq2sdbg.cpp          : 740]     Memory for sequence: 70372888'
b'    [cx1_seq2sdbg.cpp          : 741]     max # lv.1 items = 33539724'
b'    [cx1.h                     : 480]     Preparing partitions and initialing global data... Done. Time elapsed: 1.4287'
b'    [cx1.h                     : 486]     Start main loop...'
b'    [cx1.h                     : 515]     Lv1 scanning from bucket 0 to 3427'
b'    [cx1.h                     : 528]     Lv1 scanning done. Large diff: 0. Time elapsed: 1.5867'
b'    [cx1.h                     : 594]     Lv1 fetching & sorting done. Time elapsed: 8.4754'
b'    [cx1.h                     : 515]     Lv1 scanning from bucket 3427 to 8519'
b'    [cx1.h                     : 528]     Lv1 scanning done. Large diff: 0. Time elapsed: 1.7783'
b'    [cx1.h                     : 594]     Lv1 fetching & sorting done. Time elapsed: 8.7528'
b'    [cx1.h                     : 515]     Lv1 scanning from bucket 8519 to 14727'
b'    [cx1.h                     : 528]     Lv1 scanning done. Large diff: 0. Time elapsed: 1.9162'
b'    [cx1.h                     : 594]     Lv1 fetching & sorting done. Time elapsed: 8.7158'
b'    [cx1.h                     : 515]     Lv1 scanning from bucket 14727 to 22060'
b'    [cx1.h                     : 528]     Lv1 scanning done. Large diff: 0. Time elapsed: 1.9362'
b'    [cx1.h                     : 594]     Lv1 fetching & sorting done. Time elapsed: 8.7971'
b'    [cx1.h                     : 515]     Lv1 scanning from bucket 22060 to 30726'
b'    [cx1.h                     : 528]     Lv1 scanning done. Large diff: 0. Time elapsed: 2.0012'
b'    [cx1.h                     : 594]     Lv1 fetching & sorting done. Time elapsed: 8.6389'
b'    [cx1.h                     : 515]     Lv1 scanning from bucket 30726 to 41171'
b'    [cx1.h                     : 528]     Lv1 scanning done. Large diff: 0. Time elapsed: 2.0644'
b'    [cx1.h                     : 594]     Lv1 fetching & sorting done. Time elapsed: 8.6765'
b'    [cx1.h                     : 515]     Lv1 scanning from bucket 41171 to 54885'
b'    [cx1.h                     : 528]     Lv1 scanning done. Large diff: 0. Time elapsed: 2.0655'
b'    [cx1.h                     : 594]     Lv1 fetching & sorting done. Time elapsed: 8.7553'
b'    [cx1.h                     : 515]     Lv1 scanning from bucket 54885 to 65536'
b'    [cx1.h                     : 528]     Lv1 scanning done. Large diff: 0. Time elapsed: 1.3853'
b'    [cx1.h                     : 594]     Lv1 fetching & sorting done. Time elapsed: 4.0190'
b'    [cx1.h                     : 607]     Main loop done. Time elapsed: 79.5652'
b'    [cx1.h                     : 613]     Postprocessing...'
b'    [cx1_seq2sdbg.cpp          :1139]     Number of $ A C G T A- C- G- T-:'
b'    [cx1_seq2sdbg.cpp          :1142]     276836 55825844 53532111 53785511 55801310 1350 1535 1585 1295'
b'    [cx1_seq2sdbg.cpp          :1151]     Total number of edges: 219227377'
b'    [cx1_seq2sdbg.cpp          :1152]     Total number of ONEs: 218944776'
b'    [cx1_seq2sdbg.cpp          :1153]     Total number of $v edges: 276836'
b'    [cx1.h                     : 621]     Postprocess done. Time elapsed: 0.0269'
b'    [utils.h                   : 126]     Real: 81.5379\tuser: 80.8597\tsys: 0.6599\tmaxrss: 189864'
--- [Fri Mar 29 02:29:18 2019] Assembling contigs from SdBG for k = 99 ---
cmd: /usr/local/bin/megahit_asm_core assemble -s //tmp/SRR606249_subset10_trim30.megahit/tmp/k99/99 -o //tmp/SRR606249_subset10_trim30.megahit/intermediate_contigs/k99 -t 1 --min_standalone 300.0 --prune_level 2 --merge_len 20 --merge_similar 0.95 --low_local_ratio 0.2 --min_depth 2 --bubble_level 2 --max_tip_len -1 --careful_bubble
b'    [assembler.cpp             : 148]     Loading succinct de Bruijn graph: //tmp/SRR606249_subset10_trim30.megahit/tmp/k99/99 Done. Time elapsed: 2.510982'
b'    [assembler.cpp             : 152]     Number of Edges: 219227377; K value: 99'
b'    [assembler.cpp             : 162]     Number of CPU threads: 1'
b'    [assembly_algorithms.cpp   : 162]     Removing tips with length less than 2; Accumulated tips removed: 584; time elapsed: 15.6119'
b'    [assembly_algorithms.cpp   : 162]     Removing tips with length less than 4; Accumulated tips removed: 10674; time elapsed: 16.4361'
b'    [assembly_algorithms.cpp   : 162]     Removing tips with length less than 8; Accumulated tips removed: 12414; time elapsed: 17.9469'
b'    [assembly_algorithms.cpp   : 162]     Removing tips with length less than 16; Accumulated tips removed: 13098; time elapsed: 21.0371'
b'    [assembly_algorithms.cpp   : 162]     Removing tips with length less than 32; Accumulated tips removed: 14166; time elapsed: 26.9809'
b'    [assembly_algorithms.cpp   : 162]     Removing tips with length less than 64; Accumulated tips removed: 16878; time elapsed: 38.4558'
b'    [assembly_algorithms.cpp   : 162]     Removing tips with length less than 128; Accumulated tips removed: 19906; time elapsed: 60.6346'
b'    [assembly_algorithms.cpp   : 170]     Removing tips with length less than 198; Accumulated tips removed: 67560; time elapsed: 78.9350'
b'    [assembler.cpp             : 179]     Tips removal done! Time elapsed(sec): 276.046412'
b'    [assembler.cpp             : 188]     unitig graph size: 110751, time for building: 198.335529'
b'    [assembler.cpp             : 211]     Number of bubbles removed: 192, Time elapsed(sec): 0.364583'
b'    [assembler.cpp             : 225]     Number of complex bubbles removed: 139, Time elapsed(sec): 1.100082'
b'    [assembler.cpp             : 243]     Number unitigs disconnected: 335, time: 0.195283'
b'    [assembler.cpp             : 265]     Unitigs removed in excessive pruning: 91, time: 0.107006'
b'    [assembler.cpp             : 200]     Tips removed: 4, time: 0.725115'
b'    [assembler.cpp             : 211]     Number of bubbles removed: 2, Time elapsed(sec): 0.186278'
b'    [assembler.cpp             : 225]     Number of complex bubbles removed: 11, Time elapsed(sec): 0.531078'
b'    [assembler.cpp             : 243]     Number unitigs disconnected: 16, time: 0.194940'
b'    [assembler.cpp             : 265]     Unitigs removed in excessive pruning: 1, time: 0.104925'
b'    [assembler.cpp             : 200]     Tips removed: 10, time: 0.728237'
b'    [assembler.cpp             : 211]     Number of bubbles removed: 0, Time elapsed(sec): 0.187337'
b'    [assembler.cpp             : 225]     Number of complex bubbles removed: 2, Time elapsed(sec): 0.490264'
b'    [assembler.cpp             : 243]     Number unitigs disconnected: 0, time: 0.194464'
b'    [assembler.cpp             : 265]     Unitigs removed in excessive pruning: 0, time: 0.003003'
b'    [assembler.cpp             : 200]     Tips removed: 0, time: 0.725457'
b'    [assembler.cpp             : 211]     Number of bubbles removed: 0, Time elapsed(sec): 0.184344'
b'    [assembler.cpp             : 225]     Number of complex bubbles removed: 0, Time elapsed(sec): 0.468064'
b'    [assembler.cpp             : 243]     Number unitigs disconnected: 0, time: 0.193230'
b'    [assembler.cpp             : 265]     Unitigs removed in excessive pruning: 0, time: 0.003011'
b'    [assembler.cpp             : 132]     Total length: 115959135, N50: 1630, Mean: 1058, number of contigs: 109565'
b'    [assembler.cpp             : 133]     Maximum length: 194669'
b'    [assembler.cpp             : 290]     Time to output: 72.159265'
b'    [assembler.cpp             : 317]     Number of local low depth unitigs removed: 96, complex bubbles removed: 7, time: 0.408017'
b'    [assembler.cpp             : 132]     Total length: 15220577, N50: 13665, Mean: 3349, number of contigs: 4544'
b'    [assembler.cpp             : 133]     Maximum length: 194669'
b'    [utils.h                   : 126]     Real: 565.9829\tuser: 565.1981\tsys: 0.6839\tmaxrss: 475052'
--- [Fri Mar 29 02:38:44 2019] Local assembling k = 99 ---
cmd: /usr/local/bin/megahit_asm_core local -c //tmp/SRR606249_subset10_trim30.megahit/intermediate_contigs/k99.contigs.fa -l //tmp/SRR606249_subset10_trim30.megahit/tmp/reads.lib -t 1 -o //tmp/SRR606249_subset10_trim30.megahit/intermediate_contigs/k99.local.fa --kmax 119
b'    [local_assembler.cpp       :  89]     Number of contigs: 108659, Mapper size: 14087133'
b'    [read_lib_functions-inl.h  : 256]     Before reading, sizeof seq_package: 317293740'
b'    [read_lib_functions-inl.h  : 260]     After reading, sizeof seq_package: 317293740'
b'    [local_assembler.cpp       : 330]     Lib 0, insert size: 206.39 sd: 29.51'
b'    [local_assembler.cpp       : 462]     Lib 0: total 10088568 reads, aligned 8181752, added 364273 reads for local assembly'
b'    [utils.h                   : 126]     Real: 268.8509\tuser: 268.4322\tsys: 0.3709\tmaxrss: 885016'
--- [Fri Mar 29 02:43:13 2019] Extracting iterative edges from k = 99 to 119 ---
cmd: /usr/local/bin/megahit_asm_core iterate -c //tmp/SRR606249_subset10_trim30.megahit/intermediate_contigs/k99.contigs.fa -b //tmp/SRR606249_subset10_trim30.megahit/intermediate_contigs/k99.bubble_seq.fa -t 1 -k 99 -s 20 -o //tmp/SRR606249_subset10_trim30.megahit/tmp/k119/119 -r //tmp/SRR606249_subset10_trim30.megahit/tmp/reads.lib.bin -f binary
b'    [iterate_edges.cpp         : 570]     Number of crusial kmers: 967'
b'    [iterate_edges.cpp         : 570]     Number of crusial kmers: 9555'
b'    [iterate_edges.cpp         : 447]     Total: 10088568, aligned: 0. Iterative edges: 0'
b'    [utils.h                   : 126]     Real: 1.1429\tuser: 0.9629\tsys: 0.2180\tmaxrss: 293308'
--- [Fri Mar 29 02:43:14 2019] Building graph for k = 119 ---
/usr/local/bin/megahit_sdbg_build seq2sdbg --host_mem 60785009049 --mem_flag 1 --gpu_mem 0 --output_prefix //tmp/SRR606249_subset10_trim30.megahit/tmp/k119/119 --num_cpu_threads 1 -k 119 --kmer_from 99 --num_edge_files 1 --addi_contig //tmp/SRR606249_subset10_trim30.megahit/intermediate_contigs/k99.addi.fa --local_contig //tmp/SRR606249_subset10_trim30.megahit/intermediate_contigs/k99.local.fa --contig //tmp/SRR606249_subset10_trim30.megahit/intermediate_contigs/k99.contigs.fa --bubble //tmp/SRR606249_subset10_trim30.megahit/intermediate_contigs/k99.bubble_seq.fa
b'    [sdbg_builder.cpp          : 339]     Host memory to be used: 60785009049'
b'    [sdbg_builder.cpp          : 340]     Number CPU threads: 1'
b'    [cx1.h                     : 450]     Preparing data...'
b'    [cx1_seq2sdbg.cpp          : 434]     Bases to reserve: 41243270, number contigs: 40867, number multiplicity: 40867'
b'    [cx1_seq2sdbg.cpp          : 440]     Before reading, sizeof seq_package: 10637764, multiplicity vector: 40867'
b'    [cx1_seq2sdbg.cpp          : 529]     After reading, sizeof seq_package: 42551056, multiplicity vector: 163468'
b'    [cx1.h                     : 457]     Preparing data... Done. Time elapsed: 0.4406'
b'    [cx1.h                     : 464]     Preparing partitions and initialing global data...'
b'    [cx1_seq2sdbg.cpp          : 740]     Memory for sequence: 43826884'
b'    [cx1_seq2sdbg.cpp          : 741]     max # lv.1 items = 29501949'
b'    [cx1.h                     : 480]     Preparing partitions and initialing global data... Done. Time elapsed: 1.3061'
b'    [cx1.h                     : 486]     Start main loop...'
b'    [cx1.h                     : 515]     Lv1 scanning from bucket 0 to 3416'
b'    [cx1.h                     : 528]     Lv1 scanning done. Large diff: 0. Time elapsed: 1.4415'
b'    [cx1.h                     : 594]     Lv1 fetching & sorting done. Time elapsed: 7.5513'
b'    [cx1.h                     : 515]     Lv1 scanning from bucket 3416 to 8546'
b'    [cx1.h                     : 528]     Lv1 scanning done. Large diff: 0. Time elapsed: 1.5942'
b'    [cx1.h                     : 594]     Lv1 fetching & sorting done. Time elapsed: 7.7106'
b'    [cx1.h                     : 515]     Lv1 scanning from bucket 8546 to 14804'
b'    [cx1.h                     : 528]     Lv1 scanning done. Large diff: 0. Time elapsed: 1.6625'
b'    [cx1.h                     : 594]     Lv1 fetching & sorting done. Time elapsed: 7.7061'
b'    [cx1.h                     : 515]     Lv1 scanning from bucket 14804 to 22189'
b'    [cx1.h                     : 528]     Lv1 scanning done. Large diff: 0. Time elapsed: 1.7109'
b'    [cx1.h                     : 594]     Lv1 fetching & sorting done. Time elapsed: 7.7475'
b'    [cx1.h                     : 515]     Lv1 scanning from bucket 22189 to 30909'
b'    [cx1.h                     : 528]     Lv1 scanning done. Large diff: 0. Time elapsed: 1.7414'
b'    [cx1.h                     : 594]     Lv1 fetching & sorting done. Time elapsed: 7.7349'
b'    [cx1.h                     : 515]     Lv1 scanning from bucket 30909 to 41399'
b'    [cx1.h                     : 528]     Lv1 scanning done. Large diff: 0. Time elapsed: 1.7777'
b'    [cx1.h                     : 594]     Lv1 fetching & sorting done. Time elapsed: 7.6951'
b'    [cx1.h                     : 515]     Lv1 scanning from bucket 41399 to 55147'
b'    [cx1.h                     : 528]     Lv1 scanning done. Large diff: 0. Time elapsed: 1.7818'
b'    [cx1.h                     : 594]     Lv1 fetching & sorting done. Time elapsed: 7.7134'
b'    [cx1.h                     : 515]     Lv1 scanning from bucket 55147 to 65536'
b'    [cx1.h                     : 528]     Lv1 scanning done. Large diff: 0. Time elapsed: 1.2285'
b'    [cx1.h                     : 594]     Lv1 fetching & sorting done. Time elapsed: 3.4465'
b'    [cx1.h                     : 607]     Main loop done. Time elapsed: 70.2443'
b'    [cx1.h                     : 613]     Postprocessing...'
b'    [cx1_seq2sdbg.cpp          :1139]     Number of $ A C G T A- C- G- T-:'
b'    [cx1_seq2sdbg.cpp          :1142]     214073 52743007 50410128 50635561 52709576 612 630 545 656'
b'    [cx1_seq2sdbg.cpp          :1151]     Total number of edges: 206714788'
b'    [cx1_seq2sdbg.cpp          :1152]     Total number of ONEs: 206498272'
b'    [cx1_seq2sdbg.cpp          :1153]     Total number of $v edges: 214073'
b'    [cx1.h                     : 621]     Postprocess done. Time elapsed: 0.0268'
b'    [utils.h                   : 126]     Real: 72.0182\tuser: 71.3192\tsys: 0.6829\tmaxrss: 165056'
--- [Fri Mar 29 02:44:26 2019] Assembling contigs from SdBG for k = 119 ---
cmd: /usr/local/bin/megahit_asm_core assemble -s //tmp/SRR606249_subset10_trim30.megahit/tmp/k119/119 -o //tmp/SRR606249_subset10_trim30.megahit/intermediate_contigs/k119 -t 1 --min_standalone 300.0 --prune_level 2 --merge_len 20 --merge_similar 0.95 --low_local_ratio 0.2 --min_depth 2 --bubble_level 2 --max_tip_len 182.0 --is_final_round
b'    [assembler.cpp             : 148]     Loading succinct de Bruijn graph: //tmp/SRR606249_subset10_trim30.megahit/tmp/k119/119 Done. Time elapsed: 2.389279'
b'    [assembler.cpp             : 152]     Number of Edges: 206714788; K value: 119'
b'    [assembler.cpp             : 162]     Number of CPU threads: 1'
b'    [assembly_algorithms.cpp   : 162]     Removing tips with length less than 2; Accumulated tips removed: 44; time elapsed: 14.6411'
b'    [assembly_algorithms.cpp   : 162]     Removing tips with length less than 4; Accumulated tips removed: 86; time elapsed: 15.3124'
b'    [assembly_algorithms.cpp   : 162]     Removing tips with length less than 8; Accumulated tips removed: 216; time elapsed: 16.5554'
b'    [assembly_algorithms.cpp   : 162]     Removing tips with length less than 16; Accumulated tips removed: 400; time elapsed: 19.0371'
b'    [assembly_algorithms.cpp   : 162]     Removing tips with length less than 32; Accumulated tips removed: 776; time elapsed: 23.8853'
b'    [assembly_algorithms.cpp   : 162]     Removing tips with length less than 64; Accumulated tips removed: 1430; time elapsed: 33.2214'
b'    [assembly_algorithms.cpp   : 162]     Removing tips with length less than 128; Accumulated tips removed: 2136; time elapsed: 51.6097'
b'    [assembly_algorithms.cpp   : 170]     Removing tips with length less than 182; Accumulated tips removed: 5524; time elapsed: 66.4274'
b'    [assembler.cpp             : 179]     Tips removal done! Time elapsed(sec): 240.697848'
b'    [assembler.cpp             : 188]     unitig graph size: 107319, time for building: 193.263255'
b'    [assembler.cpp             : 211]     Number of bubbles removed: 52, Time elapsed(sec): 0.182225'
b'    [assembler.cpp             : 225]     Number of complex bubbles removed: 48, Time elapsed(sec): 0.421496'
b'    [assembler.cpp             : 243]     Number unitigs disconnected: 140, time: 0.187797'
b'    [assembler.cpp             : 265]     Unitigs removed in excessive pruning: 29, time: 0.099655'
b'    [assembler.cpp             : 200]     Tips removed: 1, time: 0.680196'
b'    [assembler.cpp             : 211]     Number of bubbles removed: 0, Time elapsed(sec): 0.176242'
b'    [assembler.cpp             : 225]     Number of complex bubbles removed: 1, Time elapsed(sec): 0.384348'
b'    [assembler.cpp             : 243]     Number unitigs disconnected: 10, time: 0.194652'
b'    [assembler.cpp             : 265]     Unitigs removed in excessive pruning: 1, time: 0.098798'
b'    [assembler.cpp             : 200]     Tips removed: 3, time: 0.677940'
b'    [assembler.cpp             : 211]     Number of bubbles removed: 0, Time elapsed(sec): 0.181375'
b'    [assembler.cpp             : 225]     Number of complex bubbles removed: 0, Time elapsed(sec): 0.376850'
b'    [assembler.cpp             : 243]     Number unitigs disconnected: 0, time: 0.199470'
b'    [assembler.cpp             : 265]     Unitigs removed in excessive pruning: 0, time: 0.002940'
b'    [assembler.cpp             : 317]     Number of local low depth unitigs removed: 44, complex bubbles removed: 2, time: 0.720186'
b'    [assembler.cpp             : 132]     Total length: 115483564, N50: 1669, Mean: 1080, number of contigs: 106851'
b'    [assembler.cpp             : 133]     Maximum length: 212072'
b'    [utils.h                   : 126]     Real: 511.5208\tuser: 510.7793\tsys: 0.6469\tmaxrss: 448116'
--- [Fri Mar 29 02:52:58 2019] Merging to output final contigs ---
--- [STAT] 106498 contigs, total 115429318 bp, min 200 bp, max 212072 bp, avg 1084 bp, N50 1672 bp
--- [Fri Mar 29 02:52:58 2019] ALL DONE. Time elapsed: 8155.087878 seconds ---
